--------------- Build Started: 12/11/2019 08:48:54 Project: spi_slave, Configuration: ARM GCC 5.4-2016-q2-update Debug ---------------
cydsfit.exe -.appdatapath "C:\Users\sebbe\AppData\Local\Cypress Semiconductor\PSoC Creator\4.2" -.fdsnotice -.fdswarpdepfile=warp_dependencies.txt -.fdselabdepfile=elab_dependencies.txt -.fdsbldfile=generated_files.txt -.fdsreffile=referenced_files.txt -p C:\Users\sebbe\Desktop\spi_slave_v15\sensor_reading_unit\spi_slave.cydsn\spi_slave.cyprj -d CY8C5888LTI-LP097 -s C:\Users\sebbe\Desktop\spi_slave_v15\sensor_reading_unit\spi_slave.cydsn\Generated_Source\PSoC5 -- -yv2 -q10 -ygs -o2 -v3 -.fftcfgtype=LE
Elaborating Design...
HDL Generation...
Synthesis...
Tech Mapping...
Analog Placement...
Analog Routing...
Analog Code Generation...
Digital Placement...
Digital Routing...
Bitstream Generation...
Bitstream Verification...
Static timing analysis...
API Generation...
Dependency Generation...
Cleanup...
arm-none-eabi-gcc.exe -mcpu=cortex-m3 -mthumb -I. -IGenerated_Source\PSoC5 -Wa,-alh=.\CortexM3\ARM_GCC_541\Debug/main.lst -g -D DEBUG -D CY_CORE_ID=0 -Wall -ffunction-sections -ffat-lto-objects -Og -c main.c -o .\CortexM3\ARM_GCC_541\Debug\main.o
arm-none-eabi-gcc.exe -mcpu=cortex-m3 -mthumb -I. -IGenerated_Source\PSoC5 -Wa,-alh=.\CortexM3\ARM_GCC_541\Debug/SPI.lst -g -D DEBUG -D CY_CORE_ID=0 -Wall -ffunction-sections -ffat-lto-objects -Og -c SPI.c -o .\CortexM3\ARM_GCC_541\Debug\SPI.o
arm-none-eabi-gcc.exe -mcpu=cortex-m3 -mthumb -I. -IGenerated_Source\PSoC5 -Wa,-alh=.\CortexM3\ARM_GCC_541\Debug/lockUnit.lst -g -D DEBUG -D CY_CORE_ID=0 -Wall -ffunction-sections -ffat-lto-objects -Og -c lockUnit.c -o .\CortexM3\ARM_GCC_541\Debug\lockUnit.o
arm-none-eabi-gcc.exe -mcpu=cortex-m3 -mthumb -I. -IGenerated_Source\PSoC5 -Wa,-alh=.\CortexM3\ARM_GCC_541\Debug/wheelSensor.lst -g -D DEBUG -D CY_CORE_ID=0 -Wall -ffunction-sections -ffat-lto-objects -Og -c wheelSensor.c -o .\CortexM3\ARM_GCC_541\Debug\wheelSensor.o
arm-none-eabi-gcc.exe -mcpu=cortex-m3 -mthumb -I. -IGenerated_Source\PSoC5 -Wa,-alh=.\CortexM3\ARM_GCC_541\Debug/UART.lst -g -D DEBUG -D CY_CORE_ID=0 -Wall -ffunction-sections -ffat-lto-objects -Og -c UART.c -o .\CortexM3\ARM_GCC_541\Debug\UART.o
arm-none-eabi-gcc.exe -mcpu=cortex-m3 -mthumb -I. -IGenerated_Source\PSoC5 -Wa,-alh=.\CortexM3\ARM_GCC_541\Debug/Accelerometer.lst -g -D DEBUG -D CY_CORE_ID=0 -Wall -ffunction-sections -ffat-lto-objects -Og -c Accelerometer.c -o .\CortexM3\ARM_GCC_541\Debug\Accelerometer.o
arm-none-eabi-gcc.exe -mcpu=cortex-m3 -mthumb -I. -IGenerated_Source\PSoC5 -Wa,-alh=.\CortexM3\ARM_GCC_541\Debug/EDBikeProtocol.lst -g -D DEBUG -D CY_CORE_ID=0 -Wall -ffunction-sections -ffat-lto-objects -Og -c EDBikeProtocol.c -o .\CortexM3\ARM_GCC_541\Debug\EDBikeProtocol.o
arm-none-eabi-gcc.exe -mcpu=cortex-m3 -mthumb -I. -IGenerated_Source\PSoC5 -Wa,-alh=.\CortexM3\ARM_GCC_541\Debug/SPIprotocol.lst -g -D DEBUG -D CY_CORE_ID=0 -Wall -ffunction-sections -ffat-lto-objects -Og -c SPIprotocol.c -o .\CortexM3\ARM_GCC_541\Debug\SPIprotocol.o
arm-none-eabi-gcc.exe -mcpu=cortex-m3 -mthumb -I. -IGenerated_Source\PSoC5 -Wa,-alh=.\CortexM3\ARM_GCC_541\Debug/AccelerometerTimer.lst -g -D DEBUG -D CY_CORE_ID=0 -Wall -ffunction-sections -ffat-lto-objects -Og -c Generated_Source\PSoC5\AccelerometerTimer.c -o .\CortexM3\ARM_GCC_541\Debug\AccelerometerTimer.o
arm-none-eabi-gcc.exe -mcpu=cortex-m3 -mthumb -I. -IGenerated_Source\PSoC5 -Wa,-alh=.\CortexM3\ARM_GCC_541\Debug/AccelerometerTimer_PM.lst -g -D DEBUG -D CY_CORE_ID=0 -Wall -ffunction-sections -ffat-lto-objects -Og -c Generated_Source\PSoC5\AccelerometerTimer_PM.c -o .\CortexM3\ARM_GCC_541\Debug\AccelerometerTimer_PM.o
arm-none-eabi-ar.exe -rs .\CortexM3\ARM_GCC_541\Debug\spi_slave.a .\CortexM3\ARM_GCC_541\Debug\mosi.o .\CortexM3\ARM_GCC_541\Debug\sclk.o .\CortexM3\ARM_GCC_541\Debug\ss.o .\CortexM3\ARM_GCC_541\Debug\miso.o .\CortexM3\ARM_GCC_541\Debug\CyDmac.o .\CortexM3\ARM_GCC_541\Debug\CyFlash.o .\CortexM3\ARM_GCC_541\Debug\CyLib.o .\CortexM3\ARM_GCC_541\Debug\cyPm.o .\CortexM3\ARM_GCC_541\Debug\CySpc.o .\CortexM3\ARM_GCC_541\Debug\cyutils.o .\CortexM3\ARM_GCC_541\Debug\cy_em_eeprom.o .\CortexM3\ARM_GCC_541\Debug\SPI_slave.o .\CortexM3\ARM_GCC_541\Debug\SPI_slave_PM.o .\CortexM3\ARM_GCC_541\Debug\SPI_slave_INT.o .\CortexM3\ARM_GCC_541\Debug\SPI_slave_BOOT.o .\CortexM3\ARM_GCC_541\Debug\SPI_slave_IntClock.o .\CortexM3\ARM_GCC_541\Debug\slave_rx_interrupt.o .\CortexM3\ARM_GCC_541\Debug\LED_pin.o .\CortexM3\ARM_GCC_541\Debug\UART_rx_interrupt.o .\CortexM3\ARM_GCC_541\Debug\UART_1.o .\CortexM3\ARM_GCC_541\Debug\UART_1_PM.o .\CortexM3\ARM_GCC_541\Debug\UART_1_INT.o .\CortexM3\ARM_GCC_541\Debug\UART_1_BOOT.o .\CortexM3\ARM_GCC_541\Debug\UART_1_IntClock.o .\CortexM3\ARM_GCC_541\Debug\isr_wheel_tick.o .\CortexM3\ARM_GCC_541\Debug\Timer_Isr_BikeIsStopping.o .\CortexM3\ARM_GCC_541\Debug\isr_bike_stopped.o .\CortexM3\ARM_GCC_541\Debug\isr_bike_is_idle.o .\CortexM3\ARM_GCC_541\Debug\isr_bike_is_moving.o .\CortexM3\ARM_GCC_541\Debug\Pin_1_ac_idle.o .\CortexM3\ARM_GCC_541\Debug\Pin_2_ac_moving.o .\CortexM3\ARM_GCC_541\Debug\In_1.o .\CortexM3\ARM_GCC_541\Debug\In_2.o .\CortexM3\ARM_GCC_541\Debug\EA.o .\CortexM3\ARM_GCC_541\Debug\isr_bikelock.o .\CortexM3\ARM_GCC_541\Debug\WheelTickTimer.o .\CortexM3\ARM_GCC_541\Debug\WheelTickTimer_PM.o .\CortexM3\ARM_GCC_541\Debug\timer_clock_3.o .\CortexM3\ARM_GCC_541\Debug\MotorLockTimer.o .\CortexM3\ARM_GCC_541\Debug\MotorLockTimer_PM.o .\CortexM3\ARM_GCC_541\Debug\AccelerometerTimer.o .\CortexM3\ARM_GCC_541\Debug\AccelerometerTimer_PM.o .\CortexM3\ARM_GCC_541\Debug\timer_clock_2.o .\CortexM3\ARM_GCC_541\Debug\Timer_clock_1.o .\CortexM3\ARM_GCC_541\Debug\WheelTickPin.o .\CortexM3\ARM_GCC_541\Debug\CyBootAsmGnu.o
arm-none-eabi-ar.exe: creating .\CortexM3\ARM_GCC_541\Debug\spi_slave.a
arm-none-eabi-gcc.exe -Wl,--start-group -o C:\Users\sebbe\Desktop\spi_slave_v15\sensor_reading_unit\spi_slave.cydsn\CortexM3\ARM_GCC_541\Debug\spi_slave.elf .\CortexM3\ARM_GCC_541\Debug\main.o .\CortexM3\ARM_GCC_541\Debug\SPI.o .\CortexM3\ARM_GCC_541\Debug\lockUnit.o .\CortexM3\ARM_GCC_541\Debug\wheelSensor.o .\CortexM3\ARM_GCC_541\Debug\UART.o .\CortexM3\ARM_GCC_541\Debug\Accelerometer.o .\CortexM3\ARM_GCC_541\Debug\EDBikeProtocol.o .\CortexM3\ARM_GCC_541\Debug\SPIprotocol.o .\CortexM3\ARM_GCC_541\Debug\cyfitter_cfg.o .\CortexM3\ARM_GCC_541\Debug\cymetadata.o .\CortexM3\ARM_GCC_541\Debug\Cm3Start.o .\CortexM3\ARM_GCC_541\Debug\spi_slave.a "C:\Program Files (x86)\Cypress\PSoC Creator\4.2\PSoC Creator\psoc\content\cycomponentlibrary\CyComponentLibrary.cylib\CortexM3\ARM_GCC_541\Debug\CyComponentLibrary.a" -mcpu=cortex-m3 -mthumb -l m -L Generated_Source\PSoC5 -Wl,-Map,.\CortexM3\ARM_GCC_541\Debug/spi_slave.map -T Generated_Source\PSoC5\cm3gcc.ld -specs=nano.specs -u _printf_float -Wl,--gc-sections -g -ffunction-sections -Og -ffat-lto-objects -Wl,--end-group
cyelftool.exe -C C:\Users\sebbe\Desktop\spi_slave_v15\sensor_reading_unit\spi_slave.cydsn\CortexM3\ARM_GCC_541\Debug\spi_slave.elf --flash_row_size 256 --flash_size 262144 --flash_offset 0x00000000
No ELF section .cychecksum found, creating one
Application checksum calculated and stored in ELF section .cychecksum
Checksum calculated and stored in ELF section .cymeta
cyelftool.exe -S C:\Users\sebbe\Desktop\spi_slave_v15\sensor_reading_unit\spi_slave.cydsn\CortexM3\ARM_GCC_541\Debug\spi_slave.elf
Flash used: 14928 of 262144 bytes (5,7 %).
SRAM used: 3121 of 65536 bytes (4,8 %). Stack: 2048 bytes. Heap: 512 bytes.
--------------- Build Succeeded: 12/11/2019 08:49:10 ---------------
