--------------- Clean Started: 12/04/2019 14:48:22 Project: spi_slave, Configuration: ARM GCC 5.4-2016-q2-update Debug ---------------
Deleting file ".\CortexM3\ARM_GCC_541\Debug\main.o"
Deleting file ".\CortexM3\ARM_GCC_541\Debug\SPI.o"
Deleting file ".\CortexM3\ARM_GCC_541\Debug\lockUnit.o"
Deleting file ".\CortexM3\ARM_GCC_541\Debug\wheelSensor.o"
Deleting file ".\CortexM3\ARM_GCC_541\Debug\UART.o"
Deleting file ".\CortexM3\ARM_GCC_541\Debug\Accelerometer.o"
Deleting file ".\CortexM3\ARM_GCC_541\Debug\EDBikeProtocol.o"
Deleting file ".\CortexM3\ARM_GCC_541\Debug\cyfitter_cfg.o"
Deleting file ".\CortexM3\ARM_GCC_541\Debug\cymetadata.o"
Deleting file ".\CortexM3\ARM_GCC_541\Debug\mosi.o"
Deleting file ".\CortexM3\ARM_GCC_541\Debug\sclk.o"
Deleting file ".\CortexM3\ARM_GCC_541\Debug\ss.o"
Deleting file ".\CortexM3\ARM_GCC_541\Debug\miso.o"
Deleting file ".\CortexM3\ARM_GCC_541\Debug\Cm3Start.o"
Deleting file ".\CortexM3\ARM_GCC_541\Debug\CyBootAsmGnu.o"
Deleting file ".\CortexM3\ARM_GCC_541\Debug\CyDmac.o"
Deleting file ".\CortexM3\ARM_GCC_541\Debug\CyFlash.o"
Deleting file ".\CortexM3\ARM_GCC_541\Debug\CyLib.o"
Deleting file ".\CortexM3\ARM_GCC_541\Debug\cyPm.o"
Deleting file ".\CortexM3\ARM_GCC_541\Debug\CySpc.o"
Deleting file ".\CortexM3\ARM_GCC_541\Debug\cyutils.o"
Deleting file ".\CortexM3\ARM_GCC_541\Debug\cy_em_eeprom.o"
Deleting file ".\CortexM3\ARM_GCC_541\Debug\SPI_slave.o"
Deleting file ".\CortexM3\ARM_GCC_541\Debug\SPI_slave_PM.o"
Deleting file ".\CortexM3\ARM_GCC_541\Debug\SPI_slave_INT.o"
Deleting file ".\CortexM3\ARM_GCC_541\Debug\SPI_slave_BOOT.o"
Deleting file ".\CortexM3\ARM_GCC_541\Debug\SPI_slave_IntClock.o"
Deleting file ".\CortexM3\ARM_GCC_541\Debug\slave_rx_interrupt.o"
Deleting file ".\CortexM3\ARM_GCC_541\Debug\LED_pin.o"
Deleting file ".\CortexM3\ARM_GCC_541\Debug\UART_rx_interrupt.o"
Deleting file ".\CortexM3\ARM_GCC_541\Debug\UART_1.o"
Deleting file ".\CortexM3\ARM_GCC_541\Debug\UART_1_PM.o"
Deleting file ".\CortexM3\ARM_GCC_541\Debug\UART_1_INT.o"
Deleting file ".\CortexM3\ARM_GCC_541\Debug\UART_1_BOOT.o"
Deleting file ".\CortexM3\ARM_GCC_541\Debug\BTN.o"
Deleting file ".\CortexM3\ARM_GCC_541\Debug\UART_1_IntClock.o"
Deleting file ".\CortexM3\ARM_GCC_541\Debug\isr_wheel_tick.o"
Deleting file ".\CortexM3\ARM_GCC_541\Debug\Timer_Isr_BikeIsStopping.o"
Deleting file ".\CortexM3\ARM_GCC_541\Debug\isr_bike_stopped.o"
Deleting file ".\CortexM3\ARM_GCC_541\Debug\isr_bike_is_idle.o"
Deleting file ".\CortexM3\ARM_GCC_541\Debug\isr_bike_is_moving.o"
Deleting file ".\CortexM3\ARM_GCC_541\Debug\Pin_1_ac_idle.o"
Deleting file ".\CortexM3\ARM_GCC_541\Debug\Pin_2_ac_moving.o"
Deleting file ".\CortexM3\ARM_GCC_541\Debug\In_1.o"
Deleting file ".\CortexM3\ARM_GCC_541\Debug\In_2.o"
Deleting file ".\CortexM3\ARM_GCC_541\Debug\EA.o"
Deleting file ".\CortexM3\ARM_GCC_541\Debug\isr_bikelock.o"
Deleting file ".\CortexM3\ARM_GCC_541\Debug\WheelTickTimer.o"
Deleting file ".\CortexM3\ARM_GCC_541\Debug\WheelTickTimer_PM.o"
Deleting file ".\CortexM3\ARM_GCC_541\Debug\timer_clock_3.o"
Deleting file ".\CortexM3\ARM_GCC_541\Debug\MotorLockTimer.o"
Deleting file ".\CortexM3\ARM_GCC_541\Debug\MotorLockTimer_PM.o"
Deleting file ".\CortexM3\ARM_GCC_541\Debug\AccelerometerTimer.o"
Deleting file ".\CortexM3\ARM_GCC_541\Debug\AccelerometerTimer_PM.o"
Deleting file ".\CortexM3\ARM_GCC_541\Debug\timer_clock_2.o"
Deleting file ".\CortexM3\ARM_GCC_541\Debug\Timer_clock_1.o"
Deleting file ".\CortexM3\ARM_GCC_541\Debug\WheelTickPin.o"
Deleting file ".\CortexM3\ARM_GCC_541\Debug\spi_slave.hex"
Deleting file ".\CortexM3\ARM_GCC_541\Debug\spi_slave.elf"
Deleting file ".\CortexM3\ARM_GCC_541\Debug\spi_slave.map"
Deleting file ".\spi_slave.cycdx"
Deleting file ".\spi_slave.svd"
Deleting file ".\spi_slave.rpt"
Deleting file ".\spi_slave_timing.html"
Deleting file ".\CortexM3\ARM_GCC_541\Debug\.deps\SOURCE_C__ARM_GCC_GENERIC.P"
Deleting file ".\CortexM3\ARM_GCC_541\Debug\.deps\SOURCE_ASM__ARM_GCC_GENERIC.P"
--------------- Clean Succeeded: 12/04/2019 14:48:24 ---------------
