ARM GAS  C:\Users\sebbe\AppData\Local\Temp\ccSqakRr.s 			page 1


   1              		.syntax unified
   2              		.cpu cortex-m3
   3              		.fpu softvfp
   4              		.eabi_attribute 20, 1
   5              		.eabi_attribute 21, 1
   6              		.eabi_attribute 23, 3
   7              		.eabi_attribute 24, 1
   8              		.eabi_attribute 25, 1
   9              		.eabi_attribute 26, 1
  10              		.eabi_attribute 30, 1
  11              		.eabi_attribute 34, 1
  12              		.eabi_attribute 18, 4
  13              		.thumb
  14              		.syntax unified
  15              		.file	"Accelerometer.c"
  16              		.text
  17              	.Ltext0:
  18              		.cfi_sections	.debug_frame
  19              		.section	.text.init_accelerometer,"ax",%progbits
  20              		.align	2
  21              		.global	init_accelerometer
  22              		.thumb
  23              		.thumb_func
  24              		.type	init_accelerometer, %function
  25              	init_accelerometer:
  26              	.LFB63:
  27              		.file 1 "Accelerometer.c"
   1:Accelerometer.c **** /* ========================================
   2:Accelerometer.c ****  *
   3:Accelerometer.c ****  * Copyright YOUR COMPANY, THE YEAR
   4:Accelerometer.c ****  * All Rights Reserved
   5:Accelerometer.c ****  * UNPUBLISHED, LICENSED SOFTWARE.
   6:Accelerometer.c ****  *
   7:Accelerometer.c ****  * CONFIDENTIAL AND PROPRIETARY INFORMATION
   8:Accelerometer.c ****  * WHICH IS THE PROPERTY OF your company.
   9:Accelerometer.c ****  *
  10:Accelerometer.c ****  * ========================================
  11:Accelerometer.c **** */
  12:Accelerometer.c **** #include "Accelerometer.h"
  13:Accelerometer.c **** 
  14:Accelerometer.c **** void init_accelerometer()
  15:Accelerometer.c **** {
  28              		.loc 1 15 0
  29              		.cfi_startproc
  30              		@ args = 0, pretend = 0, frame = 0
  31              		@ frame_needed = 0, uses_anonymous_args = 0
  32 0000 08B5     		push	{r3, lr}
  33              		.cfi_def_cfa_offset 8
  34              		.cfi_offset 3, -8
  35              		.cfi_offset 14, -4
  16:Accelerometer.c ****     isr_bike_is_idle_StartEx(bike_is_idle_handler);
  36              		.loc 1 16 0
  37 0002 0548     		ldr	r0, .L3
  38 0004 FFF7FEFF 		bl	isr_bike_is_idle_StartEx
  39              	.LVL0:
  17:Accelerometer.c ****     isr_bike_is_moving_StartEx(bike_is_moving_handler);
  40              		.loc 1 17 0
ARM GAS  C:\Users\sebbe\AppData\Local\Temp\ccSqakRr.s 			page 2


  41 0008 0448     		ldr	r0, .L3+4
  42 000a FFF7FEFF 		bl	isr_bike_is_moving_StartEx
  43              	.LVL1:
  18:Accelerometer.c ****     isr_bike_stopped_StartEx(bike_stopped_handler);   
  44              		.loc 1 18 0
  45 000e 0448     		ldr	r0, .L3+8
  46 0010 FFF7FEFF 		bl	isr_bike_stopped_StartEx
  47              	.LVL2:
  48 0014 08BD     		pop	{r3, pc}
  49              	.L4:
  50 0016 00BF     		.align	2
  51              	.L3:
  52 0018 00000000 		.word	bike_is_idle_handler
  53 001c 00000000 		.word	bike_is_moving_handler
  54 0020 00000000 		.word	bike_stopped_handler
  55              		.cfi_endproc
  56              	.LFE63:
  57              		.size	init_accelerometer, .-init_accelerometer
  58              		.section	.text.stopAccelerometerTimer,"ax",%progbits
  59              		.align	2
  60              		.global	stopAccelerometerTimer
  61              		.thumb
  62              		.thumb_func
  63              		.type	stopAccelerometerTimer, %function
  64              	stopAccelerometerTimer:
  65              	.LFB64:
  19:Accelerometer.c **** }
  20:Accelerometer.c **** 
  21:Accelerometer.c **** void stopAccelerometerTimer()
  22:Accelerometer.c **** {
  66              		.loc 1 22 0
  67              		.cfi_startproc
  68              		@ args = 0, pretend = 0, frame = 0
  69              		@ frame_needed = 0, uses_anonymous_args = 0
  70 0000 08B5     		push	{r3, lr}
  71              		.cfi_def_cfa_offset 8
  72              		.cfi_offset 3, -8
  73              		.cfi_offset 14, -4
  23:Accelerometer.c ****     //AccelerometerTimer_Stop();
  24:Accelerometer.c ****     AccelerometerTimer_Sleep();
  74              		.loc 1 24 0
  75 0002 FFF7FEFF 		bl	AccelerometerTimer_Sleep
  76              	.LVL3:
  77 0006 08BD     		pop	{r3, pc}
  78              		.cfi_endproc
  79              	.LFE64:
  80              		.size	stopAccelerometerTimer, .-stopAccelerometerTimer
  81              		.section	.text.startAccelerometerTimer,"ax",%progbits
  82              		.align	2
  83              		.global	startAccelerometerTimer
  84              		.thumb
  85              		.thumb_func
  86              		.type	startAccelerometerTimer, %function
  87              	startAccelerometerTimer:
  88              	.LFB65:
  25:Accelerometer.c **** }
  26:Accelerometer.c **** 
ARM GAS  C:\Users\sebbe\AppData\Local\Temp\ccSqakRr.s 			page 3


  27:Accelerometer.c **** void startAccelerometerTimer()
  28:Accelerometer.c **** {
  89              		.loc 1 28 0
  90              		.cfi_startproc
  91              		@ args = 0, pretend = 0, frame = 0
  92              		@ frame_needed = 0, uses_anonymous_args = 0
  93 0000 08B5     		push	{r3, lr}
  94              		.cfi_def_cfa_offset 8
  95              		.cfi_offset 3, -8
  96              		.cfi_offset 14, -4
  29:Accelerometer.c ****     AccelerometerTimer_Start();
  97              		.loc 1 29 0
  98 0002 FFF7FEFF 		bl	AccelerometerTimer_Start
  99              	.LVL4:
 100 0006 08BD     		pop	{r3, pc}
 101              		.cfi_endproc
 102              	.LFE65:
 103              		.size	startAccelerometerTimer, .-startAccelerometerTimer
 104              		.section	.text.resetAccelerometerTimer,"ax",%progbits
 105              		.align	2
 106              		.global	resetAccelerometerTimer
 107              		.thumb
 108              		.thumb_func
 109              		.type	resetAccelerometerTimer, %function
 110              	resetAccelerometerTimer:
 111              	.LFB66:
  30:Accelerometer.c **** }
  31:Accelerometer.c **** 
  32:Accelerometer.c **** void resetAccelerometerTimer()
  33:Accelerometer.c **** {
 112              		.loc 1 33 0
 113              		.cfi_startproc
 114              		@ args = 0, pretend = 0, frame = 0
 115              		@ frame_needed = 0, uses_anonymous_args = 0
 116 0000 08B5     		push	{r3, lr}
 117              		.cfi_def_cfa_offset 8
 118              		.cfi_offset 3, -8
 119              		.cfi_offset 14, -4
  34:Accelerometer.c ****     AccelerometerTimer_WriteCounter(300000);
 120              		.loc 1 34 0
 121 0002 0248     		ldr	r0, .L11
 122 0004 FFF7FEFF 		bl	AccelerometerTimer_WriteCounter
 123              	.LVL5:
 124 0008 08BD     		pop	{r3, pc}
 125              	.L12:
 126 000a 00BF     		.align	2
 127              	.L11:
 128 000c E0930400 		.word	300000
 129              		.cfi_endproc
 130              	.LFE66:
 131              		.size	resetAccelerometerTimer, .-resetAccelerometerTimer
 132              		.text
 133              	.Letext0:
 134              		.file 2 "c:\\program files (x86)\\cypress\\psoc creator\\4.2\\psoc creator\\import\\gnu\\arm\\5.4.
 135              		.file 3 "c:\\program files (x86)\\cypress\\psoc creator\\4.2\\psoc creator\\import\\gnu\\arm\\5.4.
 136              		.file 4 "Generated_Source\\PSoC5/isr_bike_is_idle.h"
 137              		.file 5 "Generated_Source\\PSoC5/isr_bike_is_moving.h"
ARM GAS  C:\Users\sebbe\AppData\Local\Temp\ccSqakRr.s 			page 4


 138              		.file 6 "Generated_Source\\PSoC5/isr_bike_stopped.h"
 139              		.file 7 "Generated_Source\\PSoC5/AccelerometerTimer.h"
 140              		.file 8 "Generated_Source\\PSoC5/core_cm3.h"
 141              		.section	.debug_info,"",%progbits
 142              	.Ldebug_info0:
 143 0000 8C010000 		.4byte	0x18c
 144 0004 0400     		.2byte	0x4
 145 0006 00000000 		.4byte	.Ldebug_abbrev0
 146 000a 04       		.byte	0x4
 147 000b 01       		.uleb128 0x1
 148 000c D4000000 		.4byte	.LASF26
 149 0010 0C       		.byte	0xc
 150 0011 AE010000 		.4byte	.LASF27
 151 0015 5E000000 		.4byte	.LASF28
 152 0019 00000000 		.4byte	.Ldebug_ranges0+0
 153 001d 00000000 		.4byte	0
 154 0021 00000000 		.4byte	.Ldebug_line0
 155 0025 02       		.uleb128 0x2
 156 0026 01       		.byte	0x1
 157 0027 06       		.byte	0x6
 158 0028 6F020000 		.4byte	.LASF0
 159 002c 02       		.uleb128 0x2
 160 002d 01       		.byte	0x1
 161 002e 08       		.byte	0x8
 162 002f C6000000 		.4byte	.LASF1
 163 0033 02       		.uleb128 0x2
 164 0034 02       		.byte	0x2
 165 0035 05       		.byte	0x5
 166 0036 50020000 		.4byte	.LASF2
 167 003a 02       		.uleb128 0x2
 168 003b 02       		.byte	0x2
 169 003c 07       		.byte	0x7
 170 003d 74010000 		.4byte	.LASF3
 171 0041 03       		.uleb128 0x3
 172 0042 34000000 		.4byte	.LASF9
 173 0046 02       		.byte	0x2
 174 0047 3F       		.byte	0x3f
 175 0048 4C000000 		.4byte	0x4c
 176 004c 02       		.uleb128 0x2
 177 004d 04       		.byte	0x4
 178 004e 05       		.byte	0x5
 179 004f 5A020000 		.4byte	.LASF4
 180 0053 02       		.uleb128 0x2
 181 0054 04       		.byte	0x4
 182 0055 07       		.byte	0x7
 183 0056 62010000 		.4byte	.LASF5
 184 005a 02       		.uleb128 0x2
 185 005b 08       		.byte	0x8
 186 005c 05       		.byte	0x5
 187 005d 24020000 		.4byte	.LASF6
 188 0061 02       		.uleb128 0x2
 189 0062 08       		.byte	0x8
 190 0063 07       		.byte	0x7
 191 0064 CB010000 		.4byte	.LASF7
 192 0068 04       		.uleb128 0x4
 193 0069 04       		.byte	0x4
 194 006a 05       		.byte	0x5
ARM GAS  C:\Users\sebbe\AppData\Local\Temp\ccSqakRr.s 			page 5


 195 006b 696E7400 		.ascii	"int\000"
 196 006f 02       		.uleb128 0x2
 197 0070 04       		.byte	0x4
 198 0071 07       		.byte	0x7
 199 0072 BE010000 		.4byte	.LASF8
 200 0076 03       		.uleb128 0x3
 201 0077 FB010000 		.4byte	.LASF10
 202 007b 03       		.byte	0x3
 203 007c 2C       		.byte	0x2c
 204 007d 41000000 		.4byte	0x41
 205 0081 02       		.uleb128 0x2
 206 0082 04       		.byte	0x4
 207 0083 04       		.byte	0x4
 208 0084 A7000000 		.4byte	.LASF11
 209 0088 02       		.uleb128 0x2
 210 0089 08       		.byte	0x8
 211 008a 04       		.byte	0x4
 212 008b 94010000 		.4byte	.LASF12
 213 008f 02       		.uleb128 0x2
 214 0090 01       		.byte	0x1
 215 0091 08       		.byte	0x8
 216 0092 32020000 		.4byte	.LASF13
 217 0096 02       		.uleb128 0x2
 218 0097 08       		.byte	0x8
 219 0098 04       		.byte	0x4
 220 0099 63020000 		.4byte	.LASF14
 221 009d 02       		.uleb128 0x2
 222 009e 04       		.byte	0x4
 223 009f 07       		.byte	0x7
 224 00a0 03020000 		.4byte	.LASF15
 225 00a4 05       		.uleb128 0x5
 226 00a5 9B010000 		.4byte	.LASF16
 227 00a9 01       		.byte	0x1
 228 00aa 0E       		.byte	0xe
 229 00ab 00000000 		.4byte	.LFB63
 230 00af 24000000 		.4byte	.LFE63-.LFB63
 231 00b3 01       		.uleb128 0x1
 232 00b4 9C       		.byte	0x9c
 233 00b5 D5000000 		.4byte	0xd5
 234 00b9 06       		.uleb128 0x6
 235 00ba 08000000 		.4byte	.LVL0
 236 00be 4D010000 		.4byte	0x14d
 237 00c2 06       		.uleb128 0x6
 238 00c3 0E000000 		.4byte	.LVL1
 239 00c7 58010000 		.4byte	0x158
 240 00cb 06       		.uleb128 0x6
 241 00cc 14000000 		.4byte	.LVL2
 242 00d0 63010000 		.4byte	0x163
 243 00d4 00       		.byte	0
 244 00d5 05       		.uleb128 0x5
 245 00d6 93020000 		.4byte	.LASF17
 246 00da 01       		.byte	0x1
 247 00db 15       		.byte	0x15
 248 00dc 00000000 		.4byte	.LFB64
 249 00e0 08000000 		.4byte	.LFE64-.LFB64
 250 00e4 01       		.uleb128 0x1
 251 00e5 9C       		.byte	0x9c
ARM GAS  C:\Users\sebbe\AppData\Local\Temp\ccSqakRr.s 			page 6


 252 00e6 F4000000 		.4byte	0xf4
 253 00ea 06       		.uleb128 0x6
 254 00eb 06000000 		.4byte	.LVL3
 255 00ef 6E010000 		.4byte	0x16e
 256 00f3 00       		.byte	0
 257 00f4 05       		.uleb128 0x5
 258 00f5 7B020000 		.4byte	.LASF18
 259 00f9 01       		.byte	0x1
 260 00fa 1B       		.byte	0x1b
 261 00fb 00000000 		.4byte	.LFB65
 262 00ff 08000000 		.4byte	.LFE65-.LFB65
 263 0103 01       		.uleb128 0x1
 264 0104 9C       		.byte	0x9c
 265 0105 13010000 		.4byte	0x113
 266 0109 06       		.uleb128 0x6
 267 010a 06000000 		.4byte	.LVL4
 268 010e 79010000 		.4byte	0x179
 269 0112 00       		.byte	0
 270 0113 05       		.uleb128 0x5
 271 0114 0C020000 		.4byte	.LASF19
 272 0118 01       		.byte	0x1
 273 0119 20       		.byte	0x20
 274 011a 00000000 		.4byte	.LFB66
 275 011e 10000000 		.4byte	.LFE66-.LFB66
 276 0122 01       		.uleb128 0x1
 277 0123 9C       		.byte	0x9c
 278 0124 3C010000 		.4byte	0x13c
 279 0128 07       		.uleb128 0x7
 280 0129 08000000 		.4byte	.LVL5
 281 012d 84010000 		.4byte	0x184
 282 0131 08       		.uleb128 0x8
 283 0132 01       		.uleb128 0x1
 284 0133 50       		.byte	0x50
 285 0134 05       		.uleb128 0x5
 286 0135 0C       		.byte	0xc
 287 0136 E0930400 		.4byte	0x493e0
 288 013a 00       		.byte	0
 289 013b 00       		.byte	0
 290 013c 09       		.uleb128 0x9
 291 013d 87010000 		.4byte	.LASF29
 292 0141 08       		.byte	0x8
 293 0142 1207     		.2byte	0x712
 294 0144 48010000 		.4byte	0x148
 295 0148 0A       		.uleb128 0xa
 296 0149 76000000 		.4byte	0x76
 297 014d 0B       		.uleb128 0xb
 298 014e 37020000 		.4byte	.LASF20
 299 0152 37020000 		.4byte	.LASF20
 300 0156 04       		.byte	0x4
 301 0157 18       		.byte	0x18
 302 0158 0B       		.uleb128 0xb
 303 0159 19000000 		.4byte	.LASF21
 304 015d 19000000 		.4byte	.LASF21
 305 0161 05       		.byte	0x5
 306 0162 18       		.byte	0x18
 307 0163 0B       		.uleb128 0xb
 308 0164 AD000000 		.4byte	.LASF22
ARM GAS  C:\Users\sebbe\AppData\Local\Temp\ccSqakRr.s 			page 7


 309 0168 AD000000 		.4byte	.LASF22
 310 016c 06       		.byte	0x6
 311 016d 18       		.byte	0x18
 312 016e 0B       		.uleb128 0xb
 313 016f E2010000 		.4byte	.LASF23
 314 0173 E2010000 		.4byte	.LASF23
 315 0177 07       		.byte	0x7
 316 0178 8E       		.byte	0x8e
 317 0179 0B       		.uleb128 0xb
 318 017a 00000000 		.4byte	.LASF24
 319 017e 00000000 		.4byte	.LASF24
 320 0182 07       		.byte	0x7
 321 0183 5A       		.byte	0x5a
 322 0184 0B       		.uleb128 0xb
 323 0185 3E000000 		.4byte	.LASF25
 324 0189 3E000000 		.4byte	.LASF25
 325 018d 07       		.byte	0x7
 326 018e 6A       		.byte	0x6a
 327 018f 00       		.byte	0
 328              		.section	.debug_abbrev,"",%progbits
 329              	.Ldebug_abbrev0:
 330 0000 01       		.uleb128 0x1
 331 0001 11       		.uleb128 0x11
 332 0002 01       		.byte	0x1
 333 0003 25       		.uleb128 0x25
 334 0004 0E       		.uleb128 0xe
 335 0005 13       		.uleb128 0x13
 336 0006 0B       		.uleb128 0xb
 337 0007 03       		.uleb128 0x3
 338 0008 0E       		.uleb128 0xe
 339 0009 1B       		.uleb128 0x1b
 340 000a 0E       		.uleb128 0xe
 341 000b 55       		.uleb128 0x55
 342 000c 17       		.uleb128 0x17
 343 000d 11       		.uleb128 0x11
 344 000e 01       		.uleb128 0x1
 345 000f 10       		.uleb128 0x10
 346 0010 17       		.uleb128 0x17
 347 0011 00       		.byte	0
 348 0012 00       		.byte	0
 349 0013 02       		.uleb128 0x2
 350 0014 24       		.uleb128 0x24
 351 0015 00       		.byte	0
 352 0016 0B       		.uleb128 0xb
 353 0017 0B       		.uleb128 0xb
 354 0018 3E       		.uleb128 0x3e
 355 0019 0B       		.uleb128 0xb
 356 001a 03       		.uleb128 0x3
 357 001b 0E       		.uleb128 0xe
 358 001c 00       		.byte	0
 359 001d 00       		.byte	0
 360 001e 03       		.uleb128 0x3
 361 001f 16       		.uleb128 0x16
 362 0020 00       		.byte	0
 363 0021 03       		.uleb128 0x3
 364 0022 0E       		.uleb128 0xe
 365 0023 3A       		.uleb128 0x3a
ARM GAS  C:\Users\sebbe\AppData\Local\Temp\ccSqakRr.s 			page 8


 366 0024 0B       		.uleb128 0xb
 367 0025 3B       		.uleb128 0x3b
 368 0026 0B       		.uleb128 0xb
 369 0027 49       		.uleb128 0x49
 370 0028 13       		.uleb128 0x13
 371 0029 00       		.byte	0
 372 002a 00       		.byte	0
 373 002b 04       		.uleb128 0x4
 374 002c 24       		.uleb128 0x24
 375 002d 00       		.byte	0
 376 002e 0B       		.uleb128 0xb
 377 002f 0B       		.uleb128 0xb
 378 0030 3E       		.uleb128 0x3e
 379 0031 0B       		.uleb128 0xb
 380 0032 03       		.uleb128 0x3
 381 0033 08       		.uleb128 0x8
 382 0034 00       		.byte	0
 383 0035 00       		.byte	0
 384 0036 05       		.uleb128 0x5
 385 0037 2E       		.uleb128 0x2e
 386 0038 01       		.byte	0x1
 387 0039 3F       		.uleb128 0x3f
 388 003a 19       		.uleb128 0x19
 389 003b 03       		.uleb128 0x3
 390 003c 0E       		.uleb128 0xe
 391 003d 3A       		.uleb128 0x3a
 392 003e 0B       		.uleb128 0xb
 393 003f 3B       		.uleb128 0x3b
 394 0040 0B       		.uleb128 0xb
 395 0041 11       		.uleb128 0x11
 396 0042 01       		.uleb128 0x1
 397 0043 12       		.uleb128 0x12
 398 0044 06       		.uleb128 0x6
 399 0045 40       		.uleb128 0x40
 400 0046 18       		.uleb128 0x18
 401 0047 9742     		.uleb128 0x2117
 402 0049 19       		.uleb128 0x19
 403 004a 01       		.uleb128 0x1
 404 004b 13       		.uleb128 0x13
 405 004c 00       		.byte	0
 406 004d 00       		.byte	0
 407 004e 06       		.uleb128 0x6
 408 004f 898201   		.uleb128 0x4109
 409 0052 00       		.byte	0
 410 0053 11       		.uleb128 0x11
 411 0054 01       		.uleb128 0x1
 412 0055 31       		.uleb128 0x31
 413 0056 13       		.uleb128 0x13
 414 0057 00       		.byte	0
 415 0058 00       		.byte	0
 416 0059 07       		.uleb128 0x7
 417 005a 898201   		.uleb128 0x4109
 418 005d 01       		.byte	0x1
 419 005e 11       		.uleb128 0x11
 420 005f 01       		.uleb128 0x1
 421 0060 31       		.uleb128 0x31
 422 0061 13       		.uleb128 0x13
ARM GAS  C:\Users\sebbe\AppData\Local\Temp\ccSqakRr.s 			page 9


 423 0062 00       		.byte	0
 424 0063 00       		.byte	0
 425 0064 08       		.uleb128 0x8
 426 0065 8A8201   		.uleb128 0x410a
 427 0068 00       		.byte	0
 428 0069 02       		.uleb128 0x2
 429 006a 18       		.uleb128 0x18
 430 006b 9142     		.uleb128 0x2111
 431 006d 18       		.uleb128 0x18
 432 006e 00       		.byte	0
 433 006f 00       		.byte	0
 434 0070 09       		.uleb128 0x9
 435 0071 34       		.uleb128 0x34
 436 0072 00       		.byte	0
 437 0073 03       		.uleb128 0x3
 438 0074 0E       		.uleb128 0xe
 439 0075 3A       		.uleb128 0x3a
 440 0076 0B       		.uleb128 0xb
 441 0077 3B       		.uleb128 0x3b
 442 0078 05       		.uleb128 0x5
 443 0079 49       		.uleb128 0x49
 444 007a 13       		.uleb128 0x13
 445 007b 3F       		.uleb128 0x3f
 446 007c 19       		.uleb128 0x19
 447 007d 3C       		.uleb128 0x3c
 448 007e 19       		.uleb128 0x19
 449 007f 00       		.byte	0
 450 0080 00       		.byte	0
 451 0081 0A       		.uleb128 0xa
 452 0082 35       		.uleb128 0x35
 453 0083 00       		.byte	0
 454 0084 49       		.uleb128 0x49
 455 0085 13       		.uleb128 0x13
 456 0086 00       		.byte	0
 457 0087 00       		.byte	0
 458 0088 0B       		.uleb128 0xb
 459 0089 2E       		.uleb128 0x2e
 460 008a 00       		.byte	0
 461 008b 3F       		.uleb128 0x3f
 462 008c 19       		.uleb128 0x19
 463 008d 3C       		.uleb128 0x3c
 464 008e 19       		.uleb128 0x19
 465 008f 6E       		.uleb128 0x6e
 466 0090 0E       		.uleb128 0xe
 467 0091 03       		.uleb128 0x3
 468 0092 0E       		.uleb128 0xe
 469 0093 3A       		.uleb128 0x3a
 470 0094 0B       		.uleb128 0xb
 471 0095 3B       		.uleb128 0x3b
 472 0096 0B       		.uleb128 0xb
 473 0097 00       		.byte	0
 474 0098 00       		.byte	0
 475 0099 00       		.byte	0
 476              		.section	.debug_aranges,"",%progbits
 477 0000 34000000 		.4byte	0x34
 478 0004 0200     		.2byte	0x2
 479 0006 00000000 		.4byte	.Ldebug_info0
ARM GAS  C:\Users\sebbe\AppData\Local\Temp\ccSqakRr.s 			page 10


 480 000a 04       		.byte	0x4
 481 000b 00       		.byte	0
 482 000c 0000     		.2byte	0
 483 000e 0000     		.2byte	0
 484 0010 00000000 		.4byte	.LFB63
 485 0014 24000000 		.4byte	.LFE63-.LFB63
 486 0018 00000000 		.4byte	.LFB64
 487 001c 08000000 		.4byte	.LFE64-.LFB64
 488 0020 00000000 		.4byte	.LFB65
 489 0024 08000000 		.4byte	.LFE65-.LFB65
 490 0028 00000000 		.4byte	.LFB66
 491 002c 10000000 		.4byte	.LFE66-.LFB66
 492 0030 00000000 		.4byte	0
 493 0034 00000000 		.4byte	0
 494              		.section	.debug_ranges,"",%progbits
 495              	.Ldebug_ranges0:
 496 0000 00000000 		.4byte	.LFB63
 497 0004 24000000 		.4byte	.LFE63
 498 0008 00000000 		.4byte	.LFB64
 499 000c 08000000 		.4byte	.LFE64
 500 0010 00000000 		.4byte	.LFB65
 501 0014 08000000 		.4byte	.LFE65
 502 0018 00000000 		.4byte	.LFB66
 503 001c 10000000 		.4byte	.LFE66
 504 0020 00000000 		.4byte	0
 505 0024 00000000 		.4byte	0
 506              		.section	.debug_line,"",%progbits
 507              	.Ldebug_line0:
 508 0000 EC010000 		.section	.debug_str,"MS",%progbits,1
 508      0200A401 
 508      00000201 
 508      FB0E0D00 
 508      01010101 
 509              	.LASF24:
 510 0000 41636365 		.ascii	"AccelerometerTimer_Start\000"
 510      6C65726F 
 510      6D657465 
 510      7254696D 
 510      65725F53 
 511              	.LASF21:
 512 0019 6973725F 		.ascii	"isr_bike_is_moving_StartEx\000"
 512      62696B65 
 512      5F69735F 
 512      6D6F7669 
 512      6E675F53 
 513              	.LASF9:
 514 0034 5F5F696E 		.ascii	"__int32_t\000"
 514      7433325F 
 514      7400
 515              	.LASF25:
 516 003e 41636365 		.ascii	"AccelerometerTimer_WriteCounter\000"
 516      6C65726F 
 516      6D657465 
 516      7254696D 
 516      65725F57 
 517              	.LASF28:
 518 005e 433A5C55 		.ascii	"C:\\Users\\sebbe\\Desktop\\spi_slave_v15\\sensor_re"
ARM GAS  C:\Users\sebbe\AppData\Local\Temp\ccSqakRr.s 			page 11


 518      73657273 
 518      5C736562 
 518      62655C44 
 518      65736B74 
 519 008c 6164696E 		.ascii	"ading_unit\\spi_slave.cydsn\000"
 519      675F756E 
 519      69745C73 
 519      70695F73 
 519      6C617665 
 520              	.LASF11:
 521 00a7 666C6F61 		.ascii	"float\000"
 521      7400
 522              	.LASF22:
 523 00ad 6973725F 		.ascii	"isr_bike_stopped_StartEx\000"
 523      62696B65 
 523      5F73746F 
 523      70706564 
 523      5F537461 
 524              	.LASF1:
 525 00c6 756E7369 		.ascii	"unsigned char\000"
 525      676E6564 
 525      20636861 
 525      7200
 526              	.LASF26:
 527 00d4 474E5520 		.ascii	"GNU C11 5.4.1 20160609 (release) [ARM/embedded-5-br"
 527      43313120 
 527      352E342E 
 527      31203230 
 527      31363036 
 528 0107 616E6368 		.ascii	"anch revision 237715] -mcpu=cortex-m3 -mthumb -g -O"
 528      20726576 
 528      6973696F 
 528      6E203233 
 528      37373135 
 529 013a 67202D66 		.ascii	"g -ffunction-sections -ffat-lto-objects\000"
 529      66756E63 
 529      74696F6E 
 529      2D736563 
 529      74696F6E 
 530              	.LASF5:
 531 0162 6C6F6E67 		.ascii	"long unsigned int\000"
 531      20756E73 
 531      69676E65 
 531      6420696E 
 531      7400
 532              	.LASF3:
 533 0174 73686F72 		.ascii	"short unsigned int\000"
 533      7420756E 
 533      7369676E 
 533      65642069 
 533      6E7400
 534              	.LASF29:
 535 0187 49544D5F 		.ascii	"ITM_RxBuffer\000"
 535      52784275 
 535      66666572 
 535      00
 536              	.LASF12:
ARM GAS  C:\Users\sebbe\AppData\Local\Temp\ccSqakRr.s 			page 12


 537 0194 646F7562 		.ascii	"double\000"
 537      6C6500
 538              	.LASF16:
 539 019b 696E6974 		.ascii	"init_accelerometer\000"
 539      5F616363 
 539      656C6572 
 539      6F6D6574 
 539      657200
 540              	.LASF27:
 541 01ae 41636365 		.ascii	"Accelerometer.c\000"
 541      6C65726F 
 541      6D657465 
 541      722E6300 
 542              	.LASF8:
 543 01be 756E7369 		.ascii	"unsigned int\000"
 543      676E6564 
 543      20696E74 
 543      00
 544              	.LASF7:
 545 01cb 6C6F6E67 		.ascii	"long long unsigned int\000"
 545      206C6F6E 
 545      6720756E 
 545      7369676E 
 545      65642069 
 546              	.LASF23:
 547 01e2 41636365 		.ascii	"AccelerometerTimer_Sleep\000"
 547      6C65726F 
 547      6D657465 
 547      7254696D 
 547      65725F53 
 548              	.LASF10:
 549 01fb 696E7433 		.ascii	"int32_t\000"
 549      325F7400 
 550              	.LASF15:
 551 0203 73697A65 		.ascii	"sizetype\000"
 551      74797065 
 551      00
 552              	.LASF19:
 553 020c 72657365 		.ascii	"resetAccelerometerTimer\000"
 553      74416363 
 553      656C6572 
 553      6F6D6574 
 553      65725469 
 554              	.LASF6:
 555 0224 6C6F6E67 		.ascii	"long long int\000"
 555      206C6F6E 
 555      6720696E 
 555      7400
 556              	.LASF13:
 557 0232 63686172 		.ascii	"char\000"
 557      00
 558              	.LASF20:
 559 0237 6973725F 		.ascii	"isr_bike_is_idle_StartEx\000"
 559      62696B65 
 559      5F69735F 
 559      69646C65 
 559      5F537461 
ARM GAS  C:\Users\sebbe\AppData\Local\Temp\ccSqakRr.s 			page 13


 560              	.LASF2:
 561 0250 73686F72 		.ascii	"short int\000"
 561      7420696E 
 561      7400
 562              	.LASF4:
 563 025a 6C6F6E67 		.ascii	"long int\000"
 563      20696E74 
 563      00
 564              	.LASF14:
 565 0263 6C6F6E67 		.ascii	"long double\000"
 565      20646F75 
 565      626C6500 
 566              	.LASF0:
 567 026f 7369676E 		.ascii	"signed char\000"
 567      65642063 
 567      68617200 
 568              	.LASF18:
 569 027b 73746172 		.ascii	"startAccelerometerTimer\000"
 569      74416363 
 569      656C6572 
 569      6F6D6574 
 569      65725469 
 570              	.LASF17:
 571 0293 73746F70 		.ascii	"stopAccelerometerTimer\000"
 571      41636365 
 571      6C65726F 
 571      6D657465 
 571      7254696D 
 572              		.ident	"GCC: (GNU Tools for ARM Embedded Processors) 5.4.1 20160609 (release) [ARM/embedded-5-bran
