ARM GAS  C:\Users\sebbe\AppData\Local\Temp\ccHnid74.s 			page 1


   1              		.syntax unified
   2              		.cpu cortex-m3
   3              		.fpu softvfp
   4              		.eabi_attribute 20, 1
   5              		.eabi_attribute 21, 1
   6              		.eabi_attribute 23, 3
   7              		.eabi_attribute 24, 1
   8              		.eabi_attribute 25, 1
   9              		.eabi_attribute 26, 1
  10              		.eabi_attribute 30, 1
  11              		.eabi_attribute 34, 1
  12              		.eabi_attribute 18, 4
  13              		.thumb
  14              		.syntax unified
  15              		.file	"cymetadata.c"
  16              		.text
  17              	.Ltext0:
  18              		.cfi_sections	.debug_frame
  19              		.global	cy_metadata
  20              		.global	cy_meta_flashprotect
  21              		.global	cy_meta_wonvl
  22              		.global	cy_meta_custnvl
  23              		.global	cy_meta_configecc
  24              		.section	.cyconfigecc,"a",%progbits
  25              		.align	2
  26              		.type	cy_meta_configecc, %object
  27              		.size	cy_meta_configecc, 2296
  28              	cy_meta_configecc:
  29 0000 03       		.byte	3
  30 0001 45       		.byte	69
  31 0002 00       		.byte	0
  32 0003 40       		.byte	64
  33 0004 01       		.byte	1
  34 0005 52       		.byte	82
  35 0006 00       		.byte	0
  36 0007 40       		.byte	64
  37 0008 05       		.byte	5
  38 0009 64       		.byte	100
  39 000a 00       		.byte	0
  40 000b 40       		.byte	64
  41 000c 04       		.byte	4
  42 000d 65       		.byte	101
  43 000e 00       		.byte	0
  44 000f 40       		.byte	64
  45 0010 02       		.byte	2
  46 0011 03       		.byte	3
  47 0012 01       		.byte	1
  48 0013 40       		.byte	64
  49 0014 49       		.byte	73
  50 0015 04       		.byte	4
  51 0016 01       		.byte	1
  52 0017 40       		.byte	64
  53 0018 30       		.byte	48
  54 0019 05       		.byte	5
  55 001a 01       		.byte	1
  56 001b 40       		.byte	64
  57 001c 10       		.byte	16
ARM GAS  C:\Users\sebbe\AppData\Local\Temp\ccHnid74.s 			page 2


  58 001d 07       		.byte	7
  59 001e 01       		.byte	1
  60 001f 40       		.byte	64
  61 0020 4A       		.byte	74
  62 0021 08       		.byte	8
  63 0022 01       		.byte	1
  64 0023 40       		.byte	64
  65 0024 4B       		.byte	75
  66 0025 09       		.byte	9
  67 0026 01       		.byte	1
  68 0027 40       		.byte	64
  69 0028 4D       		.byte	77
  70 0029 0A       		.byte	10
  71 002a 01       		.byte	1
  72 002b 40       		.byte	64
  73 002c 40       		.byte	64
  74 002d 0B       		.byte	11
  75 002e 01       		.byte	1
  76 002f 40       		.byte	64
  77 0030 58       		.byte	88
  78 0031 0C       		.byte	12
  79 0032 01       		.byte	1
  80 0033 40       		.byte	64
  81 0034 2F       		.byte	47
  82 0035 0D       		.byte	13
  83 0036 01       		.byte	1
  84 0037 40       		.byte	64
  85 0038 42       		.byte	66
  86 0039 14       		.byte	20
  87 003a 01       		.byte	1
  88 003b 40       		.byte	64
  89 003c 33       		.byte	51
  90 003d 15       		.byte	21
  91 003e 01       		.byte	1
  92 003f 40       		.byte	64
  93 0040 45       		.byte	69
  94 0041 16       		.byte	22
  95 0042 01       		.byte	1
  96 0043 40       		.byte	64
  97 0044 3D       		.byte	61
  98 0045 17       		.byte	23
  99 0046 01       		.byte	1
 100 0047 40       		.byte	64
 101 0048 09       		.byte	9
 102 0049 18       		.byte	24
 103 004a 01       		.byte	1
 104 004b 40       		.byte	64
 105 004c 47       		.byte	71
 106 004d 19       		.byte	25
 107 004e 01       		.byte	1
 108 004f 40       		.byte	64
 109 0050 0B       		.byte	11
 110 0051 1B       		.byte	27
 111 0052 01       		.byte	1
 112 0053 40       		.byte	64
 113 0054 07       		.byte	7
 114 0055 40       		.byte	64
ARM GAS  C:\Users\sebbe\AppData\Local\Temp\ccHnid74.s 			page 3


 115 0056 01       		.byte	1
 116 0057 40       		.byte	64
 117 0058 0C       		.byte	12
 118 0059 41       		.byte	65
 119 005a 01       		.byte	1
 120 005b 40       		.byte	64
 121 005c 08       		.byte	8
 122 005d 42       		.byte	66
 123 005e 01       		.byte	1
 124 005f 40       		.byte	64
 125 0060 03       		.byte	3
 126 0061 43       		.byte	67
 127 0062 01       		.byte	1
 128 0063 40       		.byte	64
 129 0064 07       		.byte	7
 130 0065 45       		.byte	69
 131 0066 01       		.byte	1
 132 0067 40       		.byte	64
 133 0068 04       		.byte	4
 134 0069 46       		.byte	70
 135 006a 01       		.byte	1
 136 006b 40       		.byte	64
 137 006c 07       		.byte	7
 138 006d 47       		.byte	71
 139 006e 01       		.byte	1
 140 006f 40       		.byte	64
 141 0070 03       		.byte	3
 142 0071 48       		.byte	72
 143 0072 01       		.byte	1
 144 0073 40       		.byte	64
 145 0074 06       		.byte	6
 146 0075 49       		.byte	73
 147 0076 01       		.byte	1
 148 0077 40       		.byte	64
 149 0078 03       		.byte	3
 150 0079 4C       		.byte	76
 151 007a 01       		.byte	1
 152 007b 40       		.byte	64
 153 007c 09       		.byte	9
 154 007d 4D       		.byte	77
 155 007e 01       		.byte	1
 156 007f 40       		.byte	64
 157 0080 07       		.byte	7
 158 0081 50       		.byte	80
 159 0082 01       		.byte	1
 160 0083 40       		.byte	64
 161 0084 03       		.byte	3
 162 0085 51       		.byte	81
 163 0086 01       		.byte	1
 164 0087 40       		.byte	64
 165 0088 03       		.byte	3
 166 0089 01       		.byte	1
 167 008a 0A       		.byte	10
 168 008b 02       		.byte	2
 169 008c 10       		.byte	16
 170 008d 01       		.byte	1
 171 008e 10       		.byte	16
ARM GAS  C:\Users\sebbe\AppData\Local\Temp\ccHnid74.s 			page 4


 172 008f 40       		.byte	64
 173 0090 84       		.byte	-124
 174 0091 78       		.byte	120
 175 0092 85       		.byte	-123
 176 0093 0D       		.byte	13
 177 0094 89       		.byte	-119
 178 0095 0F       		.byte	15
 179 0096 8B       		.byte	-117
 180 0097 72       		.byte	114
 181 0098 8D       		.byte	-115
 182 0099 0D       		.byte	13
 183 009a 84       		.byte	-124
 184 009b 47       		.byte	71
 185 009c 85       		.byte	-123
 186 009d 0D       		.byte	13
 187 009e 88       		.byte	-120
 188 009f 07       		.byte	7
 189 00a0 89       		.byte	-119
 190 00a1 38       		.byte	56
 191 00a2 86       		.byte	-122
 192 00a3 02       		.byte	2
 193 00a4 E6       		.byte	-26
 194 00a5 02       		.byte	2
 195 00a6 01       		.byte	1
 196 00a7 01       		.byte	1
 197 00a8 06       		.byte	6
 198 00a9 01       		.byte	1
 199 00aa 07       		.byte	7
 200 00ab 04       		.byte	4
 201 00ac 10       		.byte	16
 202 00ad 02       		.byte	2
 203 00ae 19       		.byte	25
 204 00af 01       		.byte	1
 205 00b0 1D       		.byte	29
 206 00b1 02       		.byte	2
 207 00b2 1E       		.byte	30
 208 00b3 02       		.byte	2
 209 00b4 20       		.byte	32
 210 00b5 02       		.byte	2
 211 00b6 21       		.byte	33
 212 00b7 01       		.byte	1
 213 00b8 24       		.byte	36
 214 00b9 02       		.byte	2
 215 00ba 2D       		.byte	45
 216 00bb 01       		.byte	1
 217 00bc 31       		.byte	49
 218 00bd 04       		.byte	4
 219 00be 32       		.byte	50
 220 00bf 02       		.byte	2
 221 00c0 34       		.byte	52
 222 00c1 01       		.byte	1
 223 00c2 35       		.byte	53
 224 00c3 02       		.byte	2
 225 00c4 37       		.byte	55
 226 00c5 01       		.byte	1
 227 00c6 3E       		.byte	62
 228 00c7 04       		.byte	4
ARM GAS  C:\Users\sebbe\AppData\Local\Temp\ccHnid74.s 			page 5


 229 00c8 3F       		.byte	63
 230 00c9 50       		.byte	80
 231 00ca 40       		.byte	64
 232 00cb 53       		.byte	83
 233 00cc 49       		.byte	73
 234 00cd FF       		.byte	-1
 235 00ce 4A       		.byte	74
 236 00cf FF       		.byte	-1
 237 00d0 4B       		.byte	75
 238 00d1 FF       		.byte	-1
 239 00d2 4F       		.byte	79
 240 00d3 01       		.byte	1
 241 00d4 50       		.byte	80
 242 00d5 18       		.byte	24
 243 00d6 54       		.byte	84
 244 00d7 20       		.byte	32
 245 00d8 56       		.byte	86
 246 00d9 04       		.byte	4
 247 00da 58       		.byte	88
 248 00db 24       		.byte	36
 249 00dc 59       		.byte	89
 250 00dd 04       		.byte	4
 251 00de 5A       		.byte	90
 252 00df 04       		.byte	4
 253 00e0 5B       		.byte	91
 254 00e1 04       		.byte	4
 255 00e2 5C       		.byte	92
 256 00e3 08       		.byte	8
 257 00e4 5D       		.byte	93
 258 00e5 03       		.byte	3
 259 00e6 5F       		.byte	95
 260 00e7 31       		.byte	49
 261 00e8 60       		.byte	96
 262 00e9 40       		.byte	64
 263 00ea 62       		.byte	98
 264 00eb 40       		.byte	64
 265 00ec 64       		.byte	100
 266 00ed 40       		.byte	64
 267 00ee 65       		.byte	101
 268 00ef 40       		.byte	64
 269 00f0 66       		.byte	102
 270 00f1 80       		.byte	-128
 271 00f2 68       		.byte	104
 272 00f3 80       		.byte	-128
 273 00f4 6A       		.byte	106
 274 00f5 80       		.byte	-128
 275 00f6 6C       		.byte	108
 276 00f7 80       		.byte	-128
 277 00f8 6E       		.byte	110
 278 00f9 80       		.byte	-128
 279 00fa 92       		.byte	-110
 280 00fb 01       		.byte	1
 281 00fc 9A       		.byte	-102
 282 00fd 01       		.byte	1
 283 00fe B0       		.byte	-80
 284 00ff 01       		.byte	1
 285 0100 BE       		.byte	-66
ARM GAS  C:\Users\sebbe\AppData\Local\Temp\ccHnid74.s 			page 6


 286 0101 01       		.byte	1
 287 0102 C0       		.byte	-64
 288 0103 53       		.byte	83
 289 0104 C5       		.byte	-59
 290 0105 EC       		.byte	-20
 291 0106 C7       		.byte	-57
 292 0107 02       		.byte	2
 293 0108 C8       		.byte	-56
 294 0109 13       		.byte	19
 295 010a C9       		.byte	-55
 296 010b FF       		.byte	-1
 297 010c CA       		.byte	-54
 298 010d FF       		.byte	-1
 299 010e CB       		.byte	-53
 300 010f FF       		.byte	-1
 301 0110 CD       		.byte	-51
 302 0111 83       		.byte	-125
 303 0112 CE       		.byte	-50
 304 0113 03       		.byte	3
 305 0114 CF       		.byte	-49
 306 0115 01       		.byte	1
 307 0116 D0       		.byte	-48
 308 0117 18       		.byte	24
 309 0118 D4       		.byte	-44
 310 0119 01       		.byte	1
 311 011a D6       		.byte	-42
 312 011b 04       		.byte	4
 313 011c D8       		.byte	-40
 314 011d 04       		.byte	4
 315 011e DA       		.byte	-38
 316 011f 04       		.byte	4
 317 0120 DB       		.byte	-37
 318 0121 04       		.byte	4
 319 0122 DD       		.byte	-35
 320 0123 33       		.byte	51
 321 0124 DF       		.byte	-33
 322 0125 01       		.byte	1
 323 0126 E0       		.byte	-32
 324 0127 40       		.byte	64
 325 0128 E2       		.byte	-30
 326 0129 40       		.byte	64
 327 012a E4       		.byte	-28
 328 012b 40       		.byte	64
 329 012c E5       		.byte	-27
 330 012d 40       		.byte	64
 331 012e E6       		.byte	-26
 332 012f 80       		.byte	-128
 333 0130 E8       		.byte	-24
 334 0131 80       		.byte	-128
 335 0132 EA       		.byte	-22
 336 0133 80       		.byte	-128
 337 0134 EC       		.byte	-20
 338 0135 80       		.byte	-128
 339 0136 EE       		.byte	-18
 340 0137 80       		.byte	-128
 341 0138 03       		.byte	3
 342 0139 10       		.byte	16
ARM GAS  C:\Users\sebbe\AppData\Local\Temp\ccHnid74.s 			page 7


 343 013a 08       		.byte	8
 344 013b 02       		.byte	2
 345 013c 0B       		.byte	11
 346 013d 02       		.byte	2
 347 013e 0D       		.byte	13
 348 013f 80       		.byte	-128
 349 0140 0E       		.byte	14
 350 0141 01       		.byte	1
 351 0142 0F       		.byte	15
 352 0143 88       		.byte	-120
 353 0144 10       		.byte	16
 354 0145 60       		.byte	96
 355 0146 19       		.byte	25
 356 0147 08       		.byte	8
 357 0148 1A       		.byte	26
 358 0149 04       		.byte	4
 359 014a 1E       		.byte	30
 360 014b 80       		.byte	-128
 361 014c 20       		.byte	32
 362 014d 82       		.byte	-126
 363 014e 21       		.byte	33
 364 014f 20       		.byte	32
 365 0150 28       		.byte	40
 366 0151 42       		.byte	66
 367 0152 30       		.byte	48
 368 0153 20       		.byte	32
 369 0154 31       		.byte	49
 370 0155 80       		.byte	-128
 371 0156 3A       		.byte	58
 372 0157 04       		.byte	4
 373 0158 3B       		.byte	59
 374 0159 02       		.byte	2
 375 015a 43       		.byte	67
 376 015b 08       		.byte	8
 377 015c 45       		.byte	69
 378 015d 04       		.byte	4
 379 015e 49       		.byte	73
 380 015f 80       		.byte	-128
 381 0160 4D       		.byte	77
 382 0161 84       		.byte	-124
 383 0162 4F       		.byte	79
 384 0163 01       		.byte	1
 385 0164 55       		.byte	85
 386 0165 04       		.byte	4
 387 0166 57       		.byte	87
 388 0167 0C       		.byte	12
 389 0168 5A       		.byte	90
 390 0169 01       		.byte	1
 391 016a 5D       		.byte	93
 392 016b 04       		.byte	4
 393 016c 5E       		.byte	94
 394 016d 80       		.byte	-128
 395 016e 5F       		.byte	95
 396 016f 01       		.byte	1
 397 0170 61       		.byte	97
 398 0171 10       		.byte	16
 399 0172 62       		.byte	98
ARM GAS  C:\Users\sebbe\AppData\Local\Temp\ccHnid74.s 			page 8


 400 0173 48       		.byte	72
 401 0174 63       		.byte	99
 402 0175 40       		.byte	64
 403 0176 66       		.byte	102
 404 0177 02       		.byte	2
 405 0178 79       		.byte	121
 406 0179 02       		.byte	2
 407 017a 85       		.byte	-123
 408 017b 20       		.byte	32
 409 017c 86       		.byte	-122
 410 017d 40       		.byte	64
 411 017e 87       		.byte	-121
 412 017f 40       		.byte	64
 413 0180 9E       		.byte	-98
 414 0181 02       		.byte	2
 415 0182 C0       		.byte	-64
 416 0183 04       		.byte	4
 417 0184 C2       		.byte	-62
 418 0185 59       		.byte	89
 419 0186 C4       		.byte	-60
 420 0187 0C       		.byte	12
 421 0188 CA       		.byte	-54
 422 0189 09       		.byte	9
 423 018a CC       		.byte	-52
 424 018b 0C       		.byte	12
 425 018c CE       		.byte	-50
 426 018d 03       		.byte	3
 427 018e D0       		.byte	-48
 428 018f 42       		.byte	66
 429 0190 D2       		.byte	-46
 430 0191 18       		.byte	24
 431 0192 D6       		.byte	-42
 432 0193 D1       		.byte	-47
 433 0194 D8       		.byte	-40
 434 0195 8F       		.byte	-113
 435 0196 DE       		.byte	-34
 436 0197 01       		.byte	1
 437 0198 92       		.byte	-110
 438 0199 04       		.byte	4
 439 019a 95       		.byte	-107
 440 019b 02       		.byte	2
 441 019c 97       		.byte	-105
 442 019d 02       		.byte	2
 443 019e 99       		.byte	-103
 444 019f 08       		.byte	8
 445 01a0 9B       		.byte	-101
 446 01a1 10       		.byte	16
 447 01a2 9C       		.byte	-100
 448 01a3 42       		.byte	66
 449 01a4 9D       		.byte	-99
 450 01a5 10       		.byte	16
 451 01a6 9E       		.byte	-98
 452 01a7 04       		.byte	4
 453 01a8 A0       		.byte	-96
 454 01a9 41       		.byte	65
 455 01aa A4       		.byte	-92
 456 01ab 20       		.byte	32
ARM GAS  C:\Users\sebbe\AppData\Local\Temp\ccHnid74.s 			page 9


 457 01ac A5       		.byte	-91
 458 01ad 80       		.byte	-128
 459 01ae A6       		.byte	-90
 460 01af 08       		.byte	8
 461 01b0 A9       		.byte	-87
 462 01b1 80       		.byte	-128
 463 01b2 AB       		.byte	-85
 464 01b3 40       		.byte	64
 465 01b4 B7       		.byte	-73
 466 01b5 10       		.byte	16
 467 01b6 EA       		.byte	-22
 468 01b7 04       		.byte	4
 469 01b8 03       		.byte	3
 470 01b9 01       		.byte	1
 471 01ba 04       		.byte	4
 472 01bb 06       		.byte	6
 473 01bc 05       		.byte	5
 474 01bd 18       		.byte	24
 475 01be 06       		.byte	6
 476 01bf 01       		.byte	1
 477 01c0 08       		.byte	8
 478 01c1 07       		.byte	7
 479 01c2 09       		.byte	9
 480 01c3 39       		.byte	57
 481 01c4 0B       		.byte	11
 482 01c5 C4       		.byte	-60
 483 01c6 0D       		.byte	13
 484 01c7 E7       		.byte	-25
 485 01c8 0E       		.byte	14
 486 01c9 01       		.byte	1
 487 01ca 0F       		.byte	15
 488 01cb 18       		.byte	24
 489 01cc 10       		.byte	16
 490 01cd 01       		.byte	1
 491 01ce 12       		.byte	18
 492 01cf 06       		.byte	6
 493 01d0 13       		.byte	19
 494 01d1 E6       		.byte	-26
 495 01d2 14       		.byte	20
 496 01d3 06       		.byte	6
 497 01d4 15       		.byte	21
 498 01d5 08       		.byte	8
 499 01d6 16       		.byte	22
 500 01d7 01       		.byte	1
 501 01d8 19       		.byte	25
 502 01d9 80       		.byte	-128
 503 01da 1C       		.byte	28
 504 01db 04       		.byte	4
 505 01dc 1D       		.byte	29
 506 01dd FF       		.byte	-1
 507 01de 21       		.byte	33
 508 01df 10       		.byte	16
 509 01e0 24       		.byte	36
 510 01e1 02       		.byte	2
 511 01e2 25       		.byte	37
 512 01e3 C0       		.byte	-64
 513 01e4 28       		.byte	40
ARM GAS  C:\Users\sebbe\AppData\Local\Temp\ccHnid74.s 			page 10


 514 01e5 06       		.byte	6
 515 01e6 29       		.byte	41
 516 01e7 19       		.byte	25
 517 01e8 2B       		.byte	43
 518 01e9 E2       		.byte	-30
 519 01ea 2D       		.byte	45
 520 01eb 41       		.byte	65
 521 01ec 31       		.byte	49
 522 01ed 38       		.byte	56
 523 01ee 32       		.byte	50
 524 01ef 07       		.byte	7
 525 01f0 33       		.byte	51
 526 01f1 1F       		.byte	31
 527 01f2 37       		.byte	55
 528 01f3 C0       		.byte	-64
 529 01f4 3A       		.byte	58
 530 01f5 08       		.byte	8
 531 01f6 3B       		.byte	59
 532 01f7 08       		.byte	8
 533 01f8 52       		.byte	82
 534 01f9 80       		.byte	-128
 535 01fa 58       		.byte	88
 536 01fb 04       		.byte	4
 537 01fc 59       		.byte	89
 538 01fd 04       		.byte	4
 539 01fe 5B       		.byte	91
 540 01ff 04       		.byte	4
 541 0200 5C       		.byte	92
 542 0201 11       		.byte	17
 543 0202 5D       		.byte	93
 544 0203 30       		.byte	48
 545 0204 5F       		.byte	95
 546 0205 01       		.byte	1
 547 0206 80       		.byte	-128
 548 0207 01       		.byte	1
 549 0208 90       		.byte	-112
 550 0209 01       		.byte	1
 551 020a 95       		.byte	-107
 552 020b 01       		.byte	1
 553 020c 96       		.byte	-106
 554 020d 02       		.byte	2
 555 020e 9A       		.byte	-102
 556 020f 01       		.byte	1
 557 0210 9E       		.byte	-98
 558 0211 01       		.byte	1
 559 0212 A0       		.byte	-96
 560 0213 02       		.byte	2
 561 0214 A6       		.byte	-90
 562 0215 01       		.byte	1
 563 0216 B0       		.byte	-80
 564 0217 01       		.byte	1
 565 0218 B2       		.byte	-78
 566 0219 02       		.byte	2
 567 021a B3       		.byte	-77
 568 021b 01       		.byte	1
 569 021c BE       		.byte	-66
 570 021d 05       		.byte	5
ARM GAS  C:\Users\sebbe\AppData\Local\Temp\ccHnid74.s 			page 11


 571 021e BF       		.byte	-65
 572 021f 04       		.byte	4
 573 0220 C0       		.byte	-64
 574 0221 53       		.byte	83
 575 0222 C1       		.byte	-63
 576 0223 01       		.byte	1
 577 0224 C5       		.byte	-59
 578 0225 0B       		.byte	11
 579 0226 C6       		.byte	-58
 580 0227 C0       		.byte	-64
 581 0228 C7       		.byte	-57
 582 0229 0E       		.byte	14
 583 022a C8       		.byte	-56
 584 022b 19       		.byte	25
 585 022c C9       		.byte	-55
 586 022d FF       		.byte	-1
 587 022e CA       		.byte	-54
 588 022f FF       		.byte	-1
 589 0230 CB       		.byte	-53
 590 0231 FF       		.byte	-1
 591 0232 CE       		.byte	-50
 592 0233 F0       		.byte	-16
 593 0234 CF       		.byte	-49
 594 0235 44       		.byte	68
 595 0236 D0       		.byte	-48
 596 0237 0C       		.byte	12
 597 0238 D4       		.byte	-44
 598 0239 01       		.byte	1
 599 023a D8       		.byte	-40
 600 023b 04       		.byte	4
 601 023c D9       		.byte	-39
 602 023d 04       		.byte	4
 603 023e DA       		.byte	-38
 604 023f 04       		.byte	4
 605 0240 DB       		.byte	-37
 606 0241 04       		.byte	4
 607 0242 DD       		.byte	-35
 608 0243 11       		.byte	17
 609 0244 DF       		.byte	-33
 610 0245 01       		.byte	1
 611 0246 E6       		.byte	-26
 612 0247 C0       		.byte	-64
 613 0248 EA       		.byte	-22
 614 0249 40       		.byte	64
 615 024a EB       		.byte	-21
 616 024b 02       		.byte	2
 617 024c 00       		.byte	0
 618 024d 02       		.byte	2
 619 024e 02       		.byte	2
 620 024f 80       		.byte	-128
 621 0250 05       		.byte	5
 622 0251 24       		.byte	36
 623 0252 06       		.byte	6
 624 0253 01       		.byte	1
 625 0254 08       		.byte	8
 626 0255 22       		.byte	34
 627 0256 0A       		.byte	10
ARM GAS  C:\Users\sebbe\AppData\Local\Temp\ccHnid74.s 			page 12


 628 0257 01       		.byte	1
 629 0258 0B       		.byte	11
 630 0259 20       		.byte	32
 631 025a 0C       		.byte	12
 632 025b 80       		.byte	-128
 633 025c 0D       		.byte	13
 634 025d 0A       		.byte	10
 635 025e 0E       		.byte	14
 636 025f 0C       		.byte	12
 637 0260 10       		.byte	16
 638 0261 30       		.byte	48
 639 0262 11       		.byte	17
 640 0263 80       		.byte	-128
 641 0264 12       		.byte	18
 642 0265 03       		.byte	3
 643 0266 13       		.byte	19
 644 0267 01       		.byte	1
 645 0268 16       		.byte	22
 646 0269 08       		.byte	8
 647 026a 17       		.byte	23
 648 026b 08       		.byte	8
 649 026c 1A       		.byte	26
 650 026d 80       		.byte	-128
 651 026e 1B       		.byte	27
 652 026f 04       		.byte	4
 653 0270 1D       		.byte	29
 654 0271 04       		.byte	4
 655 0272 1F       		.byte	31
 656 0273 04       		.byte	4
 657 0274 22       		.byte	34
 658 0275 04       		.byte	4
 659 0276 24       		.byte	36
 660 0277 10       		.byte	16
 661 0278 25       		.byte	37
 662 0279 08       		.byte	8
 663 027a 26       		.byte	38
 664 027b 09       		.byte	9
 665 027c 27       		.byte	39
 666 027d 01       		.byte	1
 667 027e 2C       		.byte	44
 668 027f 80       		.byte	-128
 669 0280 2E       		.byte	46
 670 0281 84       		.byte	-124
 671 0282 2F       		.byte	47
 672 0283 04       		.byte	4
 673 0284 33       		.byte	51
 674 0285 08       		.byte	8
 675 0286 34       		.byte	52
 676 0287 80       		.byte	-128
 677 0288 36       		.byte	54
 678 0289 12       		.byte	18
 679 028a 37       		.byte	55
 680 028b 08       		.byte	8
 681 028c 3C       		.byte	60
 682 028d 18       		.byte	24
 683 028e 3D       		.byte	61
 684 028f 02       		.byte	2
ARM GAS  C:\Users\sebbe\AppData\Local\Temp\ccHnid74.s 			page 13


 685 0290 3E       		.byte	62
 686 0291 48       		.byte	72
 687 0292 40       		.byte	64
 688 0293 22       		.byte	34
 689 0294 42       		.byte	66
 690 0295 02       		.byte	2
 691 0296 48       		.byte	72
 692 0297 01       		.byte	1
 693 0298 49       		.byte	73
 694 0299 08       		.byte	8
 695 029a 50       		.byte	80
 696 029b 30       		.byte	48
 697 029c 53       		.byte	83
 698 029d 08       		.byte	8
 699 029e 58       		.byte	88
 700 029f 10       		.byte	16
 701 02a0 5A       		.byte	90
 702 02a1 8A       		.byte	-118
 703 02a2 75       		.byte	117
 704 02a3 01       		.byte	1
 705 02a4 86       		.byte	-122
 706 02a5 01       		.byte	1
 707 02a6 87       		.byte	-121
 708 02a7 08       		.byte	8
 709 02a8 88       		.byte	-120
 710 02a9 80       		.byte	-128
 711 02aa 89       		.byte	-119
 712 02ab 20       		.byte	32
 713 02ac 8F       		.byte	-113
 714 02ad 04       		.byte	4
 715 02ae 91       		.byte	-111
 716 02af 04       		.byte	4
 717 02b0 92       		.byte	-110
 718 02b1 41       		.byte	65
 719 02b2 94       		.byte	-108
 720 02b3 20       		.byte	32
 721 02b4 95       		.byte	-107
 722 02b5 80       		.byte	-128
 723 02b6 97       		.byte	-105
 724 02b7 08       		.byte	8
 725 02b8 98       		.byte	-104
 726 02b9 20       		.byte	32
 727 02ba 99       		.byte	-103
 728 02bb 22       		.byte	34
 729 02bc 9A       		.byte	-102
 730 02bd 02       		.byte	2
 731 02be 9B       		.byte	-101
 732 02bf 0C       		.byte	12
 733 02c0 9D       		.byte	-99
 734 02c1 0D       		.byte	13
 735 02c2 9E       		.byte	-98
 736 02c3 80       		.byte	-128
 737 02c4 A0       		.byte	-96
 738 02c5 84       		.byte	-124
 739 02c6 A1       		.byte	-95
 740 02c7 42       		.byte	66
 741 02c8 A2       		.byte	-94
ARM GAS  C:\Users\sebbe\AppData\Local\Temp\ccHnid74.s 			page 14


 742 02c9 80       		.byte	-128
 743 02ca A6       		.byte	-90
 744 02cb 1C       		.byte	28
 745 02cc A9       		.byte	-87
 746 02cd 01       		.byte	1
 747 02ce C0       		.byte	-64
 748 02cf E8       		.byte	-24
 749 02d0 C2       		.byte	-62
 750 02d1 BF       		.byte	-65
 751 02d2 C4       		.byte	-60
 752 02d3 6C       		.byte	108
 753 02d4 CA       		.byte	-54
 754 02d5 F0       		.byte	-16
 755 02d6 CC       		.byte	-52
 756 02d7 F2       		.byte	-14
 757 02d8 CE       		.byte	-50
 758 02d9 F0       		.byte	-16
 759 02da D0       		.byte	-48
 760 02db 0A       		.byte	10
 761 02dc D2       		.byte	-46
 762 02dd 08       		.byte	8
 763 02de D6       		.byte	-42
 764 02df 0F       		.byte	15
 765 02e0 EE       		.byte	-18
 766 02e1 40       		.byte	64
 767 02e2 02       		.byte	2
 768 02e3 03       		.byte	3
 769 02e4 04       		.byte	4
 770 02e5 14       		.byte	20
 771 02e6 08       		.byte	8
 772 02e7 10       		.byte	16
 773 02e8 09       		.byte	9
 774 02e9 03       		.byte	3
 775 02ea 0B       		.byte	11
 776 02eb 04       		.byte	4
 777 02ec 0C       		.byte	12
 778 02ed 10       		.byte	16
 779 02ee 0E       		.byte	14
 780 02ef 0C       		.byte	12
 781 02f0 0F       		.byte	15
 782 02f1 08       		.byte	8
 783 02f2 10       		.byte	16
 784 02f3 0C       		.byte	12
 785 02f4 12       		.byte	18
 786 02f5 11       		.byte	17
 787 02f6 1B       		.byte	27
 788 02f7 05       		.byte	5
 789 02f8 1C       		.byte	28
 790 02f9 1C       		.byte	28
 791 02fa 1D       		.byte	29
 792 02fb 03       		.byte	3
 793 02fc 1E       		.byte	30
 794 02fd 02       		.byte	2
 795 02fe 1F       		.byte	31
 796 02ff 0C       		.byte	12
 797 0300 21       		.byte	33
 798 0301 0A       		.byte	10
ARM GAS  C:\Users\sebbe\AppData\Local\Temp\ccHnid74.s 			page 15


 799 0302 23       		.byte	35
 800 0303 04       		.byte	4
 801 0304 2C       		.byte	44
 802 0305 09       		.byte	9
 803 0306 2D       		.byte	45
 804 0307 03       		.byte	3
 805 0308 2E       		.byte	46
 806 0309 10       		.byte	16
 807 030a 2F       		.byte	47
 808 030b 04       		.byte	4
 809 030c 30       		.byte	48
 810 030d 1F       		.byte	31
 811 030e 37       		.byte	55
 812 030f 0F       		.byte	15
 813 0310 3B       		.byte	59
 814 0311 80       		.byte	-128
 815 0312 58       		.byte	88
 816 0313 04       		.byte	4
 817 0314 59       		.byte	89
 818 0315 04       		.byte	4
 819 0316 5C       		.byte	92
 820 0317 11       		.byte	17
 821 0318 5F       		.byte	95
 822 0319 01       		.byte	1
 823 031a 81       		.byte	-127
 824 031b 06       		.byte	6
 825 031c 82       		.byte	-126
 826 031d 03       		.byte	3
 827 031e 84       		.byte	-124
 828 031f 0F       		.byte	15
 829 0320 85       		.byte	-123
 830 0321 01       		.byte	1
 831 0322 88       		.byte	-120
 832 0323 0F       		.byte	15
 833 0324 90       		.byte	-112
 834 0325 03       		.byte	3
 835 0326 91       		.byte	-111
 836 0327 01       		.byte	1
 837 0328 92       		.byte	-110
 838 0329 0C       		.byte	12
 839 032a 94       		.byte	-108
 840 032b 02       		.byte	2
 841 032c 95       		.byte	-107
 842 032d 01       		.byte	1
 843 032e 98       		.byte	-104
 844 032f 03       		.byte	3
 845 0330 9B       		.byte	-101
 846 0331 02       		.byte	2
 847 0332 9C       		.byte	-100
 848 0333 08       		.byte	8
 849 0334 9D       		.byte	-99
 850 0335 06       		.byte	6
 851 0336 A0       		.byte	-96
 852 0337 01       		.byte	1
 853 0338 A1       		.byte	-95
 854 0339 04       		.byte	4
 855 033a A4       		.byte	-92
ARM GAS  C:\Users\sebbe\AppData\Local\Temp\ccHnid74.s 			page 16


 856 033b 04       		.byte	4
 857 033c A8       		.byte	-88
 858 033d 0C       		.byte	12
 859 033e AC       		.byte	-84
 860 033f 0C       		.byte	12
 861 0340 AE       		.byte	-82
 862 0341 03       		.byte	3
 863 0342 B0       		.byte	-80
 864 0343 0F       		.byte	15
 865 0344 B3       		.byte	-77
 866 0345 06       		.byte	6
 867 0346 B7       		.byte	-73
 868 0347 01       		.byte	1
 869 0348 B9       		.byte	-71
 870 0349 08       		.byte	8
 871 034a BA       		.byte	-70
 872 034b 02       		.byte	2
 873 034c BF       		.byte	-65
 874 034d 04       		.byte	4
 875 034e C0       		.byte	-64
 876 034f 03       		.byte	3
 877 0350 C7       		.byte	-57
 878 0351 04       		.byte	4
 879 0352 C9       		.byte	-55
 880 0353 FF       		.byte	-1
 881 0354 CA       		.byte	-54
 882 0355 07       		.byte	7
 883 0356 CB       		.byte	-53
 884 0357 FF       		.byte	-1
 885 0358 CC       		.byte	-52
 886 0359 40       		.byte	64
 887 035a CD       		.byte	-51
 888 035b 20       		.byte	32
 889 035c CE       		.byte	-50
 890 035d F0       		.byte	-16
 891 035e CF       		.byte	-49
 892 035f 05       		.byte	5
 893 0360 D0       		.byte	-48
 894 0361 08       		.byte	8
 895 0362 D6       		.byte	-42
 896 0363 02       		.byte	2
 897 0364 D7       		.byte	-41
 898 0365 10       		.byte	16
 899 0366 D8       		.byte	-40
 900 0367 04       		.byte	4
 901 0368 D9       		.byte	-39
 902 0369 04       		.byte	4
 903 036a DA       		.byte	-38
 904 036b 04       		.byte	4
 905 036c DB       		.byte	-37
 906 036d 04       		.byte	4
 907 036e DC       		.byte	-36
 908 036f 11       		.byte	17
 909 0370 DD       		.byte	-35
 910 0371 11       		.byte	17
 911 0372 DF       		.byte	-33
 912 0373 01       		.byte	1
ARM GAS  C:\Users\sebbe\AppData\Local\Temp\ccHnid74.s 			page 17


 913 0374 E0       		.byte	-32
 914 0375 40       		.byte	64
 915 0376 E1       		.byte	-31
 916 0377 A8       		.byte	-88
 917 0378 E2       		.byte	-30
 918 0379 40       		.byte	64
 919 037a E3       		.byte	-29
 920 037b 20       		.byte	32
 921 037c 01       		.byte	1
 922 037d 8A       		.byte	-118
 923 037e 03       		.byte	3
 924 037f 08       		.byte	8
 925 0380 04       		.byte	4
 926 0381 02       		.byte	2
 927 0382 05       		.byte	5
 928 0383 24       		.byte	36
 929 0384 09       		.byte	9
 930 0385 01       		.byte	1
 931 0386 0A       		.byte	10
 932 0387 01       		.byte	1
 933 0388 0C       		.byte	12
 934 0389 80       		.byte	-128
 935 038a 0E       		.byte	14
 936 038b 68       		.byte	104
 937 038c 13       		.byte	19
 938 038d 40       		.byte	64
 939 038e 15       		.byte	21
 940 038f 80       		.byte	-128
 941 0390 16       		.byte	22
 942 0391 80       		.byte	-128
 943 0392 17       		.byte	23
 944 0393 28       		.byte	40
 945 0394 19       		.byte	25
 946 0395 02       		.byte	2
 947 0396 1D       		.byte	29
 948 0397 02       		.byte	2
 949 0398 1E       		.byte	30
 950 0399 40       		.byte	64
 951 039a 22       		.byte	34
 952 039b 80       		.byte	-128
 953 039c 24       		.byte	36
 954 039d 02       		.byte	2
 955 039e 25       		.byte	37
 956 039f 48       		.byte	72
 957 03a0 28       		.byte	40
 958 03a1 40       		.byte	64
 959 03a2 2B       		.byte	43
 960 03a3 01       		.byte	1
 961 03a4 2C       		.byte	44
 962 03a5 40       		.byte	64
 963 03a6 2E       		.byte	46
 964 03a7 01       		.byte	1
 965 03a8 2F       		.byte	47
 966 03a9 40       		.byte	64
 967 03aa 30       		.byte	48
 968 03ab 20       		.byte	32
 969 03ac 32       		.byte	50
ARM GAS  C:\Users\sebbe\AppData\Local\Temp\ccHnid74.s 			page 18


 970 03ad 80       		.byte	-128
 971 03ae 34       		.byte	52
 972 03af 20       		.byte	32
 973 03b0 35       		.byte	53
 974 03b1 80       		.byte	-128
 975 03b2 36       		.byte	54
 976 03b3 A0       		.byte	-96
 977 03b4 37       		.byte	55
 978 03b5 05       		.byte	5
 979 03b6 38       		.byte	56
 980 03b7 A0       		.byte	-96
 981 03b8 3B       		.byte	59
 982 03b9 40       		.byte	64
 983 03ba 3D       		.byte	61
 984 03bb 06       		.byte	6
 985 03bc 3E       		.byte	62
 986 03bd 02       		.byte	2
 987 03be 3F       		.byte	63
 988 03bf 02       		.byte	2
 989 03c0 45       		.byte	69
 990 03c1 08       		.byte	8
 991 03c2 4C       		.byte	76
 992 03c3 20       		.byte	32
 993 03c4 4E       		.byte	78
 994 03c5 20       		.byte	32
 995 03c6 57       		.byte	87
 996 03c7 08       		.byte	8
 997 03c8 5E       		.byte	94
 998 03c9 80       		.byte	-128
 999 03ca 6D       		.byte	109
 1000 03cb 04       		.byte	4
 1001 03cc 6F       		.byte	111
 1002 03cd 05       		.byte	5
 1003 03ce 74       		.byte	116
 1004 03cf 84       		.byte	-124
 1005 03d0 77       		.byte	119
 1006 03d1 28       		.byte	40
 1007 03d2 90       		.byte	-112
 1008 03d3 80       		.byte	-128
 1009 03d4 93       		.byte	-109
 1010 03d5 80       		.byte	-128
 1011 03d6 96       		.byte	-106
 1012 03d7 40       		.byte	64
 1013 03d8 97       		.byte	-105
 1014 03d9 08       		.byte	8
 1015 03da 99       		.byte	-103
 1016 03db 20       		.byte	32
 1017 03dc 9D       		.byte	-99
 1018 03dd 80       		.byte	-128
 1019 03de A2       		.byte	-94
 1020 03df 40       		.byte	64
 1021 03e0 A3       		.byte	-93
 1022 03e1 01       		.byte	1
 1023 03e2 A4       		.byte	-92
 1024 03e3 20       		.byte	32
 1025 03e4 A6       		.byte	-90
 1026 03e5 88       		.byte	-120
ARM GAS  C:\Users\sebbe\AppData\Local\Temp\ccHnid74.s 			page 19


 1027 03e6 A7       		.byte	-89
 1028 03e7 08       		.byte	8
 1029 03e8 B6       		.byte	-74
 1030 03e9 20       		.byte	32
 1031 03ea B7       		.byte	-73
 1032 03eb 40       		.byte	64
 1033 03ec C0       		.byte	-64
 1034 03ed 7F       		.byte	127
 1035 03ee C2       		.byte	-62
 1036 03ef F9       		.byte	-7
 1037 03f0 C4       		.byte	-60
 1038 03f1 F1       		.byte	-15
 1039 03f2 CA       		.byte	-54
 1040 03f3 89       		.byte	-119
 1041 03f4 CC       		.byte	-52
 1042 03f5 FC       		.byte	-4
 1043 03f6 CE       		.byte	-50
 1044 03f7 CC       		.byte	-52
 1045 03f8 D0       		.byte	-48
 1046 03f9 40       		.byte	64
 1047 03fa D6       		.byte	-42
 1048 03fb 10       		.byte	16
 1049 03fc 01       		.byte	1
 1050 03fd 01       		.byte	1
 1051 03fe 0A       		.byte	10
 1052 03ff 08       		.byte	8
 1053 0400 0C       		.byte	12
 1054 0401 01       		.byte	1
 1055 0402 0D       		.byte	13
 1056 0403 04       		.byte	4
 1057 0404 0E       		.byte	14
 1058 0405 06       		.byte	6
 1059 0406 10       		.byte	16
 1060 0407 0C       		.byte	12
 1061 0408 12       		.byte	18
 1062 0409 03       		.byte	3
 1063 040a 15       		.byte	21
 1064 040b 04       		.byte	4
 1065 040c 19       		.byte	25
 1066 040d 04       		.byte	4
 1067 040e 1A       		.byte	26
 1068 040f 03       		.byte	3
 1069 0410 1C       		.byte	28
 1070 0411 01       		.byte	1
 1071 0412 1E       		.byte	30
 1072 0413 0E       		.byte	14
 1073 0414 23       		.byte	35
 1074 0415 01       		.byte	1
 1075 0416 25       		.byte	37
 1076 0417 02       		.byte	2
 1077 0418 29       		.byte	41
 1078 0419 04       		.byte	4
 1079 041a 2D       		.byte	45
 1080 041b 01       		.byte	1
 1081 041c 2E       		.byte	46
 1082 041d 0C       		.byte	12
 1083 041e 31       		.byte	49
ARM GAS  C:\Users\sebbe\AppData\Local\Temp\ccHnid74.s 			page 20


 1084 041f 03       		.byte	3
 1085 0420 36       		.byte	54
 1086 0421 0F       		.byte	15
 1087 0422 37       		.byte	55
 1088 0423 04       		.byte	4
 1089 0424 39       		.byte	57
 1090 0425 02       		.byte	2
 1091 0426 3A       		.byte	58
 1092 0427 80       		.byte	-128
 1093 0428 3B       		.byte	59
 1094 0429 08       		.byte	8
 1095 042a 3F       		.byte	63
 1096 042b 40       		.byte	64
 1097 042c 40       		.byte	64
 1098 042d 41       		.byte	65
 1099 042e 49       		.byte	73
 1100 042f FF       		.byte	-1
 1101 0430 4A       		.byte	74
 1102 0431 FF       		.byte	-1
 1103 0432 4B       		.byte	75
 1104 0433 FF       		.byte	-1
 1105 0434 4F       		.byte	79
 1106 0435 01       		.byte	1
 1107 0436 50       		.byte	80
 1108 0437 18       		.byte	24
 1109 0438 52       		.byte	82
 1110 0439 80       		.byte	-128
 1111 043a 58       		.byte	88
 1112 043b 04       		.byte	4
 1113 043c 59       		.byte	89
 1114 043d 04       		.byte	4
 1115 043e 5A       		.byte	90
 1116 043f 04       		.byte	4
 1117 0440 5B       		.byte	91
 1118 0441 04       		.byte	4
 1119 0442 5C       		.byte	92
 1120 0443 11       		.byte	17
 1121 0444 5D       		.byte	93
 1122 0445 44       		.byte	68
 1123 0446 5F       		.byte	95
 1124 0447 01       		.byte	1
 1125 0448 60       		.byte	96
 1126 0449 40       		.byte	64
 1127 044a 62       		.byte	98
 1128 044b 40       		.byte	64
 1129 044c 64       		.byte	100
 1130 044d 40       		.byte	64
 1131 044e 65       		.byte	101
 1132 044f 40       		.byte	64
 1133 0450 66       		.byte	102
 1134 0451 80       		.byte	-128
 1135 0452 68       		.byte	104
 1136 0453 80       		.byte	-128
 1137 0454 6A       		.byte	106
 1138 0455 80       		.byte	-128
 1139 0456 6C       		.byte	108
 1140 0457 80       		.byte	-128
ARM GAS  C:\Users\sebbe\AppData\Local\Temp\ccHnid74.s 			page 21


 1141 0458 6E       		.byte	110
 1142 0459 80       		.byte	-128
 1143 045a 86       		.byte	-122
 1144 045b 0C       		.byte	12
 1145 045c 8A       		.byte	-118
 1146 045d 04       		.byte	4
 1147 045e 8E       		.byte	-114
 1148 045f 06       		.byte	6
 1149 0460 90       		.byte	-112
 1150 0461 0C       		.byte	12
 1151 0462 92       		.byte	-110
 1152 0463 02       		.byte	2
 1153 0464 9E       		.byte	-98
 1154 0465 01       		.byte	1
 1155 0466 A2       		.byte	-94
 1156 0467 0A       		.byte	10
 1157 0468 A6       		.byte	-90
 1158 0469 02       		.byte	2
 1159 046a AE       		.byte	-82
 1160 046b 01       		.byte	1
 1161 046c B0       		.byte	-80
 1162 046d 0E       		.byte	14
 1163 046e B6       		.byte	-74
 1164 046f 01       		.byte	1
 1165 0470 BA       		.byte	-70
 1166 0471 02       		.byte	2
 1167 0472 BE       		.byte	-66
 1168 0473 40       		.byte	64
 1169 0474 C0       		.byte	-64
 1170 0475 41       		.byte	65
 1171 0476 C5       		.byte	-59
 1172 0477 EC       		.byte	-20
 1173 0478 C6       		.byte	-58
 1174 0479 02       		.byte	2
 1175 047a C8       		.byte	-56
 1176 047b 07       		.byte	7
 1177 047c C9       		.byte	-55
 1178 047d FF       		.byte	-1
 1179 047e CA       		.byte	-54
 1180 047f FF       		.byte	-1
 1181 0480 CB       		.byte	-53
 1182 0481 FF       		.byte	-1
 1183 0482 CD       		.byte	-51
 1184 0483 83       		.byte	-125
 1185 0484 CE       		.byte	-50
 1186 0485 03       		.byte	3
 1187 0486 CF       		.byte	-49
 1188 0487 01       		.byte	1
 1189 0488 D0       		.byte	-48
 1190 0489 18       		.byte	24
 1191 048a D4       		.byte	-44
 1192 048b 01       		.byte	1
 1193 048c D6       		.byte	-42
 1194 048d 04       		.byte	4
 1195 048e D8       		.byte	-40
 1196 048f 04       		.byte	4
 1197 0490 DA       		.byte	-38
ARM GAS  C:\Users\sebbe\AppData\Local\Temp\ccHnid74.s 			page 22


 1198 0491 04       		.byte	4
 1199 0492 DB       		.byte	-37
 1200 0493 04       		.byte	4
 1201 0494 DC       		.byte	-36
 1202 0495 01       		.byte	1
 1203 0496 DD       		.byte	-35
 1204 0497 44       		.byte	68
 1205 0498 DF       		.byte	-33
 1206 0499 01       		.byte	1
 1207 049a E0       		.byte	-32
 1208 049b 40       		.byte	64
 1209 049c E2       		.byte	-30
 1210 049d 40       		.byte	64
 1211 049e E4       		.byte	-28
 1212 049f 40       		.byte	64
 1213 04a0 E5       		.byte	-27
 1214 04a1 40       		.byte	64
 1215 04a2 E6       		.byte	-26
 1216 04a3 80       		.byte	-128
 1217 04a4 E8       		.byte	-24
 1218 04a5 80       		.byte	-128
 1219 04a6 EA       		.byte	-22
 1220 04a7 80       		.byte	-128
 1221 04a8 EC       		.byte	-20
 1222 04a9 80       		.byte	-128
 1223 04aa EE       		.byte	-18
 1224 04ab 80       		.byte	-128
 1225 04ac 00       		.byte	0
 1226 04ad 10       		.byte	16
 1227 04ae 02       		.byte	2
 1228 04af 20       		.byte	32
 1229 04b0 03       		.byte	3
 1230 04b1 0A       		.byte	10
 1231 04b2 04       		.byte	4
 1232 04b3 10       		.byte	16
 1233 04b4 05       		.byte	5
 1234 04b5 80       		.byte	-128
 1235 04b6 08       		.byte	8
 1236 04b7 01       		.byte	1
 1237 04b8 09       		.byte	9
 1238 04b9 80       		.byte	-128
 1239 04ba 0B       		.byte	11
 1240 04bb 80       		.byte	-128
 1241 04bc 0C       		.byte	12
 1242 04bd 21       		.byte	33
 1243 04be 0F       		.byte	15
 1244 04bf 02       		.byte	2
 1245 04c0 10       		.byte	16
 1246 04c1 22       		.byte	34
 1247 04c2 12       		.byte	18
 1248 04c3 80       		.byte	-128
 1249 04c4 17       		.byte	23
 1250 04c5 40       		.byte	64
 1251 04c6 19       		.byte	25
 1252 04c7 40       		.byte	64
 1253 04c8 1B       		.byte	27
 1254 04c9 03       		.byte	3
ARM GAS  C:\Users\sebbe\AppData\Local\Temp\ccHnid74.s 			page 23


 1255 04ca 1F       		.byte	31
 1256 04cb 40       		.byte	64
 1257 04cc 24       		.byte	36
 1258 04cd 80       		.byte	-128
 1259 04ce 26       		.byte	38
 1260 04cf 40       		.byte	64
 1261 04d0 27       		.byte	39
 1262 04d1 50       		.byte	80
 1263 04d2 2C       		.byte	44
 1264 04d3 20       		.byte	32
 1265 04d4 2D       		.byte	45
 1266 04d5 80       		.byte	-128
 1267 04d6 2F       		.byte	47
 1268 04d7 44       		.byte	68
 1269 04d8 35       		.byte	53
 1270 04d9 20       		.byte	32
 1271 04da 36       		.byte	54
 1272 04db 08       		.byte	8
 1273 04dc 37       		.byte	55
 1274 04dd 10       		.byte	16
 1275 04de 3E       		.byte	62
 1276 04df 40       		.byte	64
 1277 04e0 3F       		.byte	63
 1278 04e1 02       		.byte	2
 1279 04e2 41       		.byte	65
 1280 04e3 80       		.byte	-128
 1281 04e4 42       		.byte	66
 1282 04e5 80       		.byte	-128
 1283 04e6 45       		.byte	69
 1284 04e7 80       		.byte	-128
 1285 04e8 46       		.byte	70
 1286 04e9 80       		.byte	-128
 1287 04ea 49       		.byte	73
 1288 04eb 05       		.byte	5
 1289 04ec 51       		.byte	81
 1290 04ed 80       		.byte	-128
 1291 04ee 59       		.byte	89
 1292 04ef 45       		.byte	69
 1293 04f0 63       		.byte	99
 1294 04f1 40       		.byte	64
 1295 04f2 74       		.byte	116
 1296 04f3 02       		.byte	2
 1297 04f4 76       		.byte	118
 1298 04f5 80       		.byte	-128
 1299 04f6 87       		.byte	-121
 1300 04f7 40       		.byte	64
 1301 04f8 C0       		.byte	-64
 1302 04f9 C7       		.byte	-57
 1303 04fa C2       		.byte	-62
 1304 04fb D9       		.byte	-39
 1305 04fc C4       		.byte	-60
 1306 04fd 8D       		.byte	-115
 1307 04fe CA       		.byte	-54
 1308 04ff F0       		.byte	-16
 1309 0500 CC       		.byte	-52
 1310 0501 60       		.byte	96
 1311 0502 CE       		.byte	-50
ARM GAS  C:\Users\sebbe\AppData\Local\Temp\ccHnid74.s 			page 24


 1312 0503 90       		.byte	-112
 1313 0504 D0       		.byte	-48
 1314 0505 99       		.byte	-103
 1315 0506 D6       		.byte	-42
 1316 0507 0B       		.byte	11
 1317 0508 D8       		.byte	-40
 1318 0509 01       		.byte	1
 1319 050a 00       		.byte	0
 1320 050b 02       		.byte	2
 1321 050c 06       		.byte	6
 1322 050d 02       		.byte	2
 1323 050e 07       		.byte	7
 1324 050f 01       		.byte	1
 1325 0510 0C       		.byte	12
 1326 0511 01       		.byte	1
 1327 0512 1E       		.byte	30
 1328 0513 01       		.byte	1
 1329 0514 2A       		.byte	42
 1330 0515 01       		.byte	1
 1331 0516 2B       		.byte	43
 1332 0517 02       		.byte	2
 1333 0518 2D       		.byte	45
 1334 0519 01       		.byte	1
 1335 051a 33       		.byte	51
 1336 051b 01       		.byte	1
 1337 051c 34       		.byte	52
 1338 051d 02       		.byte	2
 1339 051e 36       		.byte	54
 1340 051f 01       		.byte	1
 1341 0520 37       		.byte	55
 1342 0521 02       		.byte	2
 1343 0522 3E       		.byte	62
 1344 0523 50       		.byte	80
 1345 0524 3F       		.byte	63
 1346 0525 04       		.byte	4
 1347 0526 40       		.byte	64
 1348 0527 13       		.byte	19
 1349 0528 49       		.byte	73
 1350 0529 FF       		.byte	-1
 1351 052a 4A       		.byte	74
 1352 052b FF       		.byte	-1
 1353 052c 4B       		.byte	75
 1354 052d FF       		.byte	-1
 1355 052e 4F       		.byte	79
 1356 052f 01       		.byte	1
 1357 0530 50       		.byte	80
 1358 0531 18       		.byte	24
 1359 0532 54       		.byte	84
 1360 0533 41       		.byte	65
 1361 0534 56       		.byte	86
 1362 0535 04       		.byte	4
 1363 0536 58       		.byte	88
 1364 0537 04       		.byte	4
 1365 0538 59       		.byte	89
 1366 0539 04       		.byte	4
 1367 053a 5A       		.byte	90
 1368 053b 04       		.byte	4
ARM GAS  C:\Users\sebbe\AppData\Local\Temp\ccHnid74.s 			page 25


 1369 053c 5B       		.byte	91
 1370 053d 04       		.byte	4
 1371 053e 5D       		.byte	93
 1372 053f 02       		.byte	2
 1373 0540 5F       		.byte	95
 1374 0541 01       		.byte	1
 1375 0542 60       		.byte	96
 1376 0543 40       		.byte	64
 1377 0544 62       		.byte	98
 1378 0545 40       		.byte	64
 1379 0546 64       		.byte	100
 1380 0547 40       		.byte	64
 1381 0548 65       		.byte	101
 1382 0549 40       		.byte	64
 1383 054a 66       		.byte	102
 1384 054b 80       		.byte	-128
 1385 054c 68       		.byte	104
 1386 054d 80       		.byte	-128
 1387 054e 6A       		.byte	106
 1388 054f 80       		.byte	-128
 1389 0550 6C       		.byte	108
 1390 0551 80       		.byte	-128
 1391 0552 6E       		.byte	110
 1392 0553 80       		.byte	-128
 1393 0554 A6       		.byte	-90
 1394 0555 01       		.byte	1
 1395 0556 AE       		.byte	-82
 1396 0557 01       		.byte	1
 1397 0558 B0       		.byte	-80
 1398 0559 01       		.byte	1
 1399 055a BE       		.byte	-66
 1400 055b 01       		.byte	1
 1401 055c C0       		.byte	-64
 1402 055d 13       		.byte	19
 1403 055e C9       		.byte	-55
 1404 055f FF       		.byte	-1
 1405 0560 CA       		.byte	-54
 1406 0561 FF       		.byte	-1
 1407 0562 CB       		.byte	-53
 1408 0563 FF       		.byte	-1
 1409 0564 CD       		.byte	-51
 1410 0565 83       		.byte	-125
 1411 0566 CE       		.byte	-50
 1412 0567 03       		.byte	3
 1413 0568 CF       		.byte	-49
 1414 0569 01       		.byte	1
 1415 056a D0       		.byte	-48
 1416 056b 18       		.byte	24
 1417 056c D2       		.byte	-46
 1418 056d 80       		.byte	-128
 1419 056e D4       		.byte	-44
 1420 056f 01       		.byte	1
 1421 0570 D6       		.byte	-42
 1422 0571 04       		.byte	4
 1423 0572 D8       		.byte	-40
 1424 0573 04       		.byte	4
 1425 0574 DA       		.byte	-38
ARM GAS  C:\Users\sebbe\AppData\Local\Temp\ccHnid74.s 			page 26


 1426 0575 04       		.byte	4
 1427 0576 DB       		.byte	-37
 1428 0577 04       		.byte	4
 1429 0578 DD       		.byte	-35
 1430 0579 22       		.byte	34
 1431 057a DF       		.byte	-33
 1432 057b 01       		.byte	1
 1433 057c E0       		.byte	-32
 1434 057d 40       		.byte	64
 1435 057e E2       		.byte	-30
 1436 057f 40       		.byte	64
 1437 0580 E4       		.byte	-28
 1438 0581 40       		.byte	64
 1439 0582 E5       		.byte	-27
 1440 0583 40       		.byte	64
 1441 0584 E6       		.byte	-26
 1442 0585 80       		.byte	-128
 1443 0586 E8       		.byte	-24
 1444 0587 80       		.byte	-128
 1445 0588 EA       		.byte	-22
 1446 0589 80       		.byte	-128
 1447 058a EC       		.byte	-20
 1448 058b 80       		.byte	-128
 1449 058c EE       		.byte	-18
 1450 058d 80       		.byte	-128
 1451 058e 00       		.byte	0
 1452 058f 81       		.byte	-127
 1453 0590 01       		.byte	1
 1454 0591 80       		.byte	-128
 1455 0592 02       		.byte	2
 1456 0593 10       		.byte	16
 1457 0594 08       		.byte	8
 1458 0595 C0       		.byte	-64
 1459 0596 12       		.byte	18
 1460 0597 04       		.byte	4
 1461 0598 16       		.byte	22
 1462 0599 20       		.byte	32
 1463 059a 17       		.byte	23
 1464 059b 40       		.byte	64
 1465 059c 19       		.byte	25
 1466 059d 50       		.byte	80
 1467 059e 1E       		.byte	30
 1468 059f 80       		.byte	-128
 1469 05a0 20       		.byte	32
 1470 05a1 01       		.byte	1
 1471 05a2 21       		.byte	33
 1472 05a3 08       		.byte	8
 1473 05a4 29       		.byte	41
 1474 05a5 80       		.byte	-128
 1475 05a6 2A       		.byte	42
 1476 05a7 10       		.byte	16
 1477 05a8 3A       		.byte	58
 1478 05a9 04       		.byte	4
 1479 05aa 42       		.byte	66
 1480 05ab 20       		.byte	32
 1481 05ac 43       		.byte	67
 1482 05ad 40       		.byte	64
ARM GAS  C:\Users\sebbe\AppData\Local\Temp\ccHnid74.s 			page 27


 1483 05ae 46       		.byte	70
 1484 05af 20       		.byte	32
 1485 05b0 47       		.byte	71
 1486 05b1 40       		.byte	64
 1487 05b2 59       		.byte	89
 1488 05b3 40       		.byte	64
 1489 05b4 5A       		.byte	90
 1490 05b5 08       		.byte	8
 1491 05b6 5B       		.byte	91
 1492 05b7 20       		.byte	32
 1493 05b8 5E       		.byte	94
 1494 05b9 80       		.byte	-128
 1495 05ba 5F       		.byte	95
 1496 05bb 05       		.byte	5
 1497 05bc 61       		.byte	97
 1498 05bd 08       		.byte	8
 1499 05be 62       		.byte	98
 1500 05bf 02       		.byte	2
 1501 05c0 67       		.byte	103
 1502 05c1 80       		.byte	-128
 1503 05c2 77       		.byte	119
 1504 05c3 40       		.byte	64
 1505 05c4 81       		.byte	-127
 1506 05c5 02       		.byte	2
 1507 05c6 83       		.byte	-125
 1508 05c7 20       		.byte	32
 1509 05c8 87       		.byte	-121
 1510 05c9 40       		.byte	64
 1511 05ca 88       		.byte	-120
 1512 05cb 40       		.byte	64
 1513 05cc 8A       		.byte	-118
 1514 05cd 06       		.byte	6
 1515 05ce 93       		.byte	-109
 1516 05cf 05       		.byte	5
 1517 05d0 98       		.byte	-104
 1518 05d1 80       		.byte	-128
 1519 05d2 9A       		.byte	-102
 1520 05d3 34       		.byte	52
 1521 05d4 9D       		.byte	-99
 1522 05d5 10       		.byte	16
 1523 05d6 9F       		.byte	-97
 1524 05d7 40       		.byte	64
 1525 05d8 A0       		.byte	-96
 1526 05d9 40       		.byte	64
 1527 05da A1       		.byte	-95
 1528 05db 02       		.byte	2
 1529 05dc B1       		.byte	-79
 1530 05dd 20       		.byte	32
 1531 05de B2       		.byte	-78
 1532 05df 20       		.byte	32
 1533 05e0 C0       		.byte	-64
 1534 05e1 0D       		.byte	13
 1535 05e2 C2       		.byte	-62
 1536 05e3 01       		.byte	1
 1537 05e4 C4       		.byte	-60
 1538 05e5 A2       		.byte	-94
 1539 05e6 CA       		.byte	-54
ARM GAS  C:\Users\sebbe\AppData\Local\Temp\ccHnid74.s 			page 28


 1540 05e7 0C       		.byte	12
 1541 05e8 CE       		.byte	-50
 1542 05e9 02       		.byte	2
 1543 05ea D0       		.byte	-48
 1544 05eb 5A       		.byte	90
 1545 05ec D6       		.byte	-42
 1546 05ed DE       		.byte	-34
 1547 05ee D8       		.byte	-40
 1548 05ef 83       		.byte	-125
 1549 05f0 E6       		.byte	-26
 1550 05f1 20       		.byte	32
 1551 05f2 EA       		.byte	-22
 1552 05f3 10       		.byte	16
 1553 05f4 40       		.byte	64
 1554 05f5 13       		.byte	19
 1555 05f6 45       		.byte	69
 1556 05f7 EC       		.byte	-20
 1557 05f8 46       		.byte	70
 1558 05f9 20       		.byte	32
 1559 05fa 48       		.byte	72
 1560 05fb 0B       		.byte	11
 1561 05fc 49       		.byte	73
 1562 05fd FF       		.byte	-1
 1563 05fe 4A       		.byte	74
 1564 05ff FF       		.byte	-1
 1565 0600 4B       		.byte	75
 1566 0601 FF       		.byte	-1
 1567 0602 4D       		.byte	77
 1568 0603 83       		.byte	-125
 1569 0604 4E       		.byte	78
 1570 0605 03       		.byte	3
 1571 0606 4F       		.byte	79
 1572 0607 01       		.byte	1
 1573 0608 50       		.byte	80
 1574 0609 18       		.byte	24
 1575 060a 5A       		.byte	90
 1576 060b 04       		.byte	4
 1577 060c 5D       		.byte	93
 1578 060d 02       		.byte	2
 1579 060e 5F       		.byte	95
 1580 060f 01       		.byte	1
 1581 0610 60       		.byte	96
 1582 0611 40       		.byte	64
 1583 0612 62       		.byte	98
 1584 0613 40       		.byte	64
 1585 0614 64       		.byte	100
 1586 0615 40       		.byte	64
 1587 0616 65       		.byte	101
 1588 0617 40       		.byte	64
 1589 0618 66       		.byte	102
 1590 0619 80       		.byte	-128
 1591 061a 68       		.byte	104
 1592 061b 80       		.byte	-128
 1593 061c 6A       		.byte	106
 1594 061d 80       		.byte	-128
 1595 061e 6C       		.byte	108
 1596 061f 80       		.byte	-128
ARM GAS  C:\Users\sebbe\AppData\Local\Temp\ccHnid74.s 			page 29


 1597 0620 6E       		.byte	110
 1598 0621 80       		.byte	-128
 1599 0622 80       		.byte	-128
 1600 0623 01       		.byte	1
 1601 0624 82       		.byte	-126
 1602 0625 10       		.byte	16
 1603 0626 86       		.byte	-122
 1604 0627 01       		.byte	1
 1605 0628 8B       		.byte	-117
 1606 0629 01       		.byte	1
 1607 062a 90       		.byte	-112
 1608 062b 01       		.byte	1
 1609 062c 92       		.byte	-110
 1610 062d 08       		.byte	8
 1611 062e 99       		.byte	-103
 1612 062f 01       		.byte	1
 1613 0630 9A       		.byte	-102
 1614 0631 1E       		.byte	30
 1615 0632 9C       		.byte	-100
 1616 0633 01       		.byte	1
 1617 0634 9D       		.byte	-99
 1618 0635 01       		.byte	1
 1619 0636 9E       		.byte	-98
 1620 0637 04       		.byte	4
 1621 0638 A0       		.byte	-96
 1622 0639 01       		.byte	1
 1623 063a A1       		.byte	-95
 1624 063b 01       		.byte	1
 1625 063c A2       		.byte	-94
 1626 063d 02       		.byte	2
 1627 063e AD       		.byte	-83
 1628 063f 01       		.byte	1
 1629 0640 B5       		.byte	-75
 1630 0641 01       		.byte	1
 1631 0642 B6       		.byte	-74
 1632 0643 1F       		.byte	31
 1633 0644 BE       		.byte	-66
 1634 0645 40       		.byte	64
 1635 0646 BF       		.byte	-65
 1636 0647 10       		.byte	16
 1637 0648 C0       		.byte	-64
 1638 0649 05       		.byte	5
 1639 064a C1       		.byte	-63
 1640 064b 02       		.byte	2
 1641 064c C2       		.byte	-62
 1642 064d 50       		.byte	80
 1643 064e C4       		.byte	-60
 1644 064f 01       		.byte	1
 1645 0650 C5       		.byte	-59
 1646 0651 CB       		.byte	-53
 1647 0652 C6       		.byte	-58
 1648 0653 DF       		.byte	-33
 1649 0654 C7       		.byte	-57
 1650 0655 E0       		.byte	-32
 1651 0656 C8       		.byte	-56
 1652 0657 2F       		.byte	47
 1653 0658 C9       		.byte	-55
ARM GAS  C:\Users\sebbe\AppData\Local\Temp\ccHnid74.s 			page 30


 1654 0659 FF       		.byte	-1
 1655 065a CA       		.byte	-54
 1656 065b FF       		.byte	-1
 1657 065c CB       		.byte	-53
 1658 065d FF       		.byte	-1
 1659 065e CC       		.byte	-52
 1660 065f 22       		.byte	34
 1661 0660 CE       		.byte	-50
 1662 0661 F0       		.byte	-16
 1663 0662 CF       		.byte	-49
 1664 0663 0C       		.byte	12
 1665 0664 D0       		.byte	-48
 1666 0665 8C       		.byte	-116
 1667 0666 D1       		.byte	-47
 1668 0667 10       		.byte	16
 1669 0668 D6       		.byte	-42
 1670 0669 08       		.byte	8
 1671 066a D8       		.byte	-40
 1672 066b 04       		.byte	4
 1673 066c D9       		.byte	-39
 1674 066d 04       		.byte	4
 1675 066e DA       		.byte	-38
 1676 066f 04       		.byte	4
 1677 0670 DB       		.byte	-37
 1678 0671 04       		.byte	4
 1679 0672 DD       		.byte	-35
 1680 0673 08       		.byte	8
 1681 0674 DF       		.byte	-33
 1682 0675 31       		.byte	49
 1683 0676 E8       		.byte	-24
 1684 0677 40       		.byte	64
 1685 0678 E9       		.byte	-23
 1686 0679 01       		.byte	1
 1687 067a EA       		.byte	-22
 1688 067b C0       		.byte	-64
 1689 067c EB       		.byte	-21
 1690 067d 01       		.byte	1
 1691 067e 01       		.byte	1
 1692 067f 02       		.byte	2
 1693 0680 03       		.byte	3
 1694 0681 10       		.byte	16
 1695 0682 08       		.byte	8
 1696 0683 02       		.byte	2
 1697 0684 09       		.byte	9
 1698 0685 40       		.byte	64
 1699 0686 0A       		.byte	10
 1700 0687 04       		.byte	4
 1701 0688 10       		.byte	16
 1702 0689 40       		.byte	64
 1703 068a 1A       		.byte	26
 1704 068b 01       		.byte	1
 1705 068c 22       		.byte	34
 1706 068d 10       		.byte	16
 1707 068e 28       		.byte	40
 1708 068f 02       		.byte	2
 1709 0690 29       		.byte	41
 1710 0691 02       		.byte	2
ARM GAS  C:\Users\sebbe\AppData\Local\Temp\ccHnid74.s 			page 31


 1711 0692 30       		.byte	48
 1712 0693 60       		.byte	96
 1713 0694 38       		.byte	56
 1714 0695 20       		.byte	32
 1715 0696 41       		.byte	65
 1716 0697 20       		.byte	32
 1717 0698 42       		.byte	66
 1718 0699 01       		.byte	1
 1719 069a 46       		.byte	70
 1720 069b 20       		.byte	32
 1721 069c 47       		.byte	71
 1722 069d 40       		.byte	64
 1723 069e 48       		.byte	72
 1724 069f 01       		.byte	1
 1725 06a0 49       		.byte	73
 1726 06a1 01       		.byte	1
 1727 06a2 4A       		.byte	74
 1728 06a3 20       		.byte	32
 1729 06a4 4F       		.byte	79
 1730 06a5 05       		.byte	5
 1731 06a6 50       		.byte	80
 1732 06a7 10       		.byte	16
 1733 06a8 51       		.byte	81
 1734 06a9 82       		.byte	-126
 1735 06aa 56       		.byte	86
 1736 06ab 20       		.byte	32
 1737 06ac 59       		.byte	89
 1738 06ad 89       		.byte	-119
 1739 06ae 5A       		.byte	90
 1740 06af 20       		.byte	32
 1741 06b0 60       		.byte	96
 1742 06b1 80       		.byte	-128
 1743 06b2 62       		.byte	98
 1744 06b3 54       		.byte	84
 1745 06b4 79       		.byte	121
 1746 06b5 02       		.byte	2
 1747 06b6 80       		.byte	-128
 1748 06b7 02       		.byte	2
 1749 06b8 81       		.byte	-127
 1750 06b9 02       		.byte	2
 1751 06ba 83       		.byte	-125
 1752 06bb 01       		.byte	1
 1753 06bc 84       		.byte	-124
 1754 06bd 60       		.byte	96
 1755 06be 85       		.byte	-123
 1756 06bf 40       		.byte	64
 1757 06c0 8C       		.byte	-116
 1758 06c1 10       		.byte	16
 1759 06c2 8D       		.byte	-115
 1760 06c3 80       		.byte	-128
 1761 06c4 91       		.byte	-111
 1762 06c5 02       		.byte	2
 1763 06c6 92       		.byte	-110
 1764 06c7 04       		.byte	4
 1765 06c8 97       		.byte	-105
 1766 06c9 02       		.byte	2
 1767 06ca 99       		.byte	-103
ARM GAS  C:\Users\sebbe\AppData\Local\Temp\ccHnid74.s 			page 32


 1768 06cb 08       		.byte	8
 1769 06cc 9B       		.byte	-101
 1770 06cd 10       		.byte	16
 1771 06ce 9C       		.byte	-100
 1772 06cf 42       		.byte	66
 1773 06d0 9D       		.byte	-99
 1774 06d1 10       		.byte	16
 1775 06d2 9E       		.byte	-98
 1776 06d3 44       		.byte	68
 1777 06d4 A0       		.byte	-96
 1778 06d5 41       		.byte	65
 1779 06d6 A4       		.byte	-92
 1780 06d7 20       		.byte	32
 1781 06d8 A5       		.byte	-91
 1782 06d9 80       		.byte	-128
 1783 06da AE       		.byte	-82
 1784 06db 48       		.byte	72
 1785 06dc B1       		.byte	-79
 1786 06dd 01       		.byte	1
 1787 06de C0       		.byte	-64
 1788 06df 0C       		.byte	12
 1789 06e0 C2       		.byte	-62
 1790 06e1 0B       		.byte	11
 1791 06e2 C4       		.byte	-60
 1792 06e3 08       		.byte	8
 1793 06e4 CA       		.byte	-54
 1794 06e5 09       		.byte	9
 1795 06e6 CC       		.byte	-52
 1796 06e7 0C       		.byte	12
 1797 06e8 CE       		.byte	-50
 1798 06e9 04       		.byte	4
 1799 06ea D0       		.byte	-48
 1800 06eb 5C       		.byte	92
 1801 06ec D2       		.byte	-46
 1802 06ed 08       		.byte	8
 1803 06ee D6       		.byte	-42
 1804 06ef 0F       		.byte	15
 1805 06f0 D8       		.byte	-40
 1806 06f1 0F       		.byte	15
 1807 06f2 DE       		.byte	-34
 1808 06f3 01       		.byte	1
 1809 06f4 E2       		.byte	-30
 1810 06f5 02       		.byte	2
 1811 06f6 E6       		.byte	-26
 1812 06f7 0D       		.byte	13
 1813 06f8 80       		.byte	-128
 1814 06f9 01       		.byte	1
 1815 06fa B6       		.byte	-74
 1816 06fb 01       		.byte	1
 1817 06fc BE       		.byte	-66
 1818 06fd 40       		.byte	64
 1819 06fe D4       		.byte	-44
 1820 06ff 18       		.byte	24
 1821 0700 D6       		.byte	-42
 1822 0701 04       		.byte	4
 1823 0702 D8       		.byte	-40
 1824 0703 04       		.byte	4
ARM GAS  C:\Users\sebbe\AppData\Local\Temp\ccHnid74.s 			page 33


 1825 0704 DB       		.byte	-37
 1826 0705 04       		.byte	4
 1827 0706 DD       		.byte	-35
 1828 0707 10       		.byte	16
 1829 0708 DF       		.byte	-33
 1830 0709 01       		.byte	1
 1831 070a 01       		.byte	1
 1832 070b 02       		.byte	2
 1833 070c 05       		.byte	5
 1834 070d 84       		.byte	-124
 1835 070e 06       		.byte	6
 1836 070f 40       		.byte	64
 1837 0710 07       		.byte	7
 1838 0711 04       		.byte	4
 1839 0712 0D       		.byte	13
 1840 0713 80       		.byte	-128
 1841 0714 0E       		.byte	14
 1842 0715 60       		.byte	96
 1843 0716 0F       		.byte	15
 1844 0717 09       		.byte	9
 1845 0718 15       		.byte	21
 1846 0719 82       		.byte	-126
 1847 071a 16       		.byte	22
 1848 071b 28       		.byte	40
 1849 071c 1A       		.byte	26
 1850 071d 02       		.byte	2
 1851 071e 1D       		.byte	29
 1852 071f 20       		.byte	32
 1853 0720 1E       		.byte	30
 1854 0721 40       		.byte	64
 1855 0722 1F       		.byte	31
 1856 0723 48       		.byte	72
 1857 0724 24       		.byte	36
 1858 0725 01       		.byte	1
 1859 0726 25       		.byte	37
 1860 0727 01       		.byte	1
 1861 0728 26       		.byte	38
 1862 0729 10       		.byte	16
 1863 072a 27       		.byte	39
 1864 072b 20       		.byte	32
 1865 072c 2D       		.byte	45
 1866 072d 80       		.byte	-128
 1867 072e 2E       		.byte	46
 1868 072f A0       		.byte	-96
 1869 0730 2F       		.byte	47
 1870 0731 28       		.byte	40
 1871 0732 36       		.byte	54
 1872 0733 13       		.byte	19
 1873 0734 37       		.byte	55
 1874 0735 04       		.byte	4
 1875 0736 3D       		.byte	61
 1876 0737 04       		.byte	4
 1877 0738 3E       		.byte	62
 1878 0739 08       		.byte	8
 1879 073a 45       		.byte	69
 1880 073b 42       		.byte	66
 1881 073c 46       		.byte	70
ARM GAS  C:\Users\sebbe\AppData\Local\Temp\ccHnid74.s 			page 34


 1882 073d 40       		.byte	64
 1883 073e 47       		.byte	71
 1884 073f 20       		.byte	32
 1885 0740 4D       		.byte	77
 1886 0741 20       		.byte	32
 1887 0742 4E       		.byte	78
 1888 0743 02       		.byte	2
 1889 0744 4F       		.byte	79
 1890 0745 08       		.byte	8
 1891 0746 57       		.byte	87
 1892 0747 20       		.byte	32
 1893 0748 5B       		.byte	91
 1894 0749 01       		.byte	1
 1895 074a 60       		.byte	96
 1896 074b 81       		.byte	-127
 1897 074c 61       		.byte	97
 1898 074d 20       		.byte	32
 1899 074e 67       		.byte	103
 1900 074f 80       		.byte	-128
 1901 0750 6C       		.byte	108
 1902 0751 04       		.byte	4
 1903 0752 6D       		.byte	109
 1904 0753 40       		.byte	64
 1905 0754 6E       		.byte	110
 1906 0755 04       		.byte	4
 1907 0756 6F       		.byte	111
 1908 0757 80       		.byte	-128
 1909 0758 7A       		.byte	122
 1910 0759 04       		.byte	4
 1911 075a 7B       		.byte	123
 1912 075b 08       		.byte	8
 1913 075c 7C       		.byte	124
 1914 075d 10       		.byte	16
 1915 075e 7E       		.byte	126
 1916 075f 20       		.byte	32
 1917 0760 80       		.byte	-128
 1918 0761 04       		.byte	4
 1919 0762 81       		.byte	-127
 1920 0763 40       		.byte	64
 1921 0764 85       		.byte	-123
 1922 0765 21       		.byte	33
 1923 0766 86       		.byte	-122
 1924 0767 04       		.byte	4
 1925 0768 87       		.byte	-121
 1926 0769 80       		.byte	-128
 1927 076a 91       		.byte	-111
 1928 076b 84       		.byte	-124
 1929 076c 97       		.byte	-105
 1930 076d 21       		.byte	33
 1931 076e 99       		.byte	-103
 1932 076f 26       		.byte	38
 1933 0770 9B       		.byte	-101
 1934 0771 05       		.byte	5
 1935 0772 9E       		.byte	-98
 1936 0773 80       		.byte	-128
 1937 0774 A1       		.byte	-95
 1938 0775 42       		.byte	66
ARM GAS  C:\Users\sebbe\AppData\Local\Temp\ccHnid74.s 			page 35


 1939 0776 A2       		.byte	-94
 1940 0777 21       		.byte	33
 1941 0778 A5       		.byte	-91
 1942 0779 01       		.byte	1
 1943 077a A6       		.byte	-90
 1944 077b 14       		.byte	20
 1945 077c B2       		.byte	-78
 1946 077d 20       		.byte	32
 1947 077e B5       		.byte	-75
 1948 077f 48       		.byte	72
 1949 0780 C0       		.byte	-64
 1950 0781 F8       		.byte	-8
 1951 0782 C2       		.byte	-62
 1952 0783 F0       		.byte	-16
 1953 0784 C4       		.byte	-60
 1954 0785 F0       		.byte	-16
 1955 0786 CA       		.byte	-54
 1956 0787 70       		.byte	112
 1957 0788 CC       		.byte	-52
 1958 0789 E0       		.byte	-32
 1959 078a CE       		.byte	-50
 1960 078b 40       		.byte	64
 1961 078c D0       		.byte	-48
 1962 078d B0       		.byte	-80
 1963 078e D2       		.byte	-46
 1964 078f 30       		.byte	48
 1965 0790 D6       		.byte	-42
 1966 0791 01       		.byte	1
 1967 0792 D8       		.byte	-40
 1968 0793 8D       		.byte	-115
 1969 0794 DE       		.byte	-34
 1970 0795 60       		.byte	96
 1971 0796 EA       		.byte	-22
 1972 0797 20       		.byte	32
 1973 0798 89       		.byte	-119
 1974 0799 80       		.byte	-128
 1975 079a 9D       		.byte	-99
 1976 079b 80       		.byte	-128
 1977 079c A8       		.byte	-88
 1978 079d 10       		.byte	16
 1979 079e A9       		.byte	-87
 1980 079f 80       		.byte	-128
 1981 07a0 AE       		.byte	-82
 1982 07a1 01       		.byte	1
 1983 07a2 B3       		.byte	-77
 1984 07a3 50       		.byte	80
 1985 07a4 B4       		.byte	-76
 1986 07a5 80       		.byte	-128
 1987 07a6 E8       		.byte	-24
 1988 07a7 20       		.byte	32
 1989 07a8 EA       		.byte	-22
 1990 07a9 10       		.byte	16
 1991 07aa EC       		.byte	-20
 1992 07ab 02       		.byte	2
 1993 07ac EE       		.byte	-18
 1994 07ad 81       		.byte	-127
 1995 07ae 30       		.byte	48
ARM GAS  C:\Users\sebbe\AppData\Local\Temp\ccHnid74.s 			page 36


 1996 07af 40       		.byte	64
 1997 07b0 31       		.byte	49
 1998 07b1 02       		.byte	2
 1999 07b2 34       		.byte	52
 2000 07b3 80       		.byte	-128
 2001 07b4 36       		.byte	54
 2002 07b5 08       		.byte	8
 2003 07b6 3B       		.byte	59
 2004 07b7 40       		.byte	64
 2005 07b8 CC       		.byte	-52
 2006 07b9 F0       		.byte	-16
 2007 07ba CE       		.byte	-50
 2008 07bb 10       		.byte	16
 2009 07bc 2E       		.byte	46
 2010 07bd 04       		.byte	4
 2011 07be 33       		.byte	51
 2012 07bf 01       		.byte	1
 2013 07c0 37       		.byte	55
 2014 07c1 02       		.byte	2
 2015 07c2 84       		.byte	-124
 2016 07c3 40       		.byte	64
 2017 07c4 87       		.byte	-121
 2018 07c5 40       		.byte	64
 2019 07c6 97       		.byte	-105
 2020 07c7 40       		.byte	64
 2021 07c8 9C       		.byte	-100
 2022 07c9 C0       		.byte	-64
 2023 07ca A5       		.byte	-91
 2024 07cb 02       		.byte	2
 2025 07cc A6       		.byte	-90
 2026 07cd 08       		.byte	8
 2027 07ce CA       		.byte	-54
 2028 07cf 80       		.byte	-128
 2029 07d0 CC       		.byte	-52
 2030 07d1 C0       		.byte	-64
 2031 07d2 E6       		.byte	-26
 2032 07d3 50       		.byte	80
 2033 07d4 87       		.byte	-121
 2034 07d5 02       		.byte	2
 2035 07d6 9C       		.byte	-100
 2036 07d7 80       		.byte	-128
 2037 07d8 9F       		.byte	-97
 2038 07d9 02       		.byte	2
 2039 07da A5       		.byte	-91
 2040 07db 02       		.byte	2
 2041 07dc A6       		.byte	-90
 2042 07dd 08       		.byte	8
 2043 07de AE       		.byte	-82
 2044 07df 04       		.byte	4
 2045 07e0 AF       		.byte	-81
 2046 07e1 01       		.byte	1
 2047 07e2 E6       		.byte	-26
 2048 07e3 40       		.byte	64
 2049 07e4 9C       		.byte	-100
 2050 07e5 80       		.byte	-128
 2051 07e6 A5       		.byte	-91
 2052 07e7 02       		.byte	2
ARM GAS  C:\Users\sebbe\AppData\Local\Temp\ccHnid74.s 			page 37


 2053 07e8 A6       		.byte	-90
 2054 07e9 08       		.byte	8
 2055 07ea 05       		.byte	5
 2056 07eb 20       		.byte	32
 2057 07ec 0B       		.byte	11
 2058 07ed 20       		.byte	32
 2059 07ee 0E       		.byte	14
 2060 07ef 40       		.byte	64
 2061 07f0 5D       		.byte	93
 2062 07f1 02       		.byte	2
 2063 07f2 C0       		.byte	-64
 2064 07f3 01       		.byte	1
 2065 07f4 C2       		.byte	-62
 2066 07f5 0C       		.byte	12
 2067 07f6 D6       		.byte	-42
 2068 07f7 01       		.byte	1
 2069 07f8 92       		.byte	-110
 2070 07f9 40       		.byte	64
 2071 07fa 93       		.byte	-109
 2072 07fb 20       		.byte	32
 2073 07fc 99       		.byte	-103
 2074 07fd 20       		.byte	32
 2075 07fe 9D       		.byte	-99
 2076 07ff 02       		.byte	2
 2077 0800 8D       		.byte	-115
 2078 0801 02       		.byte	2
 2079 0802 93       		.byte	-109
 2080 0803 20       		.byte	32
 2081 0804 99       		.byte	-103
 2082 0805 20       		.byte	32
 2083 0806 9D       		.byte	-99
 2084 0807 02       		.byte	2
 2085 0808 B6       		.byte	-74
 2086 0809 40       		.byte	64
 2087 080a E0       		.byte	-32
 2088 080b 02       		.byte	2
 2089 080c EE       		.byte	-18
 2090 080d 02       		.byte	2
 2091 080e 9C       		.byte	-100
 2092 080f 80       		.byte	-128
 2093 0810 A5       		.byte	-91
 2094 0811 02       		.byte	2
 2095 0812 A6       		.byte	-90
 2096 0813 08       		.byte	8
 2097 0814 86       		.byte	-122
 2098 0815 08       		.byte	8
 2099 0816 89       		.byte	-119
 2100 0817 02       		.byte	2
 2101 0818 A5       		.byte	-91
 2102 0819 02       		.byte	2
 2103 081a A6       		.byte	-90
 2104 081b 08       		.byte	8
 2105 081c B4       		.byte	-76
 2106 081d 80       		.byte	-128
 2107 081e E2       		.byte	-30
 2108 081f 10       		.byte	16
 2109 0820 99       		.byte	-103
ARM GAS  C:\Users\sebbe\AppData\Local\Temp\ccHnid74.s 			page 38


 2110 0821 20       		.byte	32
 2111 0822 B3       		.byte	-77
 2112 0823 10       		.byte	16
 2113 0824 EA       		.byte	-22
 2114 0825 04       		.byte	4
 2115 0826 11       		.byte	17
 2116 0827 01       		.byte	1
 2117 0828 74       		.byte	116
 2118 0829 04       		.byte	4
 2119 082a 89       		.byte	-119
 2120 082b 01       		.byte	1
 2121 082c A0       		.byte	-96
 2122 082d 04       		.byte	4
 2123 082e A9       		.byte	-87
 2124 082f 20       		.byte	32
 2125 0830 AC       		.byte	-84
 2126 0831 04       		.byte	4
 2127 0832 C4       		.byte	-60
 2128 0833 08       		.byte	8
 2129 0834 DE       		.byte	-34
 2130 0835 04       		.byte	4
 2131 0836 E6       		.byte	-26
 2132 0837 01       		.byte	1
 2133 0838 00       		.byte	0
 2134 0839 1B       		.byte	27
 2135 083a 0A       		.byte	10
 2136 083b 09       		.byte	9
 2137 083c 0C       		.byte	12
 2138 083d 0A       		.byte	10
 2139 083e 0E       		.byte	14
 2140 083f 12       		.byte	18
 2141 0840 10       		.byte	16
 2142 0841 07       		.byte	7
 2143 0842 1A       		.byte	26
 2144 0843 05       		.byte	5
 2145 0844 1C       		.byte	28
 2146 0845 02       		.byte	2
 2147 0846 00       		.byte	0
 2148 0847 FF       		.byte	-1
 2149 0848 01       		.byte	1
 2150 0849 C3       		.byte	-61
 2151 084a 02       		.byte	2
 2152 084b 03       		.byte	3
 2153 084c 80       		.byte	-128
 2154 084d 80       		.byte	-128
 2155 084e 00       		.byte	0
 2156 084f 00       		.byte	0
 2157 0850 40       		.byte	64
 2158 0851 00       		.byte	0
 2159 0852 00       		.byte	0
 2160 0853 00       		.byte	0
 2161 0854 10       		.byte	16
 2162 0855 00       		.byte	0
 2163 0856 00       		.byte	0
 2164 0857 00       		.byte	0
 2165 0858 00       		.byte	0
 2166 0859 30       		.byte	48
ARM GAS  C:\Users\sebbe\AppData\Local\Temp\ccHnid74.s 			page 39


 2167 085a 10       		.byte	16
 2168 085b 00       		.byte	0
 2169 085c 0E       		.byte	14
 2170 085d 00       		.byte	0
 2171 085e 00       		.byte	0
 2172 085f 00       		.byte	0
 2173 0860 02       		.byte	2
 2174 0861 00       		.byte	0
 2175 0862 04       		.byte	4
 2176 0863 00       		.byte	0
 2177 0864 00       		.byte	0
 2178 0865 00       		.byte	0
 2179 0866 01       		.byte	1
 2180 0867 08       		.byte	8
 2181 0868 08       		.byte	8
 2182 0869 30       		.byte	48
 2183 086a 04       		.byte	4
 2184 086b 00       		.byte	0
 2185 086c 00       		.byte	0
 2186 086d 20       		.byte	32
 2187 086e 01       		.byte	1
 2188 086f 11       		.byte	17
 2189 0870 20       		.byte	32
 2190 0871 00       		.byte	0
 2191 0872 00       		.byte	0
 2192 0873 00       		.byte	0
 2193 0874 10       		.byte	16
 2194 0875 00       		.byte	0
 2195 0876 00       		.byte	0
 2196 0877 00       		.byte	0
 2197 0878 04       		.byte	4
 2198 0879 00       		.byte	0
 2199 087a 0A       		.byte	10
 2200 087b 08       		.byte	8
 2201 087c 0E       		.byte	14
 2202 087d 00       		.byte	0
 2203 087e 00       		.byte	0
 2204 087f 02       		.byte	2
 2205 0880 00       		.byte	0
 2206 0881 10       		.byte	16
 2207 0882 10       		.byte	16
 2208 0883 25       		.byte	37
 2209 0884 10       		.byte	16
 2210 0885 04       		.byte	4
 2211 0886 0E       		.byte	14
 2212 0887 03       		.byte	3
 2213 0888 01       		.byte	1
 2214 0889 30       		.byte	48
 2215 088a 20       		.byte	32
 2216 088b 08       		.byte	8
 2217 088c 02       		.byte	2
 2218 088d 00       		.byte	0
 2219 088e 00       		.byte	0
 2220 088f 00       		.byte	0
 2221 0890 00       		.byte	0
 2222 0891 00       		.byte	0
 2223 0892 50       		.byte	80
ARM GAS  C:\Users\sebbe\AppData\Local\Temp\ccHnid74.s 			page 40


 2224 0893 44       		.byte	68
 2225 0894 41       		.byte	65
 2226 0895 06       		.byte	6
 2227 0896 05       		.byte	5
 2228 0897 00       		.byte	0
 2229 0898 02       		.byte	2
 2230 0899 0E       		.byte	14
 2231 089a C0       		.byte	-64
 2232 089b 00       		.byte	0
 2233 089c 09       		.byte	9
 2234 089d FF       		.byte	-1
 2235 089e FF       		.byte	-1
 2236 089f FF       		.byte	-1
 2237 08a0 62       		.byte	98
 2238 08a1 A0       		.byte	-96
 2239 08a2 F0       		.byte	-16
 2240 08a3 41       		.byte	65
 2241 08a4 0C       		.byte	12
 2242 08a5 00       		.byte	0
 2243 08a6 00       		.byte	0
 2244 08a7 00       		.byte	0
 2245 08a8 00       		.byte	0
 2246 08a9 00       		.byte	0
 2247 08aa 02       		.byte	2
 2248 08ab 2C       		.byte	44
 2249 08ac 04       		.byte	4
 2250 08ad 04       		.byte	4
 2251 08ae 04       		.byte	4
 2252 08af 04       		.byte	4
 2253 08b0 11       		.byte	17
 2254 08b1 81       		.byte	-127
 2255 08b2 08       		.byte	8
 2256 08b3 21       		.byte	33
 2257 08b4 00       		.byte	0
 2258 08b5 00       		.byte	0
 2259 08b6 00       		.byte	0
 2260 08b7 00       		.byte	0
 2261 08b8 00       		.byte	0
 2262 08b9 00       		.byte	0
 2263 08ba 40       		.byte	64
 2264 08bb 02       		.byte	2
 2265 08bc 00       		.byte	0
 2266 08bd 10       		.byte	16
 2267 08be 30       		.byte	48
 2268 08bf 10       		.byte	16
 2269 08c0 00       		.byte	0
 2270 08c1 10       		.byte	16
 2271 08c2 10       		.byte	16
 2272 08c3 12       		.byte	18
 2273 08c4 00       		.byte	0
 2274 08c5 00       		.byte	0
 2275 08c6 00       		.byte	0
 2276 08c7 00       		.byte	0
 2277 08c8 00       		.byte	0
 2278 08c9 00       		.byte	0
 2279 08ca 00       		.byte	0
 2280 08cb 00       		.byte	0
ARM GAS  C:\Users\sebbe\AppData\Local\Temp\ccHnid74.s 			page 41


 2281 08cc 00       		.byte	0
 2282 08cd 00       		.byte	0
 2283 08ce 00       		.byte	0
 2284 08cf 00       		.byte	0
 2285 08d0 00       		.byte	0
 2286 08d1 00       		.byte	0
 2287 08d2 00       		.byte	0
 2288 08d3 00       		.byte	0
 2289 08d4 08       		.byte	8
 2290 08d5 07       		.byte	7
 2291 08d6 07       		.byte	7
 2292 08d7 00       		.byte	0
 2293 08d8 00       		.byte	0
 2294 08d9 00       		.byte	0
 2295 08da 00       		.byte	0
 2296 08db 00       		.byte	0
 2297 08dc 80       		.byte	-128
 2298 08dd 00       		.byte	0
 2299 08de 40       		.byte	64
 2300 08df 80       		.byte	-128
 2301 08e0 80       		.byte	-128
 2302 08e1 00       		.byte	0
 2303 08e2 80       		.byte	-128
 2304 08e3 00       		.byte	0
 2305 08e4 00       		.byte	0
 2306 08e5 00       		.byte	0
 2307 08e6 00       		.byte	0
 2308 08e7 00       		.byte	0
 2309 08e8 04       		.byte	4
 2310 08e9 0B       		.byte	11
 2311 08ea 0B       		.byte	11
 2312 08eb 00       		.byte	0
 2313 08ec 00       		.byte	0
 2314 08ed 00       		.byte	0
 2315 08ee 00       		.byte	0
 2316 08ef 00       		.byte	0
 2317 08f0 3B       		.byte	59
 2318 08f1 42       		.byte	66
 2319 08f2 40       		.byte	64
 2320 08f3 00       		.byte	0
 2321 08f4 40       		.byte	64
 2322 08f5 00       		.byte	0
 2323 08f6 00       		.byte	0
 2324 08f7 00       		.byte	0
 2325              		.section	.cywolatch,"a",%progbits
 2326              		.align	2
 2327              		.type	cy_meta_wonvl, %object
 2328              		.size	cy_meta_wonvl, 4
 2329              	cy_meta_wonvl:
 2330 0000 BC       		.byte	-68
 2331 0001 90       		.byte	-112
 2332 0002 AC       		.byte	-84
 2333 0003 AF       		.byte	-81
 2334              		.section	.cycustnvl,"a",%progbits
 2335              		.align	2
 2336              		.type	cy_meta_custnvl, %object
 2337              		.size	cy_meta_custnvl, 4
ARM GAS  C:\Users\sebbe\AppData\Local\Temp\ccHnid74.s 			page 42


 2338              	cy_meta_custnvl:
 2339 0000 00       		.byte	0
 2340 0001 00       		.byte	0
 2341 0002 40       		.byte	64
 2342 0003 05       		.byte	5
 2343              		.section	.cymeta,"a",%progbits
 2344              		.align	2
 2345              		.type	cy_metadata, %object
 2346              		.size	cy_metadata, 12
 2347              	cy_metadata:
 2348 0000 00       		.byte	0
 2349 0001 01       		.byte	1
 2350 0002 2E       		.byte	46
 2351 0003 16       		.byte	22
 2352 0004 10       		.byte	16
 2353 0005 69       		.byte	105
 2354 0006 00       		.byte	0
 2355 0007 01       		.byte	1
 2356 0008 00       		.byte	0
 2357 0009 00       		.byte	0
 2358 000a 00       		.byte	0
 2359 000b 00       		.byte	0
 2360              		.section	.cyflashprotect,"a",%progbits
 2361              		.align	2
 2362              		.type	cy_meta_flashprotect, %object
 2363              		.size	cy_meta_flashprotect, 256
 2364              	cy_meta_flashprotect:
 2365 0000 00000000 		.space	256
 2365      00000000 
 2365      00000000 
 2365      00000000 
 2365      00000000 
 2366              		.text
 2367              	.Letext0:
 2368              		.file 1 "c:\\program files (x86)\\cypress\\psoc creator\\4.2\\psoc creator\\import\\gnu\\arm\\5.4.
 2369              		.file 2 "c:\\program files (x86)\\cypress\\psoc creator\\4.2\\psoc creator\\import\\gnu\\arm\\5.4.
 2370              		.file 3 "Generated_Source\\PSoC5\\cymetadata.c"
 2371              		.section	.debug_info,"",%progbits
 2372              	.Ldebug_info0:
 2373 0000 35010000 		.4byte	0x135
 2374 0004 0400     		.2byte	0x4
 2375 0006 00000000 		.4byte	.Ldebug_abbrev0
 2376 000a 04       		.byte	0x4
 2377 000b 01       		.uleb128 0x1
 2378 000c 6D000000 		.4byte	.LASF17
 2379 0010 0C       		.byte	0xc
 2380 0011 C7010000 		.4byte	.LASF18
 2381 0015 16000000 		.4byte	.LASF19
 2382 0019 00000000 		.4byte	.Ldebug_line0
 2383 001d 02       		.uleb128 0x2
 2384 001e 01       		.byte	0x1
 2385 001f 06       		.byte	0x6
 2386 0020 BB010000 		.4byte	.LASF0
 2387 0024 03       		.uleb128 0x3
 2388 0025 00000000 		.4byte	.LASF9
 2389 0029 01       		.byte	0x1
 2390 002a 1D       		.byte	0x1d
ARM GAS  C:\Users\sebbe\AppData\Local\Temp\ccHnid74.s 			page 43


 2391 002b 2F000000 		.4byte	0x2f
 2392 002f 02       		.uleb128 0x2
 2393 0030 01       		.byte	0x1
 2394 0031 08       		.byte	0x8
 2395 0032 5F000000 		.4byte	.LASF1
 2396 0036 02       		.uleb128 0x2
 2397 0037 02       		.byte	0x2
 2398 0038 05       		.byte	0x5
 2399 0039 A8010000 		.4byte	.LASF2
 2400 003d 02       		.uleb128 0x2
 2401 003e 02       		.byte	0x2
 2402 003f 07       		.byte	0x7
 2403 0040 0D010000 		.4byte	.LASF3
 2404 0044 02       		.uleb128 0x2
 2405 0045 04       		.byte	0x4
 2406 0046 05       		.byte	0x5
 2407 0047 B2010000 		.4byte	.LASF4
 2408 004b 02       		.uleb128 0x2
 2409 004c 04       		.byte	0x4
 2410 004d 07       		.byte	0x7
 2411 004e FB000000 		.4byte	.LASF5
 2412 0052 02       		.uleb128 0x2
 2413 0053 08       		.byte	0x8
 2414 0054 05       		.byte	0x5
 2415 0055 9A010000 		.4byte	.LASF6
 2416 0059 02       		.uleb128 0x2
 2417 005a 08       		.byte	0x8
 2418 005b 07       		.byte	0x7
 2419 005c 4F010000 		.4byte	.LASF7
 2420 0060 04       		.uleb128 0x4
 2421 0061 04       		.byte	0x4
 2422 0062 05       		.byte	0x5
 2423 0063 696E7400 		.ascii	"int\000"
 2424 0067 02       		.uleb128 0x2
 2425 0068 04       		.byte	0x4
 2426 0069 07       		.byte	0x7
 2427 006a 42010000 		.4byte	.LASF8
 2428 006e 03       		.uleb128 0x3
 2429 006f 66010000 		.4byte	.LASF10
 2430 0073 02       		.byte	0x2
 2431 0074 18       		.byte	0x18
 2432 0075 24000000 		.4byte	0x24
 2433 0079 05       		.uleb128 0x5
 2434 007a 91000000 		.4byte	0x91
 2435 007e 8A000000 		.4byte	0x8a
 2436 0082 06       		.uleb128 0x6
 2437 0083 8A000000 		.4byte	0x8a
 2438 0087 F708     		.2byte	0x8f7
 2439 0089 00       		.byte	0
 2440 008a 02       		.uleb128 0x2
 2441 008b 04       		.byte	0x4
 2442 008c 07       		.byte	0x7
 2443 008d 91010000 		.4byte	.LASF11
 2444 0091 07       		.uleb128 0x7
 2445 0092 6E000000 		.4byte	0x6e
 2446 0096 08       		.uleb128 0x8
 2447 0097 30010000 		.4byte	.LASF12
ARM GAS  C:\Users\sebbe\AppData\Local\Temp\ccHnid74.s 			page 44


 2448 009b 03       		.byte	0x3
 2449 009c 1F       		.byte	0x1f
 2450 009d A7000000 		.4byte	0xa7
 2451 00a1 05       		.uleb128 0x5
 2452 00a2 03       		.byte	0x3
 2453 00a3 00000000 		.4byte	cy_meta_configecc
 2454 00a7 07       		.uleb128 0x7
 2455 00a8 79000000 		.4byte	0x79
 2456 00ac 05       		.uleb128 0x5
 2457 00ad 91000000 		.4byte	0x91
 2458 00b1 BC000000 		.4byte	0xbc
 2459 00b5 09       		.uleb128 0x9
 2460 00b6 8A000000 		.4byte	0x8a
 2461 00ba 03       		.byte	0x3
 2462 00bb 00       		.byte	0
 2463 00bc 0A       		.uleb128 0xa
 2464 00bd 20010000 		.4byte	.LASF13
 2465 00c1 03       		.byte	0x3
 2466 00c2 4B01     		.2byte	0x14b
 2467 00c4 CE000000 		.4byte	0xce
 2468 00c8 05       		.uleb128 0x5
 2469 00c9 03       		.byte	0x3
 2470 00ca 00000000 		.4byte	cy_meta_custnvl
 2471 00ce 07       		.uleb128 0x7
 2472 00cf AC000000 		.4byte	0xac
 2473 00d3 0A       		.uleb128 0xa
 2474 00d4 83010000 		.4byte	.LASF14
 2475 00d8 03       		.byte	0x3
 2476 00d9 5901     		.2byte	0x159
 2477 00db E5000000 		.4byte	0xe5
 2478 00df 05       		.uleb128 0x5
 2479 00e0 03       		.byte	0x3
 2480 00e1 00000000 		.4byte	cy_meta_wonvl
 2481 00e5 07       		.uleb128 0x7
 2482 00e6 AC000000 		.4byte	0xac
 2483 00ea 05       		.uleb128 0x5
 2484 00eb 91000000 		.4byte	0x91
 2485 00ef FA000000 		.4byte	0xfa
 2486 00f3 09       		.uleb128 0x9
 2487 00f4 8A000000 		.4byte	0x8a
 2488 00f8 FF       		.byte	0xff
 2489 00f9 00       		.byte	0
 2490 00fa 0A       		.uleb128 0xa
 2491 00fb 6E010000 		.4byte	.LASF15
 2492 00ff 03       		.byte	0x3
 2493 0100 6701     		.2byte	0x167
 2494 0102 0C010000 		.4byte	0x10c
 2495 0106 05       		.uleb128 0x5
 2496 0107 03       		.byte	0x3
 2497 0108 00000000 		.4byte	cy_meta_flashprotect
 2498 010c 07       		.uleb128 0x7
 2499 010d EA000000 		.4byte	0xea
 2500 0111 05       		.uleb128 0x5
 2501 0112 91000000 		.4byte	0x91
 2502 0116 21010000 		.4byte	0x121
 2503 011a 09       		.uleb128 0x9
 2504 011b 8A000000 		.4byte	0x8a
ARM GAS  C:\Users\sebbe\AppData\Local\Temp\ccHnid74.s 			page 45


 2505 011f 0B       		.byte	0xb
 2506 0120 00       		.byte	0
 2507 0121 0A       		.uleb128 0xa
 2508 0122 0A000000 		.4byte	.LASF16
 2509 0126 03       		.byte	0x3
 2510 0127 9401     		.2byte	0x194
 2511 0129 33010000 		.4byte	0x133
 2512 012d 05       		.uleb128 0x5
 2513 012e 03       		.byte	0x3
 2514 012f 00000000 		.4byte	cy_metadata
 2515 0133 07       		.uleb128 0x7
 2516 0134 11010000 		.4byte	0x111
 2517 0138 00       		.byte	0
 2518              		.section	.debug_abbrev,"",%progbits
 2519              	.Ldebug_abbrev0:
 2520 0000 01       		.uleb128 0x1
 2521 0001 11       		.uleb128 0x11
 2522 0002 01       		.byte	0x1
 2523 0003 25       		.uleb128 0x25
 2524 0004 0E       		.uleb128 0xe
 2525 0005 13       		.uleb128 0x13
 2526 0006 0B       		.uleb128 0xb
 2527 0007 03       		.uleb128 0x3
 2528 0008 0E       		.uleb128 0xe
 2529 0009 1B       		.uleb128 0x1b
 2530 000a 0E       		.uleb128 0xe
 2531 000b 10       		.uleb128 0x10
 2532 000c 17       		.uleb128 0x17
 2533 000d 00       		.byte	0
 2534 000e 00       		.byte	0
 2535 000f 02       		.uleb128 0x2
 2536 0010 24       		.uleb128 0x24
 2537 0011 00       		.byte	0
 2538 0012 0B       		.uleb128 0xb
 2539 0013 0B       		.uleb128 0xb
 2540 0014 3E       		.uleb128 0x3e
 2541 0015 0B       		.uleb128 0xb
 2542 0016 03       		.uleb128 0x3
 2543 0017 0E       		.uleb128 0xe
 2544 0018 00       		.byte	0
 2545 0019 00       		.byte	0
 2546 001a 03       		.uleb128 0x3
 2547 001b 16       		.uleb128 0x16
 2548 001c 00       		.byte	0
 2549 001d 03       		.uleb128 0x3
 2550 001e 0E       		.uleb128 0xe
 2551 001f 3A       		.uleb128 0x3a
 2552 0020 0B       		.uleb128 0xb
 2553 0021 3B       		.uleb128 0x3b
 2554 0022 0B       		.uleb128 0xb
 2555 0023 49       		.uleb128 0x49
 2556 0024 13       		.uleb128 0x13
 2557 0025 00       		.byte	0
 2558 0026 00       		.byte	0
 2559 0027 04       		.uleb128 0x4
 2560 0028 24       		.uleb128 0x24
 2561 0029 00       		.byte	0
ARM GAS  C:\Users\sebbe\AppData\Local\Temp\ccHnid74.s 			page 46


 2562 002a 0B       		.uleb128 0xb
 2563 002b 0B       		.uleb128 0xb
 2564 002c 3E       		.uleb128 0x3e
 2565 002d 0B       		.uleb128 0xb
 2566 002e 03       		.uleb128 0x3
 2567 002f 08       		.uleb128 0x8
 2568 0030 00       		.byte	0
 2569 0031 00       		.byte	0
 2570 0032 05       		.uleb128 0x5
 2571 0033 01       		.uleb128 0x1
 2572 0034 01       		.byte	0x1
 2573 0035 49       		.uleb128 0x49
 2574 0036 13       		.uleb128 0x13
 2575 0037 01       		.uleb128 0x1
 2576 0038 13       		.uleb128 0x13
 2577 0039 00       		.byte	0
 2578 003a 00       		.byte	0
 2579 003b 06       		.uleb128 0x6
 2580 003c 21       		.uleb128 0x21
 2581 003d 00       		.byte	0
 2582 003e 49       		.uleb128 0x49
 2583 003f 13       		.uleb128 0x13
 2584 0040 2F       		.uleb128 0x2f
 2585 0041 05       		.uleb128 0x5
 2586 0042 00       		.byte	0
 2587 0043 00       		.byte	0
 2588 0044 07       		.uleb128 0x7
 2589 0045 26       		.uleb128 0x26
 2590 0046 00       		.byte	0
 2591 0047 49       		.uleb128 0x49
 2592 0048 13       		.uleb128 0x13
 2593 0049 00       		.byte	0
 2594 004a 00       		.byte	0
 2595 004b 08       		.uleb128 0x8
 2596 004c 34       		.uleb128 0x34
 2597 004d 00       		.byte	0
 2598 004e 03       		.uleb128 0x3
 2599 004f 0E       		.uleb128 0xe
 2600 0050 3A       		.uleb128 0x3a
 2601 0051 0B       		.uleb128 0xb
 2602 0052 3B       		.uleb128 0x3b
 2603 0053 0B       		.uleb128 0xb
 2604 0054 49       		.uleb128 0x49
 2605 0055 13       		.uleb128 0x13
 2606 0056 3F       		.uleb128 0x3f
 2607 0057 19       		.uleb128 0x19
 2608 0058 02       		.uleb128 0x2
 2609 0059 18       		.uleb128 0x18
 2610 005a 00       		.byte	0
 2611 005b 00       		.byte	0
 2612 005c 09       		.uleb128 0x9
 2613 005d 21       		.uleb128 0x21
 2614 005e 00       		.byte	0
 2615 005f 49       		.uleb128 0x49
 2616 0060 13       		.uleb128 0x13
 2617 0061 2F       		.uleb128 0x2f
 2618 0062 0B       		.uleb128 0xb
ARM GAS  C:\Users\sebbe\AppData\Local\Temp\ccHnid74.s 			page 47


 2619 0063 00       		.byte	0
 2620 0064 00       		.byte	0
 2621 0065 0A       		.uleb128 0xa
 2622 0066 34       		.uleb128 0x34
 2623 0067 00       		.byte	0
 2624 0068 03       		.uleb128 0x3
 2625 0069 0E       		.uleb128 0xe
 2626 006a 3A       		.uleb128 0x3a
 2627 006b 0B       		.uleb128 0xb
 2628 006c 3B       		.uleb128 0x3b
 2629 006d 05       		.uleb128 0x5
 2630 006e 49       		.uleb128 0x49
 2631 006f 13       		.uleb128 0x13
 2632 0070 3F       		.uleb128 0x3f
 2633 0071 19       		.uleb128 0x19
 2634 0072 02       		.uleb128 0x2
 2635 0073 18       		.uleb128 0x18
 2636 0074 00       		.byte	0
 2637 0075 00       		.byte	0
 2638 0076 00       		.byte	0
 2639              		.section	.debug_aranges,"",%progbits
 2640 0000 14000000 		.4byte	0x14
 2641 0004 0200     		.2byte	0x2
 2642 0006 00000000 		.4byte	.Ldebug_info0
 2643 000a 04       		.byte	0x4
 2644 000b 00       		.byte	0
 2645 000c 0000     		.2byte	0
 2646 000e 0000     		.2byte	0
 2647 0010 00000000 		.4byte	0
 2648 0014 00000000 		.4byte	0
 2649              		.section	.debug_line,"",%progbits
 2650              	.Ldebug_line0:
 2651 0000 3D010000 		.section	.debug_str,"MS",%progbits,1
 2651      02003701 
 2651      00000201 
 2651      FB0E0D00 
 2651      01010101 
 2652              	.LASF9:
 2653 0000 5F5F7569 		.ascii	"__uint8_t\000"
 2653      6E74385F 
 2653      7400
 2654              	.LASF16:
 2655 000a 63795F6D 		.ascii	"cy_metadata\000"
 2655      65746164 
 2655      61746100 
 2656              	.LASF19:
 2657 0016 433A5C55 		.ascii	"C:\\Users\\sebbe\\Desktop\\spi_slave_v15\\sensor_re"
 2657      73657273 
 2657      5C736562 
 2657      62655C44 
 2657      65736B74 
 2658 0044 6164696E 		.ascii	"ading_unit\\spi_slave.cydsn\000"
 2658      675F756E 
 2658      69745C73 
 2658      70695F73 
 2658      6C617665 
 2659              	.LASF1:
ARM GAS  C:\Users\sebbe\AppData\Local\Temp\ccHnid74.s 			page 48


 2660 005f 756E7369 		.ascii	"unsigned char\000"
 2660      676E6564 
 2660      20636861 
 2660      7200
 2661              	.LASF17:
 2662 006d 474E5520 		.ascii	"GNU C11 5.4.1 20160609 (release) [ARM/embedded-5-br"
 2662      43313120 
 2662      352E342E 
 2662      31203230 
 2662      31363036 
 2663 00a0 616E6368 		.ascii	"anch revision 237715] -mcpu=cortex-m3 -mthumb -g -O"
 2663      20726576 
 2663      6973696F 
 2663      6E203233 
 2663      37373135 
 2664 00d3 67202D66 		.ascii	"g -ffunction-sections -ffat-lto-objects\000"
 2664      66756E63 
 2664      74696F6E 
 2664      2D736563 
 2664      74696F6E 
 2665              	.LASF5:
 2666 00fb 6C6F6E67 		.ascii	"long unsigned int\000"
 2666      20756E73 
 2666      69676E65 
 2666      6420696E 
 2666      7400
 2667              	.LASF3:
 2668 010d 73686F72 		.ascii	"short unsigned int\000"
 2668      7420756E 
 2668      7369676E 
 2668      65642069 
 2668      6E7400
 2669              	.LASF13:
 2670 0120 63795F6D 		.ascii	"cy_meta_custnvl\000"
 2670      6574615F 
 2670      63757374 
 2670      6E766C00 
 2671              	.LASF12:
 2672 0130 63795F6D 		.ascii	"cy_meta_configecc\000"
 2672      6574615F 
 2672      636F6E66 
 2672      69676563 
 2672      6300
 2673              	.LASF8:
 2674 0142 756E7369 		.ascii	"unsigned int\000"
 2674      676E6564 
 2674      20696E74 
 2674      00
 2675              	.LASF7:
 2676 014f 6C6F6E67 		.ascii	"long long unsigned int\000"
 2676      206C6F6E 
 2676      6720756E 
 2676      7369676E 
 2676      65642069 
 2677              	.LASF10:
 2678 0166 75696E74 		.ascii	"uint8_t\000"
 2678      385F7400 
ARM GAS  C:\Users\sebbe\AppData\Local\Temp\ccHnid74.s 			page 49


 2679              	.LASF15:
 2680 016e 63795F6D 		.ascii	"cy_meta_flashprotect\000"
 2680      6574615F 
 2680      666C6173 
 2680      6870726F 
 2680      74656374 
 2681              	.LASF14:
 2682 0183 63795F6D 		.ascii	"cy_meta_wonvl\000"
 2682      6574615F 
 2682      776F6E76 
 2682      6C00
 2683              	.LASF11:
 2684 0191 73697A65 		.ascii	"sizetype\000"
 2684      74797065 
 2684      00
 2685              	.LASF6:
 2686 019a 6C6F6E67 		.ascii	"long long int\000"
 2686      206C6F6E 
 2686      6720696E 
 2686      7400
 2687              	.LASF2:
 2688 01a8 73686F72 		.ascii	"short int\000"
 2688      7420696E 
 2688      7400
 2689              	.LASF4:
 2690 01b2 6C6F6E67 		.ascii	"long int\000"
 2690      20696E74 
 2690      00
 2691              	.LASF0:
 2692 01bb 7369676E 		.ascii	"signed char\000"
 2692      65642063 
 2692      68617200 
 2693              	.LASF18:
 2694 01c7 47656E65 		.ascii	"Generated_Source\\PSoC5\\cymetadata.c\000"
 2694      72617465 
 2694      645F536F 
 2694      75726365 
 2694      5C50536F 
 2695              		.ident	"GCC: (GNU Tools for ARM Embedded Processors) 5.4.1 20160609 (release) [ARM/embedded-5-bran
