ARM GAS  C:\Users\sebbe\AppData\Local\Temp\ccl0Jl23.s 			page 1


   1              		.syntax unified
   2              		.cpu cortex-m3
   3              		.fpu softvfp
   4              		.eabi_attribute 20, 1
   5              		.eabi_attribute 21, 1
   6              		.eabi_attribute 23, 3
   7              		.eabi_attribute 24, 1
   8              		.eabi_attribute 25, 1
   9              		.eabi_attribute 26, 1
  10              		.eabi_attribute 30, 1
  11              		.eabi_attribute 34, 1
  12              		.eabi_attribute 18, 4
  13              		.thumb
  14              		.syntax unified
  15              		.file	"lockUnit.c"
  16              		.text
  17              	.Ltext0:
  18              		.cfi_sections	.debug_frame
  19              		.section	.text.initLockUnit,"ax",%progbits
  20              		.align	2
  21              		.global	initLockUnit
  22              		.thumb
  23              		.thumb_func
  24              		.type	initLockUnit, %function
  25              	initLockUnit:
  26              	.LFB64:
  27              		.file 1 "lockUnit.c"
   1:lockUnit.c    **** /* ========================================
   2:lockUnit.c    ****  *
   3:lockUnit.c    ****  * Copyright YOUR COMPANY, THE YEAR
   4:lockUnit.c    ****  * All Rights Reserved
   5:lockUnit.c    ****  * UNPUBLISHED, LICENSED SOFTWARE.
   6:lockUnit.c    ****  *
   7:lockUnit.c    ****  * CONFIDENTIAL AND PROPRIETARY INFORMATION
   8:lockUnit.c    ****  * WHICH IS THE PROPERTY OF your company.
   9:lockUnit.c    ****  *
  10:lockUnit.c    ****  * ========================================
  11:lockUnit.c    **** */
  12:lockUnit.c    **** #include "lockUnit.h"
  13:lockUnit.c    **** #include "EDBikeProtocol.h"
  14:lockUnit.c    **** 
  15:lockUnit.c    **** 
  16:lockUnit.c    **** void initLockUnit()
  17:lockUnit.c    **** {
  28              		.loc 1 17 0
  29              		.cfi_startproc
  30              		@ args = 0, pretend = 0, frame = 0
  31              		@ frame_needed = 0, uses_anonymous_args = 0
  32 0000 08B5     		push	{r3, lr}
  33              		.cfi_def_cfa_offset 8
  34              		.cfi_offset 3, -8
  35              		.cfi_offset 14, -4
  18:lockUnit.c    ****     isr_bikelock_StartEx(isr_bikelock);
  36              		.loc 1 18 0
  37 0002 0248     		ldr	r0, .L3
  38 0004 FFF7FEFF 		bl	isr_bikelock_StartEx
  39              	.LVL0:
ARM GAS  C:\Users\sebbe\AppData\Local\Temp\ccl0Jl23.s 			page 2


  40 0008 08BD     		pop	{r3, pc}
  41              	.L4:
  42 000a 00BF     		.align	2
  43              	.L3:
  44 000c 00000000 		.word	isr_bikelock
  45              		.cfi_endproc
  46              	.LFE64:
  47              		.size	initLockUnit, .-initLockUnit
  48              		.section	.text.unlockBike,"ax",%progbits
  49              		.align	2
  50              		.global	unlockBike
  51              		.thumb
  52              		.thumb_func
  53              		.type	unlockBike, %function
  54              	unlockBike:
  55              	.LFB65:
  19:lockUnit.c    **** }
  20:lockUnit.c    **** 
  21:lockUnit.c    **** void unlockBike()
  22:lockUnit.c    **** {
  56              		.loc 1 22 0
  57              		.cfi_startproc
  58              		@ args = 0, pretend = 0, frame = 0
  59              		@ frame_needed = 0, uses_anonymous_args = 0
  60 0000 08B5     		push	{r3, lr}
  61              		.cfi_def_cfa_offset 8
  62              		.cfi_offset 3, -8
  63              		.cfi_offset 14, -4
  23:lockUnit.c    ****    
  24:lockUnit.c    ****      //UART_1_PutString("\r\nMotor Laases op\n");
  25:lockUnit.c    ****      MotorLockTimer_Start();
  64              		.loc 1 25 0
  65 0002 FFF7FEFF 		bl	MotorLockTimer_Start
  66              	.LVL1:
  26:lockUnit.c    ****      In_1_Write(0);
  67              		.loc 1 26 0
  68 0006 0020     		movs	r0, #0
  69 0008 FFF7FEFF 		bl	In_1_Write
  70              	.LVL2:
  27:lockUnit.c    ****      In_2_Write(1);
  71              		.loc 1 27 0
  72 000c 0120     		movs	r0, #1
  73 000e FFF7FEFF 		bl	In_2_Write
  74              	.LVL3:
  28:lockUnit.c    ****      EA_Write(1); 
  75              		.loc 1 28 0
  76 0012 0120     		movs	r0, #1
  77 0014 FFF7FEFF 		bl	EA_Write
  78              	.LVL4:
  79 0018 08BD     		pop	{r3, pc}
  80              		.cfi_endproc
  81              	.LFE65:
  82              		.size	unlockBike, .-unlockBike
  83 001a 00BF     		.section	.text.lockBike,"ax",%progbits
  84              		.align	2
  85              		.global	lockBike
  86              		.thumb
ARM GAS  C:\Users\sebbe\AppData\Local\Temp\ccl0Jl23.s 			page 3


  87              		.thumb_func
  88              		.type	lockBike, %function
  89              	lockBike:
  90              	.LFB66:
  29:lockUnit.c    **** 
  30:lockUnit.c    ****  
  31:lockUnit.c    **** }
  32:lockUnit.c    **** 
  33:lockUnit.c    **** void lockBike()
  34:lockUnit.c    **** { 
  91              		.loc 1 34 0
  92              		.cfi_startproc
  93              		@ args = 0, pretend = 0, frame = 0
  94              		@ frame_needed = 0, uses_anonymous_args = 0
  95 0000 08B5     		push	{r3, lr}
  96              		.cfi_def_cfa_offset 8
  97              		.cfi_offset 3, -8
  98              		.cfi_offset 14, -4
  35:lockUnit.c    **** 
  36:lockUnit.c    ****         //UART_1_PutString("\r\nMotor Laases\n");
  37:lockUnit.c    ****         MotorLockTimer_Start();
  99              		.loc 1 37 0
 100 0002 FFF7FEFF 		bl	MotorLockTimer_Start
 101              	.LVL5:
  38:lockUnit.c    ****         In_1_Write(1);
 102              		.loc 1 38 0
 103 0006 0120     		movs	r0, #1
 104 0008 FFF7FEFF 		bl	In_1_Write
 105              	.LVL6:
  39:lockUnit.c    ****         In_2_Write(0);
 106              		.loc 1 39 0
 107 000c 0020     		movs	r0, #0
 108 000e FFF7FEFF 		bl	In_2_Write
 109              	.LVL7:
  40:lockUnit.c    ****         EA_Write(1);
 110              		.loc 1 40 0
 111 0012 0120     		movs	r0, #1
 112 0014 FFF7FEFF 		bl	EA_Write
 113              	.LVL8:
 114 0018 08BD     		pop	{r3, pc}
 115              		.cfi_endproc
 116              	.LFE66:
 117              		.size	lockBike, .-lockBike
 118 001a 00BF     		.section	.text.stopLockTimer,"ax",%progbits
 119              		.align	2
 120              		.global	stopLockTimer
 121              		.thumb
 122              		.thumb_func
 123              		.type	stopLockTimer, %function
 124              	stopLockTimer:
 125              	.LFB67:
  41:lockUnit.c    **** }
  42:lockUnit.c    **** 
  43:lockUnit.c    **** void stopLockTimer()
  44:lockUnit.c    **** {
 126              		.loc 1 44 0
 127              		.cfi_startproc
ARM GAS  C:\Users\sebbe\AppData\Local\Temp\ccl0Jl23.s 			page 4


 128              		@ args = 0, pretend = 0, frame = 0
 129              		@ frame_needed = 0, uses_anonymous_args = 0
 130 0000 08B5     		push	{r3, lr}
 131              		.cfi_def_cfa_offset 8
 132              		.cfi_offset 3, -8
 133              		.cfi_offset 14, -4
  45:lockUnit.c    ****   MotorLockTimer_Stop();
 134              		.loc 1 45 0
 135 0002 FFF7FEFF 		bl	MotorLockTimer_Stop
 136              	.LVL9:
 137 0006 08BD     		pop	{r3, pc}
 138              		.cfi_endproc
 139              	.LFE67:
 140              		.size	stopLockTimer, .-stopLockTimer
 141              		.text
 142              	.Letext0:
 143              		.file 2 "c:\\program files (x86)\\cypress\\psoc creator\\4.2\\psoc creator\\import\\gnu\\arm\\5.4.
 144              		.file 3 "c:\\program files (x86)\\cypress\\psoc creator\\4.2\\psoc creator\\import\\gnu\\arm\\5.4.
 145              		.file 4 "Generated_Source\\PSoC5/isr_bikelock.h"
 146              		.file 5 "Generated_Source\\PSoC5/MotorLockTimer.h"
 147              		.file 6 "Generated_Source\\PSoC5/In_1.h"
 148              		.file 7 "Generated_Source\\PSoC5/In_2.h"
 149              		.file 8 "Generated_Source\\PSoC5/EA.h"
 150              		.file 9 "Generated_Source\\PSoC5/core_cm3.h"
 151              		.section	.debug_info,"",%progbits
 152              	.Ldebug_info0:
 153 0000 DA010000 		.4byte	0x1da
 154 0004 0400     		.2byte	0x4
 155 0006 00000000 		.4byte	.Ldebug_abbrev0
 156 000a 04       		.byte	0x4
 157 000b 01       		.uleb128 0x1
 158 000c A8000000 		.4byte	.LASF26
 159 0010 0C       		.byte	0xc
 160 0011 80010000 		.4byte	.LASF27
 161 0015 4B000000 		.4byte	.LASF28
 162 0019 00000000 		.4byte	.Ldebug_ranges0+0
 163 001d 00000000 		.4byte	0
 164 0021 00000000 		.4byte	.Ldebug_line0
 165 0025 02       		.uleb128 0x2
 166 0026 01       		.byte	0x1
 167 0027 06       		.byte	0x6
 168 0028 0E020000 		.4byte	.LASF0
 169 002c 02       		.uleb128 0x2
 170 002d 01       		.byte	0x1
 171 002e 08       		.byte	0x8
 172 002f 9A000000 		.4byte	.LASF1
 173 0033 02       		.uleb128 0x2
 174 0034 02       		.byte	0x2
 175 0035 05       		.byte	0x5
 176 0036 EF010000 		.4byte	.LASF2
 177 003a 02       		.uleb128 0x2
 178 003b 02       		.byte	0x2
 179 003c 07       		.byte	0x7
 180 003d 53010000 		.4byte	.LASF3
 181 0041 03       		.uleb128 0x3
 182 0042 17000000 		.4byte	.LASF12
 183 0046 02       		.byte	0x2
ARM GAS  C:\Users\sebbe\AppData\Local\Temp\ccl0Jl23.s 			page 5


 184 0047 3F       		.byte	0x3f
 185 0048 4C000000 		.4byte	0x4c
 186 004c 02       		.uleb128 0x2
 187 004d 04       		.byte	0x4
 188 004e 05       		.byte	0x5
 189 004f F9010000 		.4byte	.LASF4
 190 0053 02       		.uleb128 0x2
 191 0054 04       		.byte	0x4
 192 0055 07       		.byte	0x7
 193 0056 41010000 		.4byte	.LASF5
 194 005a 02       		.uleb128 0x2
 195 005b 08       		.byte	0x8
 196 005c 05       		.byte	0x5
 197 005d DC010000 		.4byte	.LASF6
 198 0061 02       		.uleb128 0x2
 199 0062 08       		.byte	0x8
 200 0063 07       		.byte	0x7
 201 0064 B4010000 		.4byte	.LASF7
 202 0068 04       		.uleb128 0x4
 203 0069 04       		.byte	0x4
 204 006a 05       		.byte	0x5
 205 006b 696E7400 		.ascii	"int\000"
 206 006f 02       		.uleb128 0x2
 207 0070 04       		.byte	0x4
 208 0071 07       		.byte	0x7
 209 0072 A7010000 		.4byte	.LASF8
 210 0076 02       		.uleb128 0x2
 211 0077 08       		.byte	0x8
 212 0078 04       		.byte	0x4
 213 0079 02020000 		.4byte	.LASF9
 214 007d 02       		.uleb128 0x2
 215 007e 04       		.byte	0x4
 216 007f 07       		.byte	0x7
 217 0080 D3010000 		.4byte	.LASF10
 218 0084 02       		.uleb128 0x2
 219 0085 01       		.byte	0x1
 220 0086 08       		.byte	0x8
 221 0087 EA010000 		.4byte	.LASF11
 222 008b 03       		.uleb128 0x3
 223 008c CB010000 		.4byte	.LASF13
 224 0090 03       		.byte	0x3
 225 0091 2C       		.byte	0x2c
 226 0092 41000000 		.4byte	0x41
 227 0096 02       		.uleb128 0x2
 228 0097 04       		.byte	0x4
 229 0098 04       		.byte	0x4
 230 0099 94000000 		.4byte	.LASF14
 231 009d 02       		.uleb128 0x2
 232 009e 08       		.byte	0x8
 233 009f 04       		.byte	0x4
 234 00a0 8B010000 		.4byte	.LASF15
 235 00a4 05       		.uleb128 0x5
 236 00a5 73010000 		.4byte	.LASF16
 237 00a9 01       		.byte	0x1
 238 00aa 10       		.byte	0x10
 239 00ab 00000000 		.4byte	.LFB64
 240 00af 10000000 		.4byte	.LFE64-.LFB64
ARM GAS  C:\Users\sebbe\AppData\Local\Temp\ccl0Jl23.s 			page 6


 241 00b3 01       		.uleb128 0x1
 242 00b4 9C       		.byte	0x9c
 243 00b5 C3000000 		.4byte	0xc3
 244 00b9 06       		.uleb128 0x6
 245 00ba 08000000 		.4byte	.LVL0
 246 00be 9B010000 		.4byte	0x19b
 247 00c2 00       		.byte	0
 248 00c3 05       		.uleb128 0x5
 249 00c4 21000000 		.4byte	.LASF17
 250 00c8 01       		.byte	0x1
 251 00c9 15       		.byte	0x15
 252 00ca 00000000 		.4byte	.LFB65
 253 00ce 1A000000 		.4byte	.LFE65-.LFB65
 254 00d2 01       		.uleb128 0x1
 255 00d3 9C       		.byte	0x9c
 256 00d4 17010000 		.4byte	0x117
 257 00d8 06       		.uleb128 0x6
 258 00d9 06000000 		.4byte	.LVL1
 259 00dd A6010000 		.4byte	0x1a6
 260 00e1 07       		.uleb128 0x7
 261 00e2 0C000000 		.4byte	.LVL2
 262 00e6 B1010000 		.4byte	0x1b1
 263 00ea F4000000 		.4byte	0xf4
 264 00ee 08       		.uleb128 0x8
 265 00ef 01       		.uleb128 0x1
 266 00f0 50       		.byte	0x50
 267 00f1 01       		.uleb128 0x1
 268 00f2 30       		.byte	0x30
 269 00f3 00       		.byte	0
 270 00f4 07       		.uleb128 0x7
 271 00f5 12000000 		.4byte	.LVL3
 272 00f9 BC010000 		.4byte	0x1bc
 273 00fd 07010000 		.4byte	0x107
 274 0101 08       		.uleb128 0x8
 275 0102 01       		.uleb128 0x1
 276 0103 50       		.byte	0x50
 277 0104 01       		.uleb128 0x1
 278 0105 31       		.byte	0x31
 279 0106 00       		.byte	0
 280 0107 09       		.uleb128 0x9
 281 0108 18000000 		.4byte	.LVL4
 282 010c C7010000 		.4byte	0x1c7
 283 0110 08       		.uleb128 0x8
 284 0111 01       		.uleb128 0x1
 285 0112 50       		.byte	0x50
 286 0113 01       		.uleb128 0x1
 287 0114 31       		.byte	0x31
 288 0115 00       		.byte	0
 289 0116 00       		.byte	0
 290 0117 05       		.uleb128 0x5
 291 0118 2F020000 		.4byte	.LASF18
 292 011c 01       		.byte	0x1
 293 011d 21       		.byte	0x21
 294 011e 00000000 		.4byte	.LFB66
 295 0122 1A000000 		.4byte	.LFE66-.LFB66
 296 0126 01       		.uleb128 0x1
 297 0127 9C       		.byte	0x9c
ARM GAS  C:\Users\sebbe\AppData\Local\Temp\ccl0Jl23.s 			page 7


 298 0128 6B010000 		.4byte	0x16b
 299 012c 06       		.uleb128 0x6
 300 012d 06000000 		.4byte	.LVL5
 301 0131 A6010000 		.4byte	0x1a6
 302 0135 07       		.uleb128 0x7
 303 0136 0C000000 		.4byte	.LVL6
 304 013a B1010000 		.4byte	0x1b1
 305 013e 48010000 		.4byte	0x148
 306 0142 08       		.uleb128 0x8
 307 0143 01       		.uleb128 0x1
 308 0144 50       		.byte	0x50
 309 0145 01       		.uleb128 0x1
 310 0146 31       		.byte	0x31
 311 0147 00       		.byte	0
 312 0148 07       		.uleb128 0x7
 313 0149 12000000 		.4byte	.LVL7
 314 014d BC010000 		.4byte	0x1bc
 315 0151 5B010000 		.4byte	0x15b
 316 0155 08       		.uleb128 0x8
 317 0156 01       		.uleb128 0x1
 318 0157 50       		.byte	0x50
 319 0158 01       		.uleb128 0x1
 320 0159 30       		.byte	0x30
 321 015a 00       		.byte	0
 322 015b 09       		.uleb128 0x9
 323 015c 18000000 		.4byte	.LVL8
 324 0160 C7010000 		.4byte	0x1c7
 325 0164 08       		.uleb128 0x8
 326 0165 01       		.uleb128 0x1
 327 0166 50       		.byte	0x50
 328 0167 01       		.uleb128 0x1
 329 0168 31       		.byte	0x31
 330 0169 00       		.byte	0
 331 016a 00       		.byte	0
 332 016b 05       		.uleb128 0x5
 333 016c 00000000 		.4byte	.LASF19
 334 0170 01       		.byte	0x1
 335 0171 2B       		.byte	0x2b
 336 0172 00000000 		.4byte	.LFB67
 337 0176 08000000 		.4byte	.LFE67-.LFB67
 338 017a 01       		.uleb128 0x1
 339 017b 9C       		.byte	0x9c
 340 017c 8A010000 		.4byte	0x18a
 341 0180 06       		.uleb128 0x6
 342 0181 06000000 		.4byte	.LVL9
 343 0185 D2010000 		.4byte	0x1d2
 344 0189 00       		.byte	0
 345 018a 0A       		.uleb128 0xa
 346 018b 66010000 		.4byte	.LASF29
 347 018f 09       		.byte	0x9
 348 0190 1207     		.2byte	0x712
 349 0192 96010000 		.4byte	0x196
 350 0196 0B       		.uleb128 0xb
 351 0197 8B000000 		.4byte	0x8b
 352 019b 0C       		.uleb128 0xc
 353 019c 92010000 		.4byte	.LASF20
 354 01a0 92010000 		.4byte	.LASF20
ARM GAS  C:\Users\sebbe\AppData\Local\Temp\ccl0Jl23.s 			page 8


 355 01a4 04       		.byte	0x4
 356 01a5 18       		.byte	0x18
 357 01a6 0C       		.uleb128 0xc
 358 01a7 1A020000 		.4byte	.LASF21
 359 01ab 1A020000 		.4byte	.LASF21
 360 01af 05       		.byte	0x5
 361 01b0 5A       		.byte	0x5a
 362 01b1 0C       		.uleb128 0xc
 363 01b2 2C000000 		.4byte	.LASF22
 364 01b6 2C000000 		.4byte	.LASF22
 365 01ba 06       		.byte	0x6
 366 01bb 26       		.byte	0x26
 367 01bc 0C       		.uleb128 0xc
 368 01bd 36010000 		.4byte	.LASF23
 369 01c1 36010000 		.4byte	.LASF23
 370 01c5 07       		.byte	0x7
 371 01c6 26       		.byte	0x26
 372 01c7 0C       		.uleb128 0xc
 373 01c8 0E000000 		.4byte	.LASF24
 374 01cc 0E000000 		.4byte	.LASF24
 375 01d0 08       		.byte	0x8
 376 01d1 26       		.byte	0x26
 377 01d2 0C       		.uleb128 0xc
 378 01d3 37000000 		.4byte	.LASF25
 379 01d7 37000000 		.4byte	.LASF25
 380 01db 05       		.byte	0x5
 381 01dc 5B       		.byte	0x5b
 382 01dd 00       		.byte	0
 383              		.section	.debug_abbrev,"",%progbits
 384              	.Ldebug_abbrev0:
 385 0000 01       		.uleb128 0x1
 386 0001 11       		.uleb128 0x11
 387 0002 01       		.byte	0x1
 388 0003 25       		.uleb128 0x25
 389 0004 0E       		.uleb128 0xe
 390 0005 13       		.uleb128 0x13
 391 0006 0B       		.uleb128 0xb
 392 0007 03       		.uleb128 0x3
 393 0008 0E       		.uleb128 0xe
 394 0009 1B       		.uleb128 0x1b
 395 000a 0E       		.uleb128 0xe
 396 000b 55       		.uleb128 0x55
 397 000c 17       		.uleb128 0x17
 398 000d 11       		.uleb128 0x11
 399 000e 01       		.uleb128 0x1
 400 000f 10       		.uleb128 0x10
 401 0010 17       		.uleb128 0x17
 402 0011 00       		.byte	0
 403 0012 00       		.byte	0
 404 0013 02       		.uleb128 0x2
 405 0014 24       		.uleb128 0x24
 406 0015 00       		.byte	0
 407 0016 0B       		.uleb128 0xb
 408 0017 0B       		.uleb128 0xb
 409 0018 3E       		.uleb128 0x3e
 410 0019 0B       		.uleb128 0xb
 411 001a 03       		.uleb128 0x3
ARM GAS  C:\Users\sebbe\AppData\Local\Temp\ccl0Jl23.s 			page 9


 412 001b 0E       		.uleb128 0xe
 413 001c 00       		.byte	0
 414 001d 00       		.byte	0
 415 001e 03       		.uleb128 0x3
 416 001f 16       		.uleb128 0x16
 417 0020 00       		.byte	0
 418 0021 03       		.uleb128 0x3
 419 0022 0E       		.uleb128 0xe
 420 0023 3A       		.uleb128 0x3a
 421 0024 0B       		.uleb128 0xb
 422 0025 3B       		.uleb128 0x3b
 423 0026 0B       		.uleb128 0xb
 424 0027 49       		.uleb128 0x49
 425 0028 13       		.uleb128 0x13
 426 0029 00       		.byte	0
 427 002a 00       		.byte	0
 428 002b 04       		.uleb128 0x4
 429 002c 24       		.uleb128 0x24
 430 002d 00       		.byte	0
 431 002e 0B       		.uleb128 0xb
 432 002f 0B       		.uleb128 0xb
 433 0030 3E       		.uleb128 0x3e
 434 0031 0B       		.uleb128 0xb
 435 0032 03       		.uleb128 0x3
 436 0033 08       		.uleb128 0x8
 437 0034 00       		.byte	0
 438 0035 00       		.byte	0
 439 0036 05       		.uleb128 0x5
 440 0037 2E       		.uleb128 0x2e
 441 0038 01       		.byte	0x1
 442 0039 3F       		.uleb128 0x3f
 443 003a 19       		.uleb128 0x19
 444 003b 03       		.uleb128 0x3
 445 003c 0E       		.uleb128 0xe
 446 003d 3A       		.uleb128 0x3a
 447 003e 0B       		.uleb128 0xb
 448 003f 3B       		.uleb128 0x3b
 449 0040 0B       		.uleb128 0xb
 450 0041 11       		.uleb128 0x11
 451 0042 01       		.uleb128 0x1
 452 0043 12       		.uleb128 0x12
 453 0044 06       		.uleb128 0x6
 454 0045 40       		.uleb128 0x40
 455 0046 18       		.uleb128 0x18
 456 0047 9742     		.uleb128 0x2117
 457 0049 19       		.uleb128 0x19
 458 004a 01       		.uleb128 0x1
 459 004b 13       		.uleb128 0x13
 460 004c 00       		.byte	0
 461 004d 00       		.byte	0
 462 004e 06       		.uleb128 0x6
 463 004f 898201   		.uleb128 0x4109
 464 0052 00       		.byte	0
 465 0053 11       		.uleb128 0x11
 466 0054 01       		.uleb128 0x1
 467 0055 31       		.uleb128 0x31
 468 0056 13       		.uleb128 0x13
ARM GAS  C:\Users\sebbe\AppData\Local\Temp\ccl0Jl23.s 			page 10


 469 0057 00       		.byte	0
 470 0058 00       		.byte	0
 471 0059 07       		.uleb128 0x7
 472 005a 898201   		.uleb128 0x4109
 473 005d 01       		.byte	0x1
 474 005e 11       		.uleb128 0x11
 475 005f 01       		.uleb128 0x1
 476 0060 31       		.uleb128 0x31
 477 0061 13       		.uleb128 0x13
 478 0062 01       		.uleb128 0x1
 479 0063 13       		.uleb128 0x13
 480 0064 00       		.byte	0
 481 0065 00       		.byte	0
 482 0066 08       		.uleb128 0x8
 483 0067 8A8201   		.uleb128 0x410a
 484 006a 00       		.byte	0
 485 006b 02       		.uleb128 0x2
 486 006c 18       		.uleb128 0x18
 487 006d 9142     		.uleb128 0x2111
 488 006f 18       		.uleb128 0x18
 489 0070 00       		.byte	0
 490 0071 00       		.byte	0
 491 0072 09       		.uleb128 0x9
 492 0073 898201   		.uleb128 0x4109
 493 0076 01       		.byte	0x1
 494 0077 11       		.uleb128 0x11
 495 0078 01       		.uleb128 0x1
 496 0079 31       		.uleb128 0x31
 497 007a 13       		.uleb128 0x13
 498 007b 00       		.byte	0
 499 007c 00       		.byte	0
 500 007d 0A       		.uleb128 0xa
 501 007e 34       		.uleb128 0x34
 502 007f 00       		.byte	0
 503 0080 03       		.uleb128 0x3
 504 0081 0E       		.uleb128 0xe
 505 0082 3A       		.uleb128 0x3a
 506 0083 0B       		.uleb128 0xb
 507 0084 3B       		.uleb128 0x3b
 508 0085 05       		.uleb128 0x5
 509 0086 49       		.uleb128 0x49
 510 0087 13       		.uleb128 0x13
 511 0088 3F       		.uleb128 0x3f
 512 0089 19       		.uleb128 0x19
 513 008a 3C       		.uleb128 0x3c
 514 008b 19       		.uleb128 0x19
 515 008c 00       		.byte	0
 516 008d 00       		.byte	0
 517 008e 0B       		.uleb128 0xb
 518 008f 35       		.uleb128 0x35
 519 0090 00       		.byte	0
 520 0091 49       		.uleb128 0x49
 521 0092 13       		.uleb128 0x13
 522 0093 00       		.byte	0
 523 0094 00       		.byte	0
 524 0095 0C       		.uleb128 0xc
 525 0096 2E       		.uleb128 0x2e
ARM GAS  C:\Users\sebbe\AppData\Local\Temp\ccl0Jl23.s 			page 11


 526 0097 00       		.byte	0
 527 0098 3F       		.uleb128 0x3f
 528 0099 19       		.uleb128 0x19
 529 009a 3C       		.uleb128 0x3c
 530 009b 19       		.uleb128 0x19
 531 009c 6E       		.uleb128 0x6e
 532 009d 0E       		.uleb128 0xe
 533 009e 03       		.uleb128 0x3
 534 009f 0E       		.uleb128 0xe
 535 00a0 3A       		.uleb128 0x3a
 536 00a1 0B       		.uleb128 0xb
 537 00a2 3B       		.uleb128 0x3b
 538 00a3 0B       		.uleb128 0xb
 539 00a4 00       		.byte	0
 540 00a5 00       		.byte	0
 541 00a6 00       		.byte	0
 542              		.section	.debug_aranges,"",%progbits
 543 0000 34000000 		.4byte	0x34
 544 0004 0200     		.2byte	0x2
 545 0006 00000000 		.4byte	.Ldebug_info0
 546 000a 04       		.byte	0x4
 547 000b 00       		.byte	0
 548 000c 0000     		.2byte	0
 549 000e 0000     		.2byte	0
 550 0010 00000000 		.4byte	.LFB64
 551 0014 10000000 		.4byte	.LFE64-.LFB64
 552 0018 00000000 		.4byte	.LFB65
 553 001c 1A000000 		.4byte	.LFE65-.LFB65
 554 0020 00000000 		.4byte	.LFB66
 555 0024 1A000000 		.4byte	.LFE66-.LFB66
 556 0028 00000000 		.4byte	.LFB67
 557 002c 08000000 		.4byte	.LFE67-.LFB67
 558 0030 00000000 		.4byte	0
 559 0034 00000000 		.4byte	0
 560              		.section	.debug_ranges,"",%progbits
 561              	.Ldebug_ranges0:
 562 0000 00000000 		.4byte	.LFB64
 563 0004 10000000 		.4byte	.LFE64
 564 0008 00000000 		.4byte	.LFB65
 565 000c 1A000000 		.4byte	.LFE65
 566 0010 00000000 		.4byte	.LFB66
 567 0014 1A000000 		.4byte	.LFE66
 568 0018 00000000 		.4byte	.LFB67
 569 001c 08000000 		.4byte	.LFE67
 570 0020 00000000 		.4byte	0
 571 0024 00000000 		.4byte	0
 572              		.section	.debug_line,"",%progbits
 573              	.Ldebug_line0:
 574 0000 D1010000 		.section	.debug_str,"MS",%progbits,1
 574      02008501 
 574      00000201 
 574      FB0E0D00 
 574      01010101 
 575              	.LASF19:
 576 0000 73746F70 		.ascii	"stopLockTimer\000"
 576      4C6F636B 
 576      54696D65 
ARM GAS  C:\Users\sebbe\AppData\Local\Temp\ccl0Jl23.s 			page 12


 576      7200
 577              	.LASF24:
 578 000e 45415F57 		.ascii	"EA_Write\000"
 578      72697465 
 578      00
 579              	.LASF12:
 580 0017 5F5F696E 		.ascii	"__int32_t\000"
 580      7433325F 
 580      7400
 581              	.LASF17:
 582 0021 756E6C6F 		.ascii	"unlockBike\000"
 582      636B4269 
 582      6B6500
 583              	.LASF22:
 584 002c 496E5F31 		.ascii	"In_1_Write\000"
 584      5F577269 
 584      746500
 585              	.LASF25:
 586 0037 4D6F746F 		.ascii	"MotorLockTimer_Stop\000"
 586      724C6F63 
 586      6B54696D 
 586      65725F53 
 586      746F7000 
 587              	.LASF28:
 588 004b 433A5C55 		.ascii	"C:\\Users\\sebbe\\Desktop\\spi_slave_v15\\sensor_re"
 588      73657273 
 588      5C736562 
 588      62655C44 
 588      65736B74 
 589 0079 6164696E 		.ascii	"ading_unit\\spi_slave.cydsn\000"
 589      675F756E 
 589      69745C73 
 589      70695F73 
 589      6C617665 
 590              	.LASF14:
 591 0094 666C6F61 		.ascii	"float\000"
 591      7400
 592              	.LASF1:
 593 009a 756E7369 		.ascii	"unsigned char\000"
 593      676E6564 
 593      20636861 
 593      7200
 594              	.LASF26:
 595 00a8 474E5520 		.ascii	"GNU C11 5.4.1 20160609 (release) [ARM/embedded-5-br"
 595      43313120 
 595      352E342E 
 595      31203230 
 595      31363036 
 596 00db 616E6368 		.ascii	"anch revision 237715] -mcpu=cortex-m3 -mthumb -g -O"
 596      20726576 
 596      6973696F 
 596      6E203233 
 596      37373135 
 597 010e 67202D66 		.ascii	"g -ffunction-sections -ffat-lto-objects\000"
 597      66756E63 
 597      74696F6E 
 597      2D736563 
ARM GAS  C:\Users\sebbe\AppData\Local\Temp\ccl0Jl23.s 			page 13


 597      74696F6E 
 598              	.LASF23:
 599 0136 496E5F32 		.ascii	"In_2_Write\000"
 599      5F577269 
 599      746500
 600              	.LASF5:
 601 0141 6C6F6E67 		.ascii	"long unsigned int\000"
 601      20756E73 
 601      69676E65 
 601      6420696E 
 601      7400
 602              	.LASF3:
 603 0153 73686F72 		.ascii	"short unsigned int\000"
 603      7420756E 
 603      7369676E 
 603      65642069 
 603      6E7400
 604              	.LASF29:
 605 0166 49544D5F 		.ascii	"ITM_RxBuffer\000"
 605      52784275 
 605      66666572 
 605      00
 606              	.LASF16:
 607 0173 696E6974 		.ascii	"initLockUnit\000"
 607      4C6F636B 
 607      556E6974 
 607      00
 608              	.LASF27:
 609 0180 6C6F636B 		.ascii	"lockUnit.c\000"
 609      556E6974 
 609      2E6300
 610              	.LASF15:
 611 018b 646F7562 		.ascii	"double\000"
 611      6C6500
 612              	.LASF20:
 613 0192 6973725F 		.ascii	"isr_bikelock_StartEx\000"
 613      62696B65 
 613      6C6F636B 
 613      5F537461 
 613      72744578 
 614              	.LASF8:
 615 01a7 756E7369 		.ascii	"unsigned int\000"
 615      676E6564 
 615      20696E74 
 615      00
 616              	.LASF7:
 617 01b4 6C6F6E67 		.ascii	"long long unsigned int\000"
 617      206C6F6E 
 617      6720756E 
 617      7369676E 
 617      65642069 
 618              	.LASF13:
 619 01cb 696E7433 		.ascii	"int32_t\000"
 619      325F7400 
 620              	.LASF10:
 621 01d3 73697A65 		.ascii	"sizetype\000"
 621      74797065 
ARM GAS  C:\Users\sebbe\AppData\Local\Temp\ccl0Jl23.s 			page 14


 621      00
 622              	.LASF6:
 623 01dc 6C6F6E67 		.ascii	"long long int\000"
 623      206C6F6E 
 623      6720696E 
 623      7400
 624              	.LASF11:
 625 01ea 63686172 		.ascii	"char\000"
 625      00
 626              	.LASF2:
 627 01ef 73686F72 		.ascii	"short int\000"
 627      7420696E 
 627      7400
 628              	.LASF4:
 629 01f9 6C6F6E67 		.ascii	"long int\000"
 629      20696E74 
 629      00
 630              	.LASF9:
 631 0202 6C6F6E67 		.ascii	"long double\000"
 631      20646F75 
 631      626C6500 
 632              	.LASF0:
 633 020e 7369676E 		.ascii	"signed char\000"
 633      65642063 
 633      68617200 
 634              	.LASF21:
 635 021a 4D6F746F 		.ascii	"MotorLockTimer_Start\000"
 635      724C6F63 
 635      6B54696D 
 635      65725F53 
 635      74617274 
 636              	.LASF18:
 637 022f 6C6F636B 		.ascii	"lockBike\000"
 637      42696B65 
 637      00
 638              		.ident	"GCC: (GNU Tools for ARM Embedded Processors) 5.4.1 20160609 (release) [ARM/embedded-5-bran
