ARM GAS  C:\Users\sebbe\AppData\Local\Temp\ccwtmPWg.s 			page 1


   1              		.syntax unified
   2              		.cpu cortex-m3
   3              		.fpu softvfp
   4              		.eabi_attribute 20, 1
   5              		.eabi_attribute 21, 1
   6              		.eabi_attribute 23, 3
   7              		.eabi_attribute 24, 1
   8              		.eabi_attribute 25, 1
   9              		.eabi_attribute 26, 1
  10              		.eabi_attribute 30, 1
  11              		.eabi_attribute 34, 1
  12              		.eabi_attribute 18, 4
  13              		.thumb
  14              		.syntax unified
  15              		.file	"UART.c"
  16              		.text
  17              	.Ltext0:
  18              		.cfi_sections	.debug_frame
  19              		.section	.text.initUART,"ax",%progbits
  20              		.align	2
  21              		.global	initUART
  22              		.thumb
  23              		.thumb_func
  24              		.type	initUART, %function
  25              	initUART:
  26              	.LFB63:
  27              		.file 1 "UART.c"
   1:UART.c        **** /* ========================================
   2:UART.c        ****  *
   3:UART.c        ****  *
   4:UART.c        ****  *
   5:UART.c        ****  * ========================================
   6:UART.c        **** */
   7:UART.c        **** #include "UART.h"
   8:UART.c        **** 
   9:UART.c        **** 
  10:UART.c        **** void initUART()
  11:UART.c        **** {
  28              		.loc 1 11 0
  29              		.cfi_startproc
  30              		@ args = 0, pretend = 0, frame = 0
  31              		@ frame_needed = 0, uses_anonymous_args = 0
  32 0000 08B5     		push	{r3, lr}
  33              		.cfi_def_cfa_offset 8
  34              		.cfi_offset 3, -8
  35              		.cfi_offset 14, -4
  12:UART.c        ****     UART_1_Start();    //runs enable() and init() of the API 
  36              		.loc 1 12 0
  37 0002 FFF7FEFF 		bl	UART_1_Start
  38              	.LVL0:
  13:UART.c        ****     UART_rx_interrupt_StartEx(UART_rx_interrupt_handler);
  39              		.loc 1 13 0
  40 0006 0348     		ldr	r0, .L3
  41 0008 FFF7FEFF 		bl	UART_rx_interrupt_StartEx
  42              	.LVL1:
  14:UART.c        ****     UART_1_PutString("UART ready");
  43              		.loc 1 14 0
ARM GAS  C:\Users\sebbe\AppData\Local\Temp\ccwtmPWg.s 			page 2


  44 000c 0248     		ldr	r0, .L3+4
  45 000e FFF7FEFF 		bl	UART_1_PutString
  46              	.LVL2:
  47 0012 08BD     		pop	{r3, pc}
  48              	.L4:
  49              		.align	2
  50              	.L3:
  51 0014 00000000 		.word	UART_rx_interrupt_handler
  52 0018 00000000 		.word	.LC0
  53              		.cfi_endproc
  54              	.LFE63:
  55              		.size	initUART, .-initUART
  56              		.section	.rodata.str1.4,"aMS",%progbits,1
  57              		.align	2
  58              	.LC0:
  59 0000 55415254 		.ascii	"UART ready\000"
  59      20726561 
  59      647900
  60              		.text
  61              	.Letext0:
  62              		.file 2 "c:\\program files (x86)\\cypress\\psoc creator\\4.2\\psoc creator\\import\\gnu\\arm\\5.4.
  63              		.file 3 "c:\\program files (x86)\\cypress\\psoc creator\\4.2\\psoc creator\\import\\gnu\\arm\\5.4.
  64              		.file 4 "Generated_Source\\PSoC5/UART_1.h"
  65              		.file 5 "Generated_Source\\PSoC5/UART_rx_interrupt.h"
  66              		.file 6 "Generated_Source\\PSoC5/core_cm3.h"
  67              		.section	.debug_info,"",%progbits
  68              	.Ldebug_info0:
  69 0000 0E010000 		.4byte	0x10e
  70 0004 0400     		.2byte	0x4
  71 0006 00000000 		.4byte	.Ldebug_abbrev0
  72 000a 04       		.byte	0x4
  73 000b 01       		.uleb128 0x1
  74 000c 77000000 		.4byte	.LASF19
  75 0010 0C       		.byte	0xc
  76 0011 5F010000 		.4byte	.LASF20
  77 0015 2E000000 		.4byte	.LASF21
  78 0019 00000000 		.4byte	.Ldebug_ranges0+0
  79 001d 00000000 		.4byte	0
  80 0021 00000000 		.4byte	.Ldebug_line0
  81 0025 02       		.uleb128 0x2
  82 0026 01       		.byte	0x1
  83 0027 06       		.byte	0x6
  84 0028 8D010000 		.4byte	.LASF0
  85 002c 02       		.uleb128 0x2
  86 002d 01       		.byte	0x1
  87 002e 08       		.byte	0x8
  88 002f 4C010000 		.4byte	.LASF1
  89 0033 02       		.uleb128 0x2
  90 0034 02       		.byte	0x2
  91 0035 05       		.byte	0x5
  92 0036 6F010000 		.4byte	.LASF2
  93 003a 02       		.uleb128 0x2
  94 003b 02       		.byte	0x2
  95 003c 07       		.byte	0x7
  96 003d 0E000000 		.4byte	.LASF3
  97 0041 03       		.uleb128 0x3
  98 0042 A5010000 		.4byte	.LASF9
ARM GAS  C:\Users\sebbe\AppData\Local\Temp\ccwtmPWg.s 			page 3


  99 0046 02       		.byte	0x2
 100 0047 3F       		.byte	0x3f
 101 0048 4C000000 		.4byte	0x4c
 102 004c 02       		.uleb128 0x2
 103 004d 04       		.byte	0x4
 104 004e 05       		.byte	0x5
 105 004f 66010000 		.4byte	.LASF4
 106 0053 02       		.uleb128 0x2
 107 0054 04       		.byte	0x4
 108 0055 07       		.byte	0x7
 109 0056 05010000 		.4byte	.LASF5
 110 005a 02       		.uleb128 0x2
 111 005b 08       		.byte	0x8
 112 005c 05       		.byte	0x5
 113 005d 00000000 		.4byte	.LASF6
 114 0061 02       		.uleb128 0x2
 115 0062 08       		.byte	0x8
 116 0063 07       		.byte	0x7
 117 0064 17010000 		.4byte	.LASF7
 118 0068 04       		.uleb128 0x4
 119 0069 04       		.byte	0x4
 120 006a 05       		.byte	0x5
 121 006b 696E7400 		.ascii	"int\000"
 122 006f 02       		.uleb128 0x2
 123 0070 04       		.byte	0x4
 124 0071 07       		.byte	0x7
 125 0072 21000000 		.4byte	.LASF8
 126 0076 03       		.uleb128 0x3
 127 0077 BE010000 		.4byte	.LASF10
 128 007b 03       		.byte	0x3
 129 007c 2C       		.byte	0x2c
 130 007d 41000000 		.4byte	0x41
 131 0081 02       		.uleb128 0x2
 132 0082 04       		.byte	0x4
 133 0083 04       		.byte	0x4
 134 0084 AF010000 		.4byte	.LASF11
 135 0088 02       		.uleb128 0x2
 136 0089 08       		.byte	0x8
 137 008a 04       		.byte	0x4
 138 008b 79010000 		.4byte	.LASF12
 139 008f 02       		.uleb128 0x2
 140 0090 01       		.byte	0x1
 141 0091 08       		.byte	0x8
 142 0092 5A010000 		.4byte	.LASF13
 143 0096 02       		.uleb128 0x2
 144 0097 08       		.byte	0x8
 145 0098 04       		.byte	0x4
 146 0099 99010000 		.4byte	.LASF14
 147 009d 02       		.uleb128 0x2
 148 009e 04       		.byte	0x4
 149 009f 07       		.byte	0x7
 150 00a0 E0010000 		.4byte	.LASF15
 151 00a4 05       		.uleb128 0x5
 152 00a5 B5010000 		.4byte	.LASF22
 153 00a9 01       		.byte	0x1
 154 00aa 0A       		.byte	0xa
 155 00ab 00000000 		.4byte	.LFB63
ARM GAS  C:\Users\sebbe\AppData\Local\Temp\ccwtmPWg.s 			page 4


 156 00af 1C000000 		.4byte	.LFE63-.LFB63
 157 00b3 01       		.uleb128 0x1
 158 00b4 9C       		.byte	0x9c
 159 00b5 DF000000 		.4byte	0xdf
 160 00b9 06       		.uleb128 0x6
 161 00ba 06000000 		.4byte	.LVL0
 162 00be F0000000 		.4byte	0xf0
 163 00c2 06       		.uleb128 0x6
 164 00c3 0C000000 		.4byte	.LVL1
 165 00c7 FB000000 		.4byte	0xfb
 166 00cb 07       		.uleb128 0x7
 167 00cc 12000000 		.4byte	.LVL2
 168 00d0 06010000 		.4byte	0x106
 169 00d4 08       		.uleb128 0x8
 170 00d5 01       		.uleb128 0x1
 171 00d6 50       		.byte	0x50
 172 00d7 05       		.uleb128 0x5
 173 00d8 03       		.byte	0x3
 174 00d9 00000000 		.4byte	.LC0
 175 00dd 00       		.byte	0
 176 00de 00       		.byte	0
 177 00df 09       		.uleb128 0x9
 178 00e0 80010000 		.4byte	.LASF23
 179 00e4 06       		.byte	0x6
 180 00e5 1207     		.2byte	0x712
 181 00e7 EB000000 		.4byte	0xeb
 182 00eb 0A       		.uleb128 0xa
 183 00ec 76000000 		.4byte	0x76
 184 00f0 0B       		.uleb128 0xb
 185 00f1 3F010000 		.4byte	.LASF16
 186 00f5 3F010000 		.4byte	.LASF16
 187 00f9 04       		.byte	0x4
 188 00fa 54       		.byte	0x54
 189 00fb 0B       		.uleb128 0xb
 190 00fc C6010000 		.4byte	.LASF17
 191 0100 C6010000 		.4byte	.LASF17
 192 0104 05       		.byte	0x5
 193 0105 18       		.byte	0x18
 194 0106 0B       		.uleb128 0xb
 195 0107 2E010000 		.4byte	.LASF18
 196 010b 2E010000 		.4byte	.LASF18
 197 010f 04       		.byte	0x4
 198 0110 8B       		.byte	0x8b
 199 0111 00       		.byte	0
 200              		.section	.debug_abbrev,"",%progbits
 201              	.Ldebug_abbrev0:
 202 0000 01       		.uleb128 0x1
 203 0001 11       		.uleb128 0x11
 204 0002 01       		.byte	0x1
 205 0003 25       		.uleb128 0x25
 206 0004 0E       		.uleb128 0xe
 207 0005 13       		.uleb128 0x13
 208 0006 0B       		.uleb128 0xb
 209 0007 03       		.uleb128 0x3
 210 0008 0E       		.uleb128 0xe
 211 0009 1B       		.uleb128 0x1b
 212 000a 0E       		.uleb128 0xe
ARM GAS  C:\Users\sebbe\AppData\Local\Temp\ccwtmPWg.s 			page 5


 213 000b 55       		.uleb128 0x55
 214 000c 17       		.uleb128 0x17
 215 000d 11       		.uleb128 0x11
 216 000e 01       		.uleb128 0x1
 217 000f 10       		.uleb128 0x10
 218 0010 17       		.uleb128 0x17
 219 0011 00       		.byte	0
 220 0012 00       		.byte	0
 221 0013 02       		.uleb128 0x2
 222 0014 24       		.uleb128 0x24
 223 0015 00       		.byte	0
 224 0016 0B       		.uleb128 0xb
 225 0017 0B       		.uleb128 0xb
 226 0018 3E       		.uleb128 0x3e
 227 0019 0B       		.uleb128 0xb
 228 001a 03       		.uleb128 0x3
 229 001b 0E       		.uleb128 0xe
 230 001c 00       		.byte	0
 231 001d 00       		.byte	0
 232 001e 03       		.uleb128 0x3
 233 001f 16       		.uleb128 0x16
 234 0020 00       		.byte	0
 235 0021 03       		.uleb128 0x3
 236 0022 0E       		.uleb128 0xe
 237 0023 3A       		.uleb128 0x3a
 238 0024 0B       		.uleb128 0xb
 239 0025 3B       		.uleb128 0x3b
 240 0026 0B       		.uleb128 0xb
 241 0027 49       		.uleb128 0x49
 242 0028 13       		.uleb128 0x13
 243 0029 00       		.byte	0
 244 002a 00       		.byte	0
 245 002b 04       		.uleb128 0x4
 246 002c 24       		.uleb128 0x24
 247 002d 00       		.byte	0
 248 002e 0B       		.uleb128 0xb
 249 002f 0B       		.uleb128 0xb
 250 0030 3E       		.uleb128 0x3e
 251 0031 0B       		.uleb128 0xb
 252 0032 03       		.uleb128 0x3
 253 0033 08       		.uleb128 0x8
 254 0034 00       		.byte	0
 255 0035 00       		.byte	0
 256 0036 05       		.uleb128 0x5
 257 0037 2E       		.uleb128 0x2e
 258 0038 01       		.byte	0x1
 259 0039 3F       		.uleb128 0x3f
 260 003a 19       		.uleb128 0x19
 261 003b 03       		.uleb128 0x3
 262 003c 0E       		.uleb128 0xe
 263 003d 3A       		.uleb128 0x3a
 264 003e 0B       		.uleb128 0xb
 265 003f 3B       		.uleb128 0x3b
 266 0040 0B       		.uleb128 0xb
 267 0041 11       		.uleb128 0x11
 268 0042 01       		.uleb128 0x1
 269 0043 12       		.uleb128 0x12
ARM GAS  C:\Users\sebbe\AppData\Local\Temp\ccwtmPWg.s 			page 6


 270 0044 06       		.uleb128 0x6
 271 0045 40       		.uleb128 0x40
 272 0046 18       		.uleb128 0x18
 273 0047 9742     		.uleb128 0x2117
 274 0049 19       		.uleb128 0x19
 275 004a 01       		.uleb128 0x1
 276 004b 13       		.uleb128 0x13
 277 004c 00       		.byte	0
 278 004d 00       		.byte	0
 279 004e 06       		.uleb128 0x6
 280 004f 898201   		.uleb128 0x4109
 281 0052 00       		.byte	0
 282 0053 11       		.uleb128 0x11
 283 0054 01       		.uleb128 0x1
 284 0055 31       		.uleb128 0x31
 285 0056 13       		.uleb128 0x13
 286 0057 00       		.byte	0
 287 0058 00       		.byte	0
 288 0059 07       		.uleb128 0x7
 289 005a 898201   		.uleb128 0x4109
 290 005d 01       		.byte	0x1
 291 005e 11       		.uleb128 0x11
 292 005f 01       		.uleb128 0x1
 293 0060 31       		.uleb128 0x31
 294 0061 13       		.uleb128 0x13
 295 0062 00       		.byte	0
 296 0063 00       		.byte	0
 297 0064 08       		.uleb128 0x8
 298 0065 8A8201   		.uleb128 0x410a
 299 0068 00       		.byte	0
 300 0069 02       		.uleb128 0x2
 301 006a 18       		.uleb128 0x18
 302 006b 9142     		.uleb128 0x2111
 303 006d 18       		.uleb128 0x18
 304 006e 00       		.byte	0
 305 006f 00       		.byte	0
 306 0070 09       		.uleb128 0x9
 307 0071 34       		.uleb128 0x34
 308 0072 00       		.byte	0
 309 0073 03       		.uleb128 0x3
 310 0074 0E       		.uleb128 0xe
 311 0075 3A       		.uleb128 0x3a
 312 0076 0B       		.uleb128 0xb
 313 0077 3B       		.uleb128 0x3b
 314 0078 05       		.uleb128 0x5
 315 0079 49       		.uleb128 0x49
 316 007a 13       		.uleb128 0x13
 317 007b 3F       		.uleb128 0x3f
 318 007c 19       		.uleb128 0x19
 319 007d 3C       		.uleb128 0x3c
 320 007e 19       		.uleb128 0x19
 321 007f 00       		.byte	0
 322 0080 00       		.byte	0
 323 0081 0A       		.uleb128 0xa
 324 0082 35       		.uleb128 0x35
 325 0083 00       		.byte	0
 326 0084 49       		.uleb128 0x49
ARM GAS  C:\Users\sebbe\AppData\Local\Temp\ccwtmPWg.s 			page 7


 327 0085 13       		.uleb128 0x13
 328 0086 00       		.byte	0
 329 0087 00       		.byte	0
 330 0088 0B       		.uleb128 0xb
 331 0089 2E       		.uleb128 0x2e
 332 008a 00       		.byte	0
 333 008b 3F       		.uleb128 0x3f
 334 008c 19       		.uleb128 0x19
 335 008d 3C       		.uleb128 0x3c
 336 008e 19       		.uleb128 0x19
 337 008f 6E       		.uleb128 0x6e
 338 0090 0E       		.uleb128 0xe
 339 0091 03       		.uleb128 0x3
 340 0092 0E       		.uleb128 0xe
 341 0093 3A       		.uleb128 0x3a
 342 0094 0B       		.uleb128 0xb
 343 0095 3B       		.uleb128 0x3b
 344 0096 0B       		.uleb128 0xb
 345 0097 00       		.byte	0
 346 0098 00       		.byte	0
 347 0099 00       		.byte	0
 348              		.section	.debug_aranges,"",%progbits
 349 0000 1C000000 		.4byte	0x1c
 350 0004 0200     		.2byte	0x2
 351 0006 00000000 		.4byte	.Ldebug_info0
 352 000a 04       		.byte	0x4
 353 000b 00       		.byte	0
 354 000c 0000     		.2byte	0
 355 000e 0000     		.2byte	0
 356 0010 00000000 		.4byte	.LFB63
 357 0014 1C000000 		.4byte	.LFE63-.LFB63
 358 0018 00000000 		.4byte	0
 359 001c 00000000 		.4byte	0
 360              		.section	.debug_ranges,"",%progbits
 361              	.Ldebug_ranges0:
 362 0000 00000000 		.4byte	.LFB63
 363 0004 1C000000 		.4byte	.LFE63
 364 0008 00000000 		.4byte	0
 365 000c 00000000 		.4byte	0
 366              		.section	.debug_line,"",%progbits
 367              	.Ldebug_line0:
 368 0000 7A010000 		.section	.debug_str,"MS",%progbits,1
 368      02006201 
 368      00000201 
 368      FB0E0D00 
 368      01010101 
 369              	.LASF6:
 370 0000 6C6F6E67 		.ascii	"long long int\000"
 370      206C6F6E 
 370      6720696E 
 370      7400
 371              	.LASF3:
 372 000e 73686F72 		.ascii	"short unsigned int\000"
 372      7420756E 
 372      7369676E 
 372      65642069 
 372      6E7400
ARM GAS  C:\Users\sebbe\AppData\Local\Temp\ccwtmPWg.s 			page 8


 373              	.LASF8:
 374 0021 756E7369 		.ascii	"unsigned int\000"
 374      676E6564 
 374      20696E74 
 374      00
 375              	.LASF21:
 376 002e 433A5C55 		.ascii	"C:\\Users\\sebbe\\Desktop\\spi_slave_v15\\sensor_re"
 376      73657273 
 376      5C736562 
 376      62655C44 
 376      65736B74 
 377 005c 6164696E 		.ascii	"ading_unit\\spi_slave.cydsn\000"
 377      675F756E 
 377      69745C73 
 377      70695F73 
 377      6C617665 
 378              	.LASF19:
 379 0077 474E5520 		.ascii	"GNU C11 5.4.1 20160609 (release) [ARM/embedded-5-br"
 379      43313120 
 379      352E342E 
 379      31203230 
 379      31363036 
 380 00aa 616E6368 		.ascii	"anch revision 237715] -mcpu=cortex-m3 -mthumb -g -O"
 380      20726576 
 380      6973696F 
 380      6E203233 
 380      37373135 
 381 00dd 67202D66 		.ascii	"g -ffunction-sections -ffat-lto-objects\000"
 381      66756E63 
 381      74696F6E 
 381      2D736563 
 381      74696F6E 
 382              	.LASF5:
 383 0105 6C6F6E67 		.ascii	"long unsigned int\000"
 383      20756E73 
 383      69676E65 
 383      6420696E 
 383      7400
 384              	.LASF7:
 385 0117 6C6F6E67 		.ascii	"long long unsigned int\000"
 385      206C6F6E 
 385      6720756E 
 385      7369676E 
 385      65642069 
 386              	.LASF18:
 387 012e 55415254 		.ascii	"UART_1_PutString\000"
 387      5F315F50 
 387      75745374 
 387      72696E67 
 387      00
 388              	.LASF16:
 389 013f 55415254 		.ascii	"UART_1_Start\000"
 389      5F315F53 
 389      74617274 
 389      00
 390              	.LASF1:
 391 014c 756E7369 		.ascii	"unsigned char\000"
ARM GAS  C:\Users\sebbe\AppData\Local\Temp\ccwtmPWg.s 			page 9


 391      676E6564 
 391      20636861 
 391      7200
 392              	.LASF13:
 393 015a 63686172 		.ascii	"char\000"
 393      00
 394              	.LASF20:
 395 015f 55415254 		.ascii	"UART.c\000"
 395      2E6300
 396              	.LASF4:
 397 0166 6C6F6E67 		.ascii	"long int\000"
 397      20696E74 
 397      00
 398              	.LASF2:
 399 016f 73686F72 		.ascii	"short int\000"
 399      7420696E 
 399      7400
 400              	.LASF12:
 401 0179 646F7562 		.ascii	"double\000"
 401      6C6500
 402              	.LASF23:
 403 0180 49544D5F 		.ascii	"ITM_RxBuffer\000"
 403      52784275 
 403      66666572 
 403      00
 404              	.LASF0:
 405 018d 7369676E 		.ascii	"signed char\000"
 405      65642063 
 405      68617200 
 406              	.LASF14:
 407 0199 6C6F6E67 		.ascii	"long double\000"
 407      20646F75 
 407      626C6500 
 408              	.LASF9:
 409 01a5 5F5F696E 		.ascii	"__int32_t\000"
 409      7433325F 
 409      7400
 410              	.LASF11:
 411 01af 666C6F61 		.ascii	"float\000"
 411      7400
 412              	.LASF22:
 413 01b5 696E6974 		.ascii	"initUART\000"
 413      55415254 
 413      00
 414              	.LASF10:
 415 01be 696E7433 		.ascii	"int32_t\000"
 415      325F7400 
 416              	.LASF17:
 417 01c6 55415254 		.ascii	"UART_rx_interrupt_StartEx\000"
 417      5F72785F 
 417      696E7465 
 417      72727570 
 417      745F5374 
 418              	.LASF15:
 419 01e0 73697A65 		.ascii	"sizetype\000"
 419      74797065 
 419      00
ARM GAS  C:\Users\sebbe\AppData\Local\Temp\ccwtmPWg.s 			page 10


 420              		.ident	"GCC: (GNU Tools for ARM Embedded Processors) 5.4.1 20160609 (release) [ARM/embedded-5-bran
